
  N   = 6,  Na  = 3,  Nb  = 3
  Mo  = 6,  Mv  = 17

 it   0     E = -29.2458955111
 it   1     E = -39.0267098338    dE =   -9.7808143226    dD =    9.8701118914
 it   2     E = -39.0410549436    dE =   -0.0143451098    dD =    0.0330939965
 it   3     E = -39.0424807212    dE =   -0.0014257776    dD =    0.0037200340
 it   4     E = -39.0426660506    dE =   -0.0001853294    dD =    0.0005146757
 it   5     E = -39.0426938041    dE =   -0.0000277535    dD =    0.0000789009
 it   6     E = -39.0426982361    dE =   -0.0000044319    dD =    0.0000126981
 it   7     E = -39.0426989681    dE =   -0.0000007321    dD =    0.0000021041
 it   8     E = -39.0426990920    dE =   -0.0000001239    dD =    0.0000003569
 it   9     E = -39.0426991134    dE =   -0.0000000214    dD =    0.0000000618
 it  10     E = -39.0426991171    dE =   -0.0000000038    dD =    0.0000000109
 it  11     E = -39.0426991178    dE =   -0.0000000007    dD =    0.0000000020
 it  12     E = -39.0426991179    dE =   -0.0000000001    dD =    0.0000000004
 it  13     E = -39.0426991180    dE =   -0.0000000000    dD =    0.0000000001
 it  14     E = -39.0426991180    dE =   -0.0000000000    dD =    0.0000000000
 it  15     E = -39.0426991180    dE =   -0.0000000000    dD =    0.0000000000
 it  16     E = -39.0426991180    dE =   -0.0000000000    dD =    0.0000000000
 it  17     E = -39.0426991180    dE =   -0.0000000000    dD =    0.0000000000

 (E0   =       -29.2458955111)
 (E0+1 =       -38.9021533997)
 (E2   =        -0.1405457182)
  E    =       -39.0426991180
 <S^2> : 0.0000 / 0.0000

  alpha:
                 e:    -0.9350477631  -0.5555808563  -0.3836893983   0.0033084889   0.2865016547   0.3230256833
    N   atom  l  m             1 (o)          2 (o)          3 (o)          4 (v)          5 (v)          6 (v)      
    1      1  0  0      0.7856267542  -0.0000000000   0.4743524971   0.0000000000  -0.0000000000  -0.3972156991
    2      1  1 -1      0.0000000000   0.6908752691   0.0000000000   0.0000000000  -0.7229739708   0.0000000000
    3      1  1  0     -0.2132393817  -0.0000000000   0.8102769956   0.0000000000   0.0000000000   0.5458755870
    4      1  1  1      0.0000000000   0.0000000000   0.0000000000   1.0000000000   0.0000000000   0.0000000000
    5      2  0  0      0.4106820967   0.5112197974  -0.2433525209   0.0000000000   0.4885225878   0.5216510002
    6      3  0  0      0.4106820967  -0.5112197974  -0.2433525209   0.0000000000  -0.4885225878   0.5216510002

  beta:
                 e:    -0.9350477631  -0.5555808563  -0.3836893983   0.0033084889   0.2865016547   0.3230256833
    N   atom  l  m             1 (o)          2 (o)          3 (o)          4 (v)          5 (v)          6 (v)      
    1      1  0  0      0.7856267542  -0.0000000000   0.4743524971   0.0000000000  -0.0000000000  -0.3972156991
    2      1  1 -1      0.0000000000   0.6908752691   0.0000000000   0.0000000000  -0.7229739708   0.0000000000
    3      1  1  0     -0.2132393817  -0.0000000000   0.8102769956   0.0000000000   0.0000000000   0.5458755870
    4      1  1  1      0.0000000000   0.0000000000   0.0000000000   1.0000000000   0.0000000000   0.0000000000
    5      2  0  0      0.4106820967   0.5112197974  -0.2433525209   0.0000000000   0.4885225878   0.5216510002
    6      3  0  0      0.4106820967  -0.5112197974  -0.2433525209   0.0000000000  -0.4885225878   0.5216510002

