
  N   = 6,  Na  = 4,  Nb  = 2
  Mo  = 6,  Mv  = 17

 it   0     E = -29.1463120366
 it   1     E = -39.0306604155    dE =   -9.8843483789    dD =  8.32e+00
 it   2     E = -39.0702969635    dE =   -0.0396365480    dD =  6.03e-02
 it   3     E = -39.0748664386    dE =   -0.0045694751    dD =  5.63e-03
 it   4     E = -39.0758384532    dE =   -0.0009720146    dD =  6.72e-04
 it   5     E = -39.0761899700    dE =   -0.0003515168    dD =  1.32e-04
 it   6     E = -39.0763432403    dE =   -0.0001532703    dD =  4.03e-05
 it   7     E = -39.0764132395    dE =   -0.0000699992    dD =  1.59e-05
 it   8     E = -39.0764455582    dE =   -0.0000323186    dD =  6.94e-06
 it   9     E = -39.0764605163    dE =   -0.0000149582    dD =  3.16e-06
 it  10     E = -39.0764674423    dE =   -0.0000069259    dD =  1.47e-06
 it  11     E = -39.0764706489    dE =   -0.0000032066    dD =  6.82e-07
 it  12     E = -39.0764721333    dE =   -0.0000014844    dD =  3.17e-07
 it  13     E = -39.0764728203    dE =   -0.0000006870    dD =  1.48e-07
 it  14     E = -39.0764731383    dE =   -0.0000003180    dD =  6.86e-08
 it  15     E = -39.0764732854    dE =   -0.0000001471    dD =  3.19e-08
 it  16     E = -39.0764733535    dE =   -0.0000000681    dD =  1.48e-08
 it  17     E = -39.0764733850    dE =   -0.0000000315    dD =  6.85e-09
 it  18     E = -39.0764733996    dE =   -0.0000000146    dD =  3.18e-09
 it  19     E = -39.0764734063    dE =   -0.0000000067    dD =  1.47e-09
 it  20     E = -39.0764734094    dE =   -0.0000000031    dD =  6.81e-10
 it  21     E = -39.0764734109    dE =   -0.0000000014    dD =  3.15e-10
 it  22     E = -39.0764734116    dE =   -0.0000000007    dD =  1.46e-10
 it  23     E = -39.0764734119    dE =   -0.0000000003    dD =  6.75e-11
 it  24     E = -39.0764734120    dE =   -0.0000000001    dD =  3.12e-11
 it  25     E = -39.0764734121    dE =   -0.0000000001    dD =  1.45e-11
 it  26     E = -39.0764734121    dE =   -0.0000000000    dD =  6.69e-12
 it  27     E = -39.0764734121    dE =   -0.0000000000    dD =  3.10e-12
 it  28     E = -39.0764734121    dE =   -0.0000000000    dD =  1.43e-12
 it  29     E = -39.0764734121    dE =   -0.0000000000    dD =  6.63e-13
 it  30     E = -39.0764734121    dE =   -0.0000000000    dD =  3.07e-13
 it  31     E = -39.0764734121    dE =   -0.0000000000    dD =  1.42e-13
 it  32     E = -39.0764734121    dE =   -0.0000000000    dD =  6.56e-14

 (E0   =       -29.1463120366)
 (E0+1 =       -38.9393597857)
 (E2   =        -0.1371136264)
  E    =       -39.0764734121
 <S^2> : 2.0128 / 2.0000

  alpha:
                 e:    -1.0083488842  -0.6095142412  -0.4412942416  -0.4041500553   0.2690681705   0.3609923301
    N   atom  l  m             1 (o)          2 (o)          3 (o)          4 (o)          5 (v)          6 (v)      
    1      1  0  0      0.8686119287  -0.0000000000   0.2560515847   0.0000000000  -0.4242062038  -0.0000000000
    2      1  1 -1      0.0000000000   0.7264662427   0.0000000000   0.0000000000   0.0000000000  -0.6872021523
    3      1  1  0     -0.0814979863  -0.0000000000   0.9182983042   0.0000000000   0.3874097349   0.0000000000
    4      1  1  1      0.0000000000   0.0000000000   0.0000000000   1.0000000000   0.0000000000   0.0000000000
    5      2  0  0      0.3455947016   0.4859253020  -0.2135015345   0.0000000000   0.5787757744   0.5136892065
    6      3  0  0      0.3455947016  -0.4859253020  -0.2135015345   0.0000000000   0.5787757744  -0.5136892065

  beta:
                 e:    -0.8800449628  -0.5919472781   0.0576553973   0.0930684409   0.2960094342   0.3960069842
    N   atom  l  m             1 (o)          2 (o)          3 (v)          4 (v)          5 (v)          6 (v)      
    1      1  0  0      0.7954581357  -0.0000000000   0.3712236488   0.0000000000  -0.4789982849   0.0000000000
    2      1  1 -1      0.0000000000   0.6775047696   0.0000000000   0.0000000000  -0.0000000000  -0.7355183799
    3      1  1  0     -0.1414319584   0.0000000000   0.8823093295   0.0000000000   0.4489178635  -0.0000000000
    4      1  1  1      0.0000000000   0.0000000000   0.0000000000   1.0000000000   0.0000000000   0.0000000000
    5      2  0  0      0.4166793465   0.5200900341  -0.2046011359   0.0000000000   0.5334010662   0.4790682168
    6      3  0  0      0.4166793465  -0.5200900341  -0.2046011359   0.0000000000   0.5334010662  -0.4790682168

