
v180708
conv:1.000000e-08
it:32,8

  N   = 6,  Na  = 4,  Nb  = 2
  Mo  = 6,  Mv  = 17

 it   1     E =    -39.0306604155                                                Rmax =  9.88e-02
 it   2     E =    -39.0702969635    dE =     -0.0396365480    dD =  4.83e-02    Rmax =  3.25e-02
 it   3     E =    -39.0755769933    dE =     -0.0052800298    dD =  1.96e-02    Rmax =  6.07e-03
 it   4     E =    -39.0763616517    dE =     -0.0007846585    dD =  4.67e-03    Rmax =  2.66e-03
 it   5     E =    -39.0764714698    dE =     -0.0001098180    dD =  2.05e-03    Rmax =  5.58e-04
 it   6     E =    -39.0764733573    dE =     -0.0000018875    dD =  3.42e-04    Rmax =  6.92e-05
 it   7     E =    -39.0764734109    dE =     -0.0000000537    dD =  8.40e-05    Rmax =  1.09e-05
 it   8     E =    -39.0764734121    dE =     -0.0000000012    dD =  1.25e-05    Rmax =  1.50e-06
 it   9     E =    -39.0764734121    dE =     -0.0000000000    dD =  1.58e-06    Rmax =  9.32e-08
 it  10     E =    -39.0764734121    dE =     -0.0000000000    dD =  4.21e-08    Rmax =  3.16e-09
 it  11     E =    -39.0764734121    dE =      0.0000000000    dD =  3.23e-09    Rmax =  4.08e-12
converged

 (E0   =       -29.1463120366)
 (E0+1 =       -38.9393597883)
 (E2   =        -0.1371136239)
  E    =       -39.0764734121
 dipole:  +0.000000  -0.000000  -0.282466
 <S^2> :  2.0128 / 2.0000

  alpha:
                 e:    -1.0083489291  -0.6095141681  -0.4412942556  -0.4041500859   0.2690682755   0.3609924118
    N   atom  l  m             1 (o)          2 (o)          3 (o)          4 (o)          5 (v)          6 (v)      
    1      1  0  0      0.8686120425  -0.0000000000   0.2560513503   0.0000000000  -0.4242061123   0.0000000000
    2      1  1 -1      0.0000000000   0.7264664697  -0.0000000000   0.0000000000  -0.0000000000  -0.6872019124
    3      1  1  0     -0.0814979593   0.0000000000   0.9182984375   0.0000000000   0.3874094248  -0.0000000000
    4      1  1  1      0.0000000000   0.0000000000   0.0000000000   1.0000000000   0.0000000000   0.0000000000
    5      2  0  0      0.3455945618   0.4859251323  -0.2135013885   0.0000000000   0.5787759117   0.5136893671
    6      3  0  0      0.3455945618  -0.4859251323  -0.2135013885   0.0000000000   0.5787759117  -0.5136893671

  beta:
                 e:    -0.8800449874  -0.5919473648   0.0576554079   0.0930684761   0.2960093471   0.3960069283
    N   atom  l  m             1 (o)          2 (o)          3 (v)          4 (v)          5 (v)          6 (v)      
    1      1  0  0      0.7954580026  -0.0000000000   0.3712238541   0.0000000000  -0.4789983468   0.0000000000
    2      1  1 -1      0.0000000000   0.6775045535  -0.0000000000   0.0000000000  -0.0000000000  -0.7355185789
    3      1  1  0     -0.1414319407   0.0000000000   0.8823091896   0.0000000000   0.4489181440  -0.0000000000
    4      1  1  1      0.0000000000   0.0000000000   0.0000000000   1.0000000000   0.0000000000   0.0000000000
    5      2  0  0      0.4166794765   0.5200901748  -0.2046012513   0.0000000000   0.5334009204   0.4790680641
    6      3  0  0      0.4166794765  -0.5200901748  -0.2046012513   0.0000000000   0.5334009204  -0.4790680641

charges:
   1( 6)   -0.309485
   2( 1)   +0.154743
   3( 1)   +0.154743

bonds:
   1( 6)    2( 1)   0.945328
   1( 6)    3( 1)   0.945328


TIME: 0.00 sec  (0.00 min)

