 Priroda 11 (2011.08.21)
 copyright (c) D.N. Laikov

 date: Tue Sep  5 00:42:50 2017

 node  0: 'hghscncs'

 Memory: 32m + 32m (32m + 32m)


 molecule input: ''
 3 atoms, 8 electrons

 Atomic Coordinates:
   6     0.00000000   0.00000000   0.27765297
   1     0.00000000   0.98303089  -0.13882649
   1     0.00000000  -0.98303089  -0.13882649
 #
  formula: H2C
  internuclear distances:
  C1    |  H1   : 1.06762  H2   : 1.06762
  H1    |  C1   : 1.06762
  H2    |  C1   : 1.06762
     largest =    1.96606


 qm file: './qm_m.in'
 N=23 Ne=4,2
 NR=189+528,57+368,0
 it= 0: E= -39.0306604155 g=0.1718949473 x=0.1003261011 n=6
 it= 1: E= -39.0584586914 g=0.1053668804 x=0.1007811948 n=6
 it= 2: E= -39.0730985527 g=0.0417291295 x=0.0907421408 n=6
 it= 3: E= -39.0764713574 g=0.0010803100 x=0.0021213161 n=6
 it= 4: E= -39.0764734121 g=0.0000007419 x=0.0000017143 n=6
 it= 5: E= -39.0764734121 g=0.0000000000 x=0.0000000000 n=0

          e: -1.00835 -0.60951 -0.44129 -0.40415  0.26907  0.36099
   i at l  m      1        2        3        4 o      5 v      6  
   1  1 0  0  0.86861 -0.00000  0.25605  0.00000 -0.42421 -0.00000
   2  1 1  0 -0.08150  0.00000  0.91830  0.00000  0.38741 -0.00000
   3  1 1 +1  0.00000  0.00000  0.00000  1.00000  0.00000  0.00000
   4  1 1 -1  0.00000  0.72647  0.00000  0.00000 -0.00000  0.68720
   5  2 0  0  0.34559  0.48593 -0.21350  0.00000  0.57878 -0.51369
   6  3 0  0  0.34559 -0.48593 -0.21350  0.00000  0.57878  0.51369

          e: -0.88004 -0.59195  0.05766  0.09307  0.29601  0.39601
   i at l  m      1        2 o      3 v      4        5        6  
   1  1 0  0  0.79546  0.00000  0.37122  0.00000 -0.47900 -0.00000
   2  1 1  0 -0.14143  0.00000  0.88231  0.00000  0.44892  0.00000
   3  1 1 +1  0.00000  0.00000  0.00000  1.00000  0.00000  0.00000
   4  1 1 -1  0.00000  0.67750 -0.00000  0.00000  0.00000  0.73552
   5  2 0  0  0.41668  0.52009 -0.20460  0.00000  0.53340 -0.47907
   6  3 0  0  0.41668 -0.52009 -0.20460  0.00000  0.53340  0.47907
 time: Energy                           :     0.0 100.0%     0.0


eng>$Energy
eng> E=-3.907647341213e+01
eng> D= 0.00000000e+00  1.94289029e-16 -2.82466358e-01
eng>$end


 ============================================================

 Memory used =     7432 KB
  Disk  used =     4567 KB,          4567 KB written,         4548 KB read

 CPU  time =    0.06 sec =  0.00 min = 0.00 hr =     inf%
 REAL time =    0.00 sec =  0.00 min = 0.00 hr
 ratio     =     inf%

 date: Tue Sep  5 00:42:50 2017

 time: Energy                           :     0.0 100.0%     0.0
