 Priroda 11 (2011.08.21)
 copyright (c) D.N. Laikov

 date: Tue Sep  5 00:42:50 2017

 node  0: 'hghscncs'

 Memory: 32m + 32m (32m + 32m)


 molecule input: ''
 3 atoms, 8 electrons

 Atomic Coordinates:
   6     0.00000000   0.00000000   0.46456090
   1     0.00000000   0.85915351  -0.23228045
   1     0.00000000  -0.85915351  -0.23228045
 #
  formula: H2C
  internuclear distances:
  C1    |  H1   : 1.10622  H2   : 1.10622
  H1    |  C1   : 1.10622
  H2    |  C1   : 1.10622
     largest =    1.71831


 qm file: './qm_m.in'
 N=23 Ne=3,3
 NR=189+528,57+368,0
 it= 0: E= -39.0267098338 g=0.1456127499 x=0.1005113932 n=3
 it= 1: E= -39.0423957515 g=0.0173584084 x=0.0182586344 n=3
 it= 2: E= -39.0426991117 g=0.0000773131 x=0.0000819747 n=3
 it= 3: E= -39.0426991180 g=0.0000000014 x=0.0000000017 n=3
 it= 4: E= -39.0426991180 g=0.0000000000 x=0.0000000000 n=0

          e: -0.93505 -0.55558 -0.38369  0.00331  0.28650  0.32303
   i at l  m      1        2        3 o      4 v      5        6  
   1  1 0  0  0.78563 -0.00000  0.47435  0.00000 -0.00000 -0.39722
   2  1 1  0 -0.21324  0.00000  0.81028  0.00000  0.00000  0.54588
   3  1 1 +1  0.00000  0.00000  0.00000  1.00000  0.00000  0.00000
   4  1 1 -1  0.00000  0.69088 -0.00000  0.00000  0.72297 -0.00000
   5  2 0  0  0.41068  0.51122 -0.24335  0.00000 -0.48852  0.52165
   6  3 0  0  0.41068 -0.51122 -0.24335  0.00000  0.48852  0.52165
 time: Energy                           :     0.0 100.0%     0.0


eng>$Energy
eng> E=-3.904269911797e+01
eng> D= 0.00000000e+00 -3.12250226e-16 -7.49028364e-01
eng>$end


 ============================================================

 Memory used =     7432 KB
  Disk  used =     4567 KB,          4567 KB written,         4548 KB read

 CPU  time =    0.09 sec =  0.00 min = 0.00 hr =     inf%
 REAL time =    0.00 sec =  0.00 min = 0.00 hr
 ratio     =     inf%

 date: Tue Sep  5 00:42:50 2017

 time: Energy                           :     0.0 100.0%     0.0
