
v180708
conv:1.000000e-08
it:32,8

  N   = 6,  Na  = 3,  Nb  = 3
  Mo  = 6,  Mv  = 17

 it   1     E =    -39.0267098338                                                Rmax =  4.80e-02
 it   2     E =    -39.0410549436    dE =     -0.0143451098    dD =  3.71e-02    Rmax =  1.41e-02
 it   3     E =    -39.0426577616    dE =     -0.0016028180    dD =  1.65e-02    Rmax =  1.52e-03
 it   4     E =    -39.0426989543    dE =     -0.0000411927    dD =  3.06e-03    Rmax =  1.21e-04
 it   5     E =    -39.0426991078    dE =     -0.0000001534    dD =  1.68e-04    Rmax =  2.63e-05
 it   6     E =    -39.0426991180    dE =     -0.0000000102    dD =  4.81e-05    Rmax =  3.96e-08
 it   7     E =    -39.0426991180    dE =     -0.0000000000    dD =  5.18e-08    Rmax =  1.66e-10
 it   8     E =    -39.0426991180    dE =      0.0000000000    dD =  2.20e-10    Rmax =  4.63e-13
converged

 (E0   =       -29.2458955111)
 (E0+1 =       -38.9021534031)
 (E2   =        -0.1405457149)
  E    =       -39.0426991180
 dipole:  +0.000000  +0.000000  -0.749028

  scf vectors:
                 e:    -0.9350477719  -0.5555808587  -0.3836893973   0.0033084891   0.2865016553   0.3230256770
    N   atom  l  m             1 (o)          2 (o)          3 (o)          4 (v)          5 (v)          6 (v)      
    1      1  0  0      0.7856267596   0.0000000000   0.4743524807   0.0000000000   0.0000000000  -0.3972157080
    2      1  1 -1      0.0000000000   0.6908752731  -0.0000000000   0.0000000000   0.7229739670   0.0000000000
    3      1  1  0     -0.2132393873   0.0000000000   0.8102770171   0.0000000000  -0.0000000000   0.5458755529
    4      1  1  1      0.0000000000   0.0000000000   0.0000000000   1.0000000000   0.0000000000   0.0000000000
    5      2  0  0      0.4106820901   0.5112197947  -0.2433525012   0.0000000000  -0.4885225906   0.5216510146
    6      3  0  0      0.4106820901  -0.5112197947  -0.2433525012   0.0000000000   0.4885225906   0.5216510146

charges:
   1( 6)   -0.043096
   2( 1)   +0.021548
   3( 1)   +0.021548

bonds:
   1( 6)    2( 1)   0.995056
   1( 6)    3( 1)   0.995056


TIME: 0.00 sec  (0.00 min)

