
v180708
conv:1.000000e-08
it:64

  N   = 6,  Na  = 3,  Nb  = 3
  Mo  = 6,  Mv  = 17

 it   1     E =    -39.0267098338
 it   2     E =    -39.0410549436    dE =     -0.0143451098    dD =  3.71e-02
 it   3     E =    -39.0424807212    dE =     -0.0014257776    dD =  1.20e-02
 it   4     E =    -39.0426660506    dE =     -0.0001853294    dD =  4.42e-03
 it   5     E =    -39.0426938041    dE =     -0.0000277535    dD =  1.73e-03
 it   6     E =    -39.0426982361    dE =     -0.0000044319    dD =  6.93e-04
 it   7     E =    -39.0426989681    dE =     -0.0000007321    dD =  2.82e-04
 it   8     E =    -39.0426990920    dE =     -0.0000001239    dD =  1.16e-04
 it   9     E =    -39.0426991134    dE =     -0.0000000214    dD =  4.82e-05
 it  10     E =    -39.0426991171    dE =     -0.0000000038    dD =  2.02e-05
 it  11     E =    -39.0426991178    dE =     -0.0000000007    dD =  8.54e-06
 it  12     E =    -39.0426991179    dE =     -0.0000000001    dD =  3.64e-06
 it  13     E =    -39.0426991180    dE =     -0.0000000000    dD =  1.56e-06
 it  14     E =    -39.0426991180    dE =     -0.0000000000    dD =  6.75e-07
 it  15     E =    -39.0426991180    dE =     -0.0000000000    dD =  2.93e-07
 it  16     E =    -39.0426991180    dE =     -0.0000000000    dD =  1.28e-07
 it  17     E =    -39.0426991180    dE =     -0.0000000000    dD =  5.59e-08
 it  18     E =    -39.0426991180    dE =     -0.0000000000    dD =  2.46e-08
 it  19     E =    -39.0426991180    dE =      0.0000000000    dD =  1.08e-08
 it  20     E =    -39.0426991180    dE =      0.0000000000    dD =  4.77e-09
converged

 (E0   =       -29.2458955111)
 (E0+1 =       -38.9021534028)
 (E2   =        -0.1405457152)
  E    =       -39.0426991180
 dipole:  +0.000000  +0.000000  -0.749028

  scf vectors:
                 e:    -0.9350477702  -0.5555808582  -0.3836893975   0.0033084891   0.2865016553   0.3230256783
    N   atom  l  m             1 (o)          2 (o)          3 (o)          4 (v)          5 (v)          6 (v)      
    1      1  0  0      0.7856267585   0.0000000000   0.4743524838   0.0000000000   0.0000000000  -0.3972157064
    2      1  1 -1      0.0000000000   0.6908752721  -0.0000000000   0.0000000000   0.7229739680   0.0000000000
    3      1  1  0     -0.2132393860   0.0000000000   0.8102770130   0.0000000000  -0.0000000000   0.5458755595
    4      1  1  1      0.0000000000   0.0000000000   0.0000000000   1.0000000000   0.0000000000   0.0000000000
    5      2  0  0      0.4106820915   0.5112197954  -0.2433525050   0.0000000000  -0.4885225899   0.5216510117
    6      3  0  0      0.4106820915  -0.5112197954  -0.2433525050   0.0000000000   0.4885225899   0.5216510117

charges:
   1( 6)   -0.043096
   2( 1)   +0.021548
   3( 1)   +0.021548

bonds:
   1( 6)    2( 1)   0.995056
   1( 6)    3( 1)   0.995056


TIME: 0.00 sec  (0.00 min)

