
v180612
conv:1.000000e-13
it:64
diis_it:8

  N   = 6,  Na  = 3,  Nb  = 3
  Mo  = 6,  Mv  = 17

 it   1     E =    -39.0267098338
 it   2     E =    -39.0410549436    dE =     -0.0143451098    dD =  3.31e-02
 it   3     E =    -39.0426577616    dE =     -0.0016028180    dD =  7.00e-03
 it   4     E =    -39.0426989543    dE =     -0.0000411927    dD =  2.47e-04
 it   5     E =    -39.0426991078    dE =     -0.0000001534    dD =  8.16e-07
 it   6     E =    -39.0426991180    dE =     -0.0000000102    dD =  7.88e-08
 it   7     E =    -39.0426991180    dE =     -0.0000000000    dD =  8.96e-14
converged

 (E0   =       -29.2458955111)
 (E0+1 =       -38.9021534030)
 (E2   =        -0.1405457149)
  E    =       -39.0426991180
 dipole:  +0.000000  -0.000000  -0.749028
 <S^2> :  -0.0000 / 0.0000

  alpha:
                 e:    -0.9350477724  -0.5555808593  -0.3836893980   0.0033084892   0.2865016557   0.3230256780
    N   atom  l  m             1 (o)          2 (o)          3 (o)          4 (v)          5 (v)          6 (v)      
    1      1  0  0      0.7856267592  -0.0000000000   0.4743524813   0.0000000000  -0.0000000000  -0.3972157080
    2      1  1 -1      0.0000000000   0.6908752728   0.0000000000   0.0000000000  -0.7229739673   0.0000000000
    3      1  1  0     -0.2132393878  -0.0000000000   0.8102770169   0.0000000000   0.0000000000   0.5458755530
    4      1  1  1      0.0000000000   0.0000000000   0.0000000000   1.0000000000   0.0000000000   0.0000000000
    5      2  0  0      0.4106820904   0.5112197949  -0.2433525009   0.0000000000   0.4885225904   0.5216510145
    6      3  0  0      0.4106820904  -0.5112197949  -0.2433525009   0.0000000000  -0.4885225904   0.5216510145

  beta:
                 e:    -0.9350477724  -0.5555808593  -0.3836893980   0.0033084892   0.2865016557   0.3230256780
    N   atom  l  m             1 (o)          2 (o)          3 (o)          4 (v)          5 (v)          6 (v)      
    1      1  0  0      0.7856267592  -0.0000000000   0.4743524813   0.0000000000  -0.0000000000  -0.3972157080
    2      1  1 -1      0.0000000000   0.6908752728   0.0000000000   0.0000000000  -0.7229739673   0.0000000000
    3      1  1  0     -0.2132393878  -0.0000000000   0.8102770169   0.0000000000   0.0000000000   0.5458755530
    4      1  1  1      0.0000000000   0.0000000000   0.0000000000   1.0000000000   0.0000000000   0.0000000000
    5      2  0  0      0.4106820904   0.5112197949  -0.2433525009   0.0000000000   0.4885225904   0.5216510145
    6      3  0  0      0.4106820904  -0.5112197949  -0.2433525009   0.0000000000  -0.4885225904   0.5216510145

charges:
   1( 6)   -0.043096
   2( 1)   +0.021548
   3( 1)   +0.021548

bonds:
   1( 6)    2( 1)   0.995056
   1( 6)    3( 1)   0.995056


TIME: 0.00 sec  (0.00 min)

