
v180708
conv:1.000000e-08
it:64

  N   = 6,  Na  = 4,  Nb  = 2
  Mo  = 6,  Mv  = 17

 it   1     E =    -39.0306604155
 it   2     E =    -39.0702969635    dE =     -0.0396365480    dD =  4.83e-02
 it   3     E =    -39.0748664386    dE =     -0.0045694751    dD =  1.42e-02
 it   4     E =    -39.0758384532    dE =     -0.0009720146    dD =  4.92e-03
 it   5     E =    -39.0761899700    dE =     -0.0003515168    dD =  2.19e-03
 it   6     E =    -39.0763432403    dE =     -0.0001532703    dD =  1.22e-03
 it   7     E =    -39.0764132395    dE =     -0.0000699992    dD =  7.69e-04
 it   8     E =    -39.0764455582    dE =     -0.0000323186    dD =  5.11e-04
 it   9     E =    -39.0764605163    dE =     -0.0000149582    dD =  3.46e-04
 it  10     E =    -39.0764674423    dE =     -0.0000069259    dD =  2.36e-04
 it  11     E =    -39.0764706489    dE =     -0.0000032066    dD =  1.61e-04
 it  12     E =    -39.0764721333    dE =     -0.0000014844    dD =  1.10e-04
 it  13     E =    -39.0764728203    dE =     -0.0000006870    dD =  7.53e-05
 it  14     E =    -39.0764731383    dE =     -0.0000003180    dD =  5.14e-05
 it  15     E =    -39.0764732854    dE =     -0.0000001471    dD =  3.50e-05
 it  16     E =    -39.0764733535    dE =     -0.0000000681    dD =  2.38e-05
 it  17     E =    -39.0764733850    dE =     -0.0000000315    dD =  1.62e-05
 it  18     E =    -39.0764733996    dE =     -0.0000000146    dD =  1.11e-05
 it  19     E =    -39.0764734063    dE =     -0.0000000067    dD =  7.52e-06
 it  20     E =    -39.0764734094    dE =     -0.0000000031    dD =  5.12e-06
 it  21     E =    -39.0764734109    dE =     -0.0000000014    dD =  3.48e-06
 it  22     E =    -39.0764734116    dE =     -0.0000000007    dD =  2.37e-06
 it  23     E =    -39.0764734119    dE =     -0.0000000003    dD =  1.61e-06
 it  24     E =    -39.0764734120    dE =     -0.0000000001    dD =  1.10e-06
 it  25     E =    -39.0764734121    dE =     -0.0000000001    dD =  7.46e-07
 it  26     E =    -39.0764734121    dE =     -0.0000000000    dD =  5.08e-07
 it  27     E =    -39.0764734121    dE =     -0.0000000000    dD =  3.45e-07
 it  28     E =    -39.0764734121    dE =     -0.0000000000    dD =  2.35e-07
 it  29     E =    -39.0764734121    dE =     -0.0000000000    dD =  1.60e-07
 it  30     E =    -39.0764734121    dE =     -0.0000000000    dD =  1.09e-07
 it  31     E =    -39.0764734121    dE =     -0.0000000000    dD =  7.39e-08
 it  32     E =    -39.0764734121    dE =     -0.0000000000    dD =  5.03e-08
 it  33     E =    -39.0764734121    dE =     -0.0000000000    dD =  3.42e-08
 it  34     E =    -39.0764734121    dE =     -0.0000000000    dD =  2.33e-08
 it  35     E =    -39.0764734121    dE =     -0.0000000000    dD =  1.58e-08
 it  36     E =    -39.0764734121    dE =     -0.0000000000    dD =  1.08e-08
 it  37     E =    -39.0764734121    dE =     -0.0000000000    dD =  7.32e-09
converged

 (E0   =       -29.1463120366)
 (E0+1 =       -38.9393597879)
 (E2   =        -0.1371136242)
  E    =       -39.0764734121
 dipole:  +0.000000  -0.000000  -0.282466
 <S^2> :  2.0128 / 2.0000

  alpha:
                 e:    -1.0083489195  -0.6095141838  -0.4412942526  -0.4041500794   0.2690682530   0.3609923943
    N   atom  l  m             1 (o)          2 (o)          3 (o)          4 (o)          5 (v)          6 (v)      
    1      1  0  0      0.8686120181  -0.0000000000   0.2560514005   0.0000000000  -0.4242061319   0.0000000000
    2      1  1 -1      0.0000000000   0.7264664211  -0.0000000000   0.0000000000  -0.0000000000  -0.6872019637
    3      1  1  0     -0.0814979651   0.0000000000   0.9182984089   0.0000000000   0.3874094911  -0.0000000000
    4      1  1  1      0.0000000000   0.0000000000   0.0000000000   1.0000000000   0.0000000000   0.0000000000
    5      2  0  0      0.3455945917   0.4859251686  -0.2135014197   0.0000000000   0.5787758823   0.5136893327
    6      3  0  0      0.3455945917  -0.4859251686  -0.2135014197   0.0000000000   0.5787758823  -0.5136893327

  beta:
                 e:    -0.8800449822  -0.5919473462   0.0576554056   0.0930684686   0.2960093657   0.3960069402
    N   atom  l  m             1 (o)          2 (o)          3 (v)          4 (v)          5 (v)          6 (v)      
    1      1  0  0      0.7954580311  -0.0000000000   0.3712238102   0.0000000000  -0.4789983336   0.0000000000
    2      1  1 -1      0.0000000000   0.6775045998  -0.0000000000   0.0000000000  -0.0000000000  -0.7355185363
    3      1  1  0     -0.1414319445   0.0000000000   0.8823092196   0.0000000000   0.4489180840  -0.0000000000
    4      1  1  1      0.0000000000   0.0000000000   0.0000000000   1.0000000000   0.0000000000   0.0000000000
    5      2  0  0      0.4166794487   0.5200901447  -0.2046012266   0.0000000000   0.5334009516   0.4790680968
    6      3  0  0      0.4166794487  -0.5200901447  -0.2046012266   0.0000000000   0.5334009516  -0.4790680968

charges:
   1( 6)   -0.309485
   2( 1)   +0.154743
   3( 1)   +0.154743

bonds:
   1( 6)    2( 1)   0.945328
   1( 6)    3( 1)   0.945328


TIME: 0.01 sec  (0.00 min)

