
v180708
conv:1.000000e-08
it:32,8

  N   = 7,  Na  = 4,  Nb  = 3
  Mo  = 7,  Mv  = 21

 it   1     E =    -39.7065438612                                                Rmax =  8.21e-02
 it   2     E =    -39.7407863649    dE =     -0.0342425036    dD =  4.26e-02    Rmax =  1.96e-02
 it   3     E =    -39.7426178094    dE =     -0.0018314445    dD =  1.02e-02    Rmax =  3.77e-03
 it   4     E =    -39.7429743784    dE =     -0.0003565690    dD =  9.00e-04    Rmax =  8.39e-04
 it   5     E =    -39.7429799429    dE =     -0.0000055646    dD =  5.01e-04    Rmax =  2.67e-04
 it   6     E =    -39.7429751096    dE =      0.0000048333    dD =  4.21e-04    Rmax =  1.05e-03
 it   7     E =    -39.7429802583    dE =     -0.0000051488    dD =  5.58e-04    Rmax =  5.31e-07
 it   8     E =    -39.7429802583    dE =     -0.0000000000    dD =  1.32e-07    Rmax =  1.47e-09
 it   9     E =    -39.7429802583    dE =     -0.0000000000    dD =  1.40e-09    Rmax =  3.23e-12
converged

 (E0   =       -26.6233031831)
 (E0+1 =       -39.5103447936)
 (E2   =        -0.2326354648)
  E    =       -39.7429802583
 dipole:  +0.000000  +0.000000  +0.000000
 <S^2> :  0.7619 / 0.7500

  alpha:
                 e:    -1.0362478788  -0.5706095933  -0.5706095924  -0.3822598008   0.3056358640   0.3571493669   0.3571493684
    N   atom  l  m             1 (o)          2 (o)          3 (o)          4 (o)          5 (v)          6 (v)          7 (v)      
    1      1  0  0      0.8383398485   0.0000000000  -0.0000000000   0.0000000000  -0.5451479600   0.0000000024  -0.0000000000
    2      1  1 -1     -0.0000000001   0.0000002113   0.7249744167   0.0000000000  -0.0000000031  -0.6887757946   0.0000000581
    3      1  1  0      0.0000000000   0.0000000000   0.0000000000   1.0000000000   0.0000000000   0.0000000000   0.0000000000
    4      1  1  1     -0.0000000000   0.7249744165  -0.0000002113   0.0000000000   0.0000000000  -0.0000000581  -0.6887757947
    5      2  0  0      0.3147413211   0.0000001639   0.5623830817   0.0000000000   0.4840157392   0.5919391307  -0.0000000499
    6      3  0  0      0.3147413217  -0.4870381171  -0.2811913983   0.0000000000   0.4840157362  -0.2959696112  -0.5126343012
    7      4  0  0      0.3147413217   0.4870379532  -0.2811916822   0.0000000000   0.4840157362  -0.2959695248   0.5126343511

  beta:
                 e:    -0.9770078295  -0.5677129137  -0.5677129128   0.1031710282   0.3176980708   0.3635517589   0.3635517604
    N   atom  l  m             1 (o)          2 (o)          3 (o)          4 (v)          5 (v)          6 (v)          7 (v)      
    1      1  0  0      0.8008914381  -0.0000000000  -0.0000000000   0.0000000000  -0.5988095727   0.0000000028   0.0000000000
    2      1  1 -1     -0.0000000001  -0.0000002011   0.6810189463   0.0000000000  -0.0000000035  -0.7322657952   0.0000000481
    3      1  1  0      0.0000000000   0.0000000000   0.0000000000   1.0000000000   0.0000000000   0.0000000000   0.0000000000
    4      1  1  1      0.0000000000   0.6810189464   0.0000002011   0.0000000000  -0.0000000000  -0.0000000481  -0.7322657951
    5      2  0  0      0.3457228676  -0.0000001766   0.5978925185   0.0000000000   0.4623948894   0.5560496394  -0.0000000366
    6      3  0  0      0.3457228682  -0.5177900211  -0.2989464115   0.0000000000   0.4623948864  -0.2780248541  -0.4815530968
    7      4  0  0      0.3457228682   0.5177901976  -0.2989461057   0.0000000000   0.4623948864  -0.2780247908   0.4815531334

charges:
   1( 6)   -0.322990
   2( 1)   +0.107663
   3( 1)   +0.107663
   4( 1)   +0.107663

bonds:
   1( 6)    2( 1)   0.956622
   1( 6)    3( 1)   0.956622
   1( 6)    4( 1)   0.956622


TIME: 0.00 sec  (0.00 min)

