 Priroda 11 (2011.08.21)
 copyright (c) D.N. Laikov

 date: Tue Sep  5 00:42:50 2017

 node  0: 'hghscncs'

 Memory: 32m + 32m (32m + 32m)


 molecule input: ''
 4 atoms, 9 electrons
<$molecule
< mult=2
< unit=b
< cartesian
<   6     0.00000000  -0.00000000  -0.00000000
<   1     0.00000000   2.03213099  -0.00000000
<   1    -1.75987706  -1.01606549  -0.00000000
<   1     1.75987706  -1.01606549   0.00000000
<$end

 Atomic Coordinates:
   6     0.00000000  -0.00000000  -0.00000000
   1     0.00000000   1.07535749  -0.00000000
   1    -0.93128690  -0.53767874  -0.00000000
   1     0.93128690  -0.53767874   0.00000000
 #
  formula: H3C
  internuclear distances:
  C1    |  H1   : 1.07536  H2   : 1.07536  H3   : 1.07536
  H1    |  C1   : 1.07536
  H2    |  C1   : 1.07536
  H3    |  C1   : 1.07536
     largest =    1.86257


 qm file: './qm_m.in'
 N=28 Ne=4,3
 NR=262+624,58+372,0
 it= 0: E= -39.7065438612 g=0.1871501223 x=0.1002821328 n=4
 it= 1: E= -39.7343584226 g=0.0897972602 x=0.1051812789 n=5
 it= 2: E= -39.7429783752 g=0.0013668827 x=0.0014705228 n=5
 it= 3: E= -39.7429802583 g=0.0000001908 x=0.0000003910 n=4
 it= 4: E= -39.7429802583 g=0.0000000000 x=0.0000000000 n=0

          e: -1.03625 -0.57061 -0.57061 -0.38226  0.30564  0.35715  0.35715
   i at l  m      1        2        3        4 o      5 v      6        7  
   1  1 0  0  0.83834  0.00000 -0.00000 -0.00000 -0.54515  0.00000 -0.00000
   2  1 1  0 -0.00000  0.00000 -0.00000  1.00000 -0.00000  0.00000 -0.00000
   3  1 1 +1 -0.00000  0.72493 -0.00833 -0.00000  0.00000  0.66482 -0.18006
   4  1 1 -1  0.00000  0.00833  0.72493  0.00000 -0.00000  0.18006  0.66482
   5  2 0  0  0.31474  0.00646  0.56235  0.00000  0.48402 -0.15475 -0.57135
   6  3 0  0  0.31474 -0.49024 -0.27558  0.00000  0.48402  0.57218  0.15166
   7  4 0  0  0.31474  0.48377 -0.28677  0.00000  0.48402 -0.41743  0.41969

          e: -0.97701 -0.56771 -0.56771  0.10317  0.31770  0.36355  0.36355
   i at l  m      1        2        3 o      4 v      5        6        7  
   1  1 0  0  0.80089 -0.00000  0.00000 -0.00000 -0.59881  0.00000 -0.00000
   2  1 1  0  0.00000 -0.00000  0.00000  1.00000 -0.00000  0.00000 -0.00000
   3  1 1 +1 -0.00000 -0.00783  0.68097 -0.00000  0.00000  0.70680 -0.19143
   4  1 1 -1  0.00000  0.68097  0.00783  0.00000 -0.00000  0.19143  0.70680
   5  2 0  0  0.34572  0.59785  0.00687  0.00000  0.46239 -0.14537 -0.53671
   6  3 0  0  0.34572 -0.29298 -0.52119  0.00000  0.46239  0.53749  0.14247
   7  4 0  0  0.34572 -0.30488  0.51432 -0.00000  0.46239 -0.39212  0.39425
 time: Energy                           :     0.0 100.0%     0.0


eng>$Energy
eng> E=-3.974298025834e+01
eng> D=-4.60863282e-16  7.94503352e-16  3.73829822e-17
eng>$end


 ============================================================

 Memory used =     7432 KB
  Disk  used =     4569 KB,          4569 KB written,         4549 KB read

 CPU  time =    0.06 sec =  0.00 min = 0.00 hr =     inf%
 REAL time =    0.00 sec =  0.00 min = 0.00 hr
 ratio     =     inf%

 date: Tue Sep  5 00:42:50 2017

 time: Energy                           :     0.0 100.0%     0.0
