
  N   = 7,  Na  = 4,  Nb  = 3
  Mo  = 7,  Mv  = 21

 it   0     E = -26.6233031908
 it   1     E = -39.7065438612    dE =  -13.0832406704    dD =   10.1932754120
 it   2     E = -39.7407863649    dE =   -0.0342425036    dD =    0.0629495744
 it   3     E = -39.7424852770    dE =   -0.0016989121    dD =    0.0024393675
 it   4     E = -39.7427522081    dE =   -0.0002669311    dD =    0.0000919119
 it   5     E = -39.7428657512    dE =   -0.0001135431    dD =    0.0000046227
 it   6     E = -39.7429223574    dE =   -0.0000566062    dD =    0.0000005277
 it   7     E = -39.7429509633    dE =   -0.0000286059    dD =    0.0000001483
 it   8     E = -39.7429654369    dE =   -0.0000144736    dD =    0.0000000646
 it   9     E = -39.7429727604    dE =   -0.0000073234    dD =    0.0000000324
 it  10     E = -39.7429764656    dE =   -0.0000037052    dD =    0.0000000169
 it  11     E = -39.7429783399    dE =   -0.0000018744    dD =    0.0000000088
 it  12     E = -39.7429792880    dE =   -0.0000009481    dD =    0.0000000045
 it  13     E = -39.7429797676    dE =   -0.0000004796    dD =    0.0000000023
 it  14     E = -39.7429800102    dE =   -0.0000002425    dD =    0.0000000012
 it  15     E = -39.7429801328    dE =   -0.0000001227    dD =    0.0000000006
 it  16     E = -39.7429801949    dE =   -0.0000000620    dD =    0.0000000003
 it  17     E = -39.7429802262    dE =   -0.0000000314    dD =    0.0000000002
 it  18     E = -39.7429802421    dE =   -0.0000000159    dD =    0.0000000001
 it  19     E = -39.7429802501    dE =   -0.0000000080    dD =    0.0000000000
 it  20     E = -39.7429802542    dE =   -0.0000000041    dD =    0.0000000000
 it  21     E = -39.7429802562    dE =   -0.0000000021    dD =    0.0000000000
 it  22     E = -39.7429802573    dE =   -0.0000000010    dD =    0.0000000000
 it  23     E = -39.7429802578    dE =   -0.0000000005    dD =    0.0000000000
 it  24     E = -39.7429802581    dE =   -0.0000000003    dD =    0.0000000000
 it  25     E = -39.7429802582    dE =   -0.0000000001    dD =    0.0000000000
 it  26     E = -39.7429802583    dE =   -0.0000000001    dD =    0.0000000000
 it  27     E = -39.7429802583    dE =   -0.0000000000    dD =    0.0000000000
 it  28     E = -39.7429802583    dE =   -0.0000000000    dD =    0.0000000000

 (E0   =       -26.6233031908)
 (E0+1 =       -39.5103448212)
 (E2   =        -0.2326354371)
  E    =       -39.7429802583
 <S^2> : 0.7619 / 0.7500

  alpha:
                 e:    -1.0362475638  -0.5706099993  -0.5706099993  -0.3822594317   0.3056350723   0.3571489826   0.3571489826
    N   atom  l  m             1 (o)          2 (o)          3 (o)          4 (o)          5 (v)          6 (v)          7 (v)      
    1      1  0  0      0.8383389950   0.0000000000  -0.0000000000   0.0000000000  -0.5451492726   0.0000000000  -0.0000000000
    2      1  1 -1      0.0000000000   0.0000000000   0.0000000000   1.0000000000   0.0000000000   0.0000000000   0.0000000000
    3      1  1  0      0.0000000000   0.2375920207   0.6849345664   0.0000000000   0.0000000000   0.3433881103  -0.5970756043
    4      1  1  1     -0.0000000000   0.6849345664  -0.2375920207   0.0000000000   0.0000000000   0.5970756043   0.3433881103
    5      2  0  0      0.3147420793   0.1843077768   0.5313257862   0.0000000000   0.4840152444  -0.2951088171   0.5131286438
    6      3  0  0      0.3147420793   0.3679877401  -0.4252781099   0.0000000000   0.4840152444  -0.2968280323  -0.5121360544
    7      4  0  0      0.3147420793  -0.5522955169  -0.1060476763   0.0000000000   0.4840152444   0.5919368495  -0.0009925894

  beta:
                 e:    -0.9770079728  -0.5677123832  -0.5677123832   0.1031706978   0.3176987786   0.3635520669   0.3635520669
    N   atom  l  m             1 (o)          2 (o)          3 (o)          4 (v)          5 (v)          6 (v)          7 (v)      
    1      1  0  0      0.8008924284  -0.0000000000   0.0000000000   0.0000000000  -0.5988082482  -0.0000000000   0.0000000000
    2      1  1 -1      0.0000000000   0.0000000000   0.0000000000   1.0000000000   0.0000000000   0.0000000000   0.0000000000
    3      1  1  0     -0.0000000000   0.1813217232   0.6564386956   0.0000000000   0.0000000000  -0.0639917313   0.7294626309
    4      1  1  1      0.0000000000   0.6564386956  -0.1813217232   0.0000000000  -0.0000000000   0.7294626309   0.0639917313
    5      2  0  0      0.3457221033   0.1591884518   0.5763096545   0.0000000000   0.4623954591   0.0485926832  -0.5539238547
    6      3  0  0      0.3457221033   0.4195045753  -0.4260160705   0.0000000000   0.4623954591  -0.5040084715   0.2348794293
    7      4  0  0      0.3457221033  -0.5786930271  -0.1502935840   0.0000000000   0.4623954591   0.4554157883   0.3190444254

