
v180703
conv:1.000000e-13
it:32,8

  N   = 8,  Na  = 4,  Nb  = 4
  Mo  = 8,  Mv  = 25

 it   1     E =    -40.3724980583
 it   2     E =    -40.4049755139    dE =     -0.0324774556    dD =  5.85e-02
 it   3     E =    -40.4060093587    dE =     -0.0010338447    dD =  2.69e-03
 it   4     E =    -40.4060101366    dE =     -0.0000007780    dD =  5.85e-06
 it   5     E =    -40.4060101559    dE =     -0.0000000193    dD =  5.13e-08
 it   6     E =    -40.4060101559    dE =     -0.0000000000    dD =  4.43e-14
converged

 (E0   =       -23.8356998591)
 (E0+1 =       -40.0488018427)
 (E2   =        -0.3572083133)
  E    =       -40.4060101559
 dipole:  -0.000000  +0.000000  -0.000000
 <S^2> :  0.0000 / 0.0000

  alpha:
                 e:    -1.0761626534  -0.5444896186  -0.5444896186  -0.5444896186   0.3399424597   0.3399424597   0.3399424597   0.3716867990
    N   atom  l  m             1 (o)          2 (o)          3 (o)          4 (o)          5 (v)          6 (v)          7 (v)          8 (v)      
    1      1  0  0      0.7943986286  -0.0000000000  -0.0000000000  -0.0000000000   0.0000000000   0.0000000000  -0.0000000000  -0.6073967557
    2      1  1 -1      0.0000000000   0.6706473904  -0.1700660373  -0.0955949411   0.4986553143  -0.2608388272   0.4421280489   0.0000000000
    3      1  1  0      0.0000000000   0.1442339325   0.6626666923  -0.1670275419   0.1236017103   0.6592618033   0.2495350072   0.0000000000
    4      1  1  1      0.0000000000   0.1313675094   0.1406384370   0.6714105894   0.4982336025   0.0975100449  -0.5044068758   0.0000000000
    5      2  0  0      0.3036983779   0.4847850786   0.3244229768   0.2094315655  -0.5467695863  -0.2420021071  -0.0913760292   0.3971993143
    6      3  0  0      0.3036983779  -0.3369963450   0.3545758521  -0.3805756816   0.4261409003  -0.4014022995  -0.1521568472   0.3971993143
    7      4  0  0      0.3036983779   0.2023911414  -0.4986804754  -0.3073825472   0.0601085589   0.4965669097  -0.3401173980   0.3971993143
    8      5  0  0      0.3036983779  -0.3501798749  -0.1803183535   0.4785266633   0.0605201271   0.1468374969   0.5836502744   0.3971993143

  beta:
                 e:    -1.0761626534  -0.5444896186  -0.5444896186  -0.5444896186   0.3399424597   0.3399424597   0.3399424597   0.3716867990
    N   atom  l  m             1 (o)          2 (o)          3 (o)          4 (o)          5 (v)          6 (v)          7 (v)          8 (v)      
    1      1  0  0      0.7943986286  -0.0000000000  -0.0000000000  -0.0000000000   0.0000000000   0.0000000000  -0.0000000000  -0.6073967557
    2      1  1 -1      0.0000000000   0.6706473904  -0.1700660373  -0.0955949411   0.4986553143  -0.2608388272   0.4421280489   0.0000000000
    3      1  1  0      0.0000000000   0.1442339325   0.6626666923  -0.1670275419   0.1236017103   0.6592618033   0.2495350072   0.0000000000
    4      1  1  1      0.0000000000   0.1313675094   0.1406384370   0.6714105894   0.4982336025   0.0975100449  -0.5044068758   0.0000000000
    5      2  0  0      0.3036983779   0.4847850786   0.3244229768   0.2094315655  -0.5467695863  -0.2420021071  -0.0913760292   0.3971993143
    6      3  0  0      0.3036983779  -0.3369963450   0.3545758521  -0.3805756816   0.4261409003  -0.4014022995  -0.1521568472   0.3971993143
    7      4  0  0      0.3036983779   0.2023911414  -0.4986804754  -0.3073825472   0.0601085589   0.4965669097  -0.3401173980   0.3971993143
    8      5  0  0      0.3036983779  -0.3501798749  -0.1803183535   0.4785266633   0.0605201271   0.1468374969   0.5836502744   0.3971993143

charges:
   1( 6)   -0.189111
   2( 1)   +0.047278
   3( 1)   +0.047278
   4( 1)   +0.047278
   5( 1)   +0.047278

bonds:
   1( 6)    2( 1)   0.982376
   1( 6)    3( 1)   0.982376
   1( 6)    4( 1)   0.982376
   1( 6)    5( 1)   0.982376


TIME: 0.00 sec  (0.00 min)

