
  N   = 8,  Na  = 4,  Nb  = 4
  Mo  = 8,  Mv  = 25

 it   0     E = -23.8356998591
 it   1     E = -40.3724980583    dE =  -16.5367981993    dD =   12.1282809148
 it   2     E = -40.4049755139    dE =   -0.0324774556    dD =    0.0584592556
 it   3     E = -40.4059787161    dE =   -0.0010032022    dD =    0.0018226736
 it   4     E = -40.4060090193    dE =   -0.0000303032    dD =    0.0000545267
 it   5     E = -40.4060100804    dE =   -0.0000010611    dD =    0.0000019877
 it   6     E = -40.4060101456    dE =   -0.0000000653    dD =    0.0000001499
 it   7     E = -40.4060101541    dE =   -0.0000000084    dD =    0.0000000230
 it   8     E = -40.4060101556    dE =   -0.0000000015    dD =    0.0000000043
 it   9     E = -40.4060101559    dE =   -0.0000000003    dD =    0.0000000008
 it  10     E = -40.4060101559    dE =   -0.0000000001    dD =    0.0000000002
 it  11     E = -40.4060101559    dE =   -0.0000000000    dD =    0.0000000000
 it  12     E = -40.4060101559    dE =   -0.0000000000    dD =    0.0000000000
 it  13     E = -40.4060101559    dE =   -0.0000000000    dD =    0.0000000000
 it  14     E = -40.4060101559    dE =   -0.0000000000    dD =    0.0000000000
 it  15     E = -40.4060101559    dE =   -0.0000000000    dD =    0.0000000000

 (E0   =       -23.8356998591)
 (E0+1 =       -40.0488018484)
 (E2   =        -0.3572083076)
  E    =       -40.4060101559
 <S^2> : -0.0000 / 0.0000

  alpha:
                 e:    -1.0761626494  -0.5444896139  -0.5444896139  -0.5444896139   0.3399424611   0.3399424611   0.3399424611   0.3716868021
    N   atom  l  m             1 (o)          2 (o)          3 (o)          4 (o)          5 (v)          6 (v)          7 (v)          8 (v)      
    1      1  0  0      0.7943986323  -0.0000000000  -0.0000000000  -0.0000000000  -0.0000000000  -0.0000000000  -0.0000000000  -0.6073967509
    2      1  1 -1      0.0000000000   0.6516371170   0.2417384046  -0.0689956286  -0.3507367281  -0.3060253435   0.5436022916   0.0000000000
    3      1  1  0      0.0000000000  -0.2417677799   0.6551577929   0.0120578729  -0.5006832012  -0.2339074023  -0.4547250531   0.0000000000
    4      1  1  1      0.0000000000   0.0688926238   0.0126331092   0.6949266121   0.3721173126  -0.6031641825  -0.0994630050  -0.0000000000
    5      2  0  0      0.3036983754   0.2452807769   0.4659728073   0.3268563819   0.2338869188   0.5578008740   0.0051655723   0.3971993162
    6      3  0  0      0.3036983754  -0.4930071784   0.2053320396  -0.3145013300   0.2547532311  -0.3295197017   0.4386218718   0.3971993162
    7      4  0  0      0.3036983754   0.4224166233  -0.2182765051  -0.3975524805   0.1084134559  -0.2591364303  -0.5356924696   0.3971993162
    8      5  0  0      0.3036983754  -0.1746902218  -0.4530283418   0.3851974286  -0.5970536059   0.0308552580   0.0919050255   0.3971993162

  beta:
                 e:    -1.0761626494  -0.5444896139  -0.5444896139  -0.5444896139   0.3399424611   0.3399424611   0.3399424611   0.3716868021
    N   atom  l  m             1 (o)          2 (o)          3 (o)          4 (o)          5 (v)          6 (v)          7 (v)          8 (v)      
    1      1  0  0      0.7943986323  -0.0000000000  -0.0000000000  -0.0000000000  -0.0000000000  -0.0000000000  -0.0000000000  -0.6073967509
    2      1  1 -1      0.0000000000   0.6516371170   0.2417384046  -0.0689956286  -0.3507367281  -0.3060253435   0.5436022916   0.0000000000
    3      1  1  0      0.0000000000  -0.2417677799   0.6551577929   0.0120578729  -0.5006832012  -0.2339074023  -0.4547250531   0.0000000000
    4      1  1  1      0.0000000000   0.0688926238   0.0126331092   0.6949266121   0.3721173126  -0.6031641825  -0.0994630050  -0.0000000000
    5      2  0  0      0.3036983754   0.2452807769   0.4659728073   0.3268563819   0.2338869188   0.5578008740   0.0051655723   0.3971993162
    6      3  0  0      0.3036983754  -0.4930071784   0.2053320396  -0.3145013300   0.2547532311  -0.3295197017   0.4386218718   0.3971993162
    7      4  0  0      0.3036983754   0.4224166233  -0.2182765051  -0.3975524805   0.1084134559  -0.2591364303  -0.5356924696   0.3971993162
    8      5  0  0      0.3036983754  -0.1746902218  -0.4530283418   0.3851974286  -0.5970536059   0.0308552580   0.0919050255   0.3971993162

