 Priroda 11 (2011.08.21)
 copyright (c) D.N. Laikov

 date: Tue Sep  5 03:40:58 2017

 node  0: 'hghscncs'

 Memory: 32m + 32m (32m + 32m)


 molecule input: ''
 5 atoms, 10 electrons

 Atomic Coordinates:
   6     0.00000000  -0.00000000  -0.00000000
   1     0.62973729   0.62973729   0.62973729
   1    -0.62973729  -0.62973729   0.62973729
   1    -0.62973729   0.62973729  -0.62973729
   1     0.62973729  -0.62973729  -0.62973729
 #
  formula: H4C
  internuclear distances:
  C1    |  H1   : 1.09074  H2   : 1.09074  H3   : 1.09074  H4   : 1.09074
  H1    |  C1   : 1.09074
  H2    |  C1   : 1.09074
  H3    |  C1   : 1.09074
  H4    |  C1   : 1.09074
     largest =    1.78117


 qm file: './qm_m.in'
 N=33 Ne=4,4
 NR=339+728,59+376,0
 it= 0: E= -40.3724980583 g=0.2742788265 x=0.1001758273 n=2
 it= 1: E= -40.4049545461 g=0.0484925577 x=0.0224173467 n=6
 it= 2: E= -40.4060101485 g=0.0001319924 x=0.0000562018 n=4
 it= 3: E= -40.4060101559 g=0.0000000007 x=0.0000000003 n=2
 it= 4: E= -40.4060101559 g=0.0000000000 x=0.0000000000 n=0

          e: -1.07616 -0.54449 -0.54449 -0.54449  0.33994  0.33994  0.33994  0.37169
   i at l  m      1        2        3        4 o      5 v      6        7        8  
   1  1 0  0  0.79440 -0.00000  0.00000 -0.00000 -0.00000  0.00000  0.00000  0.60740
   2  1 1  0 -0.00000 -0.22170  0.66114 -0.03959 -0.16111  0.68908 -0.10670  0.00000
   3  1 1 +1  0.00000  0.44268  0.11686 -0.52745  0.51892  0.04534 -0.49075  0.00000
   4  1 1 -1  0.00000  0.49265  0.19251  0.45613  0.46576  0.18785  0.50985 -0.00000
   5  2 0  0  0.30370  0.36561  0.49722 -0.05682 -0.40188 -0.45004  0.04275 -0.39720
   6  3 0  0  0.30370 -0.59278  0.18022  0.01625  0.55912 -0.22246  0.06139 -0.39720
   7  4 0  0  0.30370  0.13918 -0.29996  0.52419 -0.05268  0.26671 -0.54034 -0.39720
   8  5 0  0  0.30370  0.08798 -0.37748 -0.48363 -0.10456  0.40580  0.43620 -0.39720
 time: Energy                           :     0.0 100.0%     0.0


eng>$Energy
eng> E=-4.040601015592e+01
eng> D=-1.83880688e-15 -2.76861867e-15  1.02418074e-14
eng>$end


 ============================================================

 Memory used =     7432 KB
  Disk  used =     4570 KB,          4570 KB written,         4549 KB read

 CPU  time =    0.06 sec =  0.00 min = 0.00 hr =     inf%
 REAL time =    0.00 sec =  0.00 min = 0.00 hr
 ratio     =     inf%

 date: Tue Sep  5 03:40:58 2017

 time: Energy                           :     0.0 100.0%     0.0
