 Priroda 11 (2011.08.21)
 copyright (c) D.N. Laikov

 date: Tue May  1 21:47:18 2018

 node  0: 'hghscncs'

 Memory: 32m + 32m (32m + 32m)


 molecule input: ''
 5 atoms, 17 electrons

 Atomic Coordinates:
   6    -0.44834640   0.03822479   0.06439299
   8     0.87476086   0.12830557   0.40617944
   1    -1.09423681  -0.28474188   0.86609996
   1    -0.69759792  -0.25176826  -0.94727470
   1     1.36542026   0.36997978  -0.38939769
 #
  formula: H3CO
  internuclear distances:
  C1    |  O1   : 1.36951  H1   : 1.07899  H2   : 1.08152
  O1    |  C1   : 1.36951  H3   : 0.96545
  H1    |  C1   : 1.07899
  H2    |  C1   : 1.08152
  H3    |  O1   : 0.96545
     largest =    2.83811


 qm file: './qm_m.in'
 N=41 Ne=7,6
 NR=1065+1932,113+732,0
 it= 0: E=-114.7281577710 g=0.2541705288 x=0.1011586537 n=12
 it= 1: E=-114.7713534411 g=0.1743420532 x=0.1006592697 n=12
 it= 2: E=-114.7989776496 g=0.1022936680 x=0.1006194199 n=12
 it= 3: E=-114.8131966957 g=0.0422348554 x=0.1046047697 n=12
 it= 4: E=-114.8171276860 g=0.0006006055 x=0.0016541490 n=12
 it= 5: E=-114.8171285859 g=0.0000002361 x=0.0000007096 n=10
 it= 6: E=-114.8171285859 g=0.0000000000 x=0.0000000000 n=0

          e: -1.54638 -0.94063 -0.69248 -0.60259 -0.56964 -0.49086 -0.32213  0.28456  0.30125  0.33557  0.37055
   i at l  m      1        2        3        4        5        6        7 o      8 v      9       10       11  
   1  1 0  0  0.41813  0.68252 -0.08800  0.00525  0.09374  0.00810  0.15905  0.01343  0.55086  0.06865  0.09520
   2  1 1  0  0.02475 -0.01182  0.48191  0.27318  0.12463  0.40533 -0.02249  0.27697 -0.06526 -0.04149  0.65526
   3  1 1 +1  0.15990 -0.17351  0.18423 -0.51884 -0.11865  0.07198 -0.16523  0.03285  0.08421  0.76088  0.08669
   4  1 1 -1  0.00177 -0.07483  0.02334 -0.14735  0.50470 -0.09963  0.78995  0.03169 -0.23823  0.16012  0.00861
   5  2 0  0  0.82029 -0.33155  0.20171  0.10384 -0.08006 -0.21623  0.01091 -0.24019 -0.13687 -0.18977 -0.00336
   6  2 1  0 -0.12812  0.07445  0.49369  0.27700 -0.00751 -0.64710 -0.04395  0.39024  0.11268  0.15903 -0.21584
   7  2 1 +1 -0.07669 -0.32891 -0.38111  0.57856 -0.08274 -0.14068  0.13222 -0.20076  0.28337  0.40221  0.28190
   8  2 1 -1  0.01700 -0.07139 -0.09338 -0.01681  0.81390 -0.15113 -0.52326 -0.13561  0.06737  0.01053  0.05918
   9  3 0  0  0.10184  0.33588  0.09798  0.44217  0.07038  0.31535 -0.09644 -0.20772 -0.44649  0.39686 -0.39750
  10  4 0  0  0.10965  0.31470 -0.38601 -0.06534 -0.13008 -0.38662 -0.13617  0.21536 -0.55768  0.08768  0.43087
  11  5 0  0  0.28484 -0.24024 -0.35854  0.11013  0.09627  0.25197 -0.04115  0.75021  0.04265  0.02477 -0.28419

          e: -1.51573 -0.89966 -0.68358 -0.59561 -0.51408 -0.48277  0.11782  0.28863  0.31862  0.35697  0.38528
   i at l  m      1        2        3        4        5        6 o      7 v      8        9       10       11  
   1  1 0  0  0.39661  0.65574 -0.09941  0.00839  0.08042 -0.01417  0.20596  0.01781  0.55372  0.16634  0.13811
   2  1 1  0  0.02500 -0.00114  0.46480  0.28074  0.21331  0.33210 -0.03831  0.25807 -0.07324 -0.15963  0.67068
   3  1 1 +1  0.16325 -0.16159  0.18943 -0.50408 -0.01648  0.07267 -0.20551 -0.00993 -0.07897  0.74924  0.20441
   4  1 1 -1 -0.00069 -0.09883  0.04338 -0.10184  0.33773 -0.17734  0.85528  0.04568 -0.28865  0.12281  0.02181
   5  2 0  0  0.82644 -0.29749  0.21413  0.09316 -0.15903 -0.17553  0.00515 -0.23839 -0.09908 -0.22007 -0.05238
   6  2 1  0 -0.13272  0.08615  0.49031  0.27915 -0.23172 -0.60659 -0.03810  0.39090  0.07481  0.21432 -0.17090
   7  2 1 +1 -0.07395 -0.35337 -0.37406  0.56924 -0.19607 -0.09254  0.11673 -0.22943  0.18784  0.37897  0.33695
   8  2 1 -1  0.01566 -0.08611 -0.09126  0.05687  0.78898 -0.44068 -0.36709 -0.14407  0.07935 -0.00769  0.04729
   9  3 0  0  0.10129  0.36462  0.08041  0.47036  0.15966  0.28400 -0.10277 -0.20329 -0.48430  0.34125 -0.34648
  10  4 0  0  0.10921  0.33085 -0.41245 -0.08650 -0.20915 -0.35872 -0.13779  0.17735 -0.55321 -0.08094  0.40690
  11  5 0  0  0.29478 -0.25200 -0.35388  0.11854  0.15669  0.20475 -0.05450  0.75835  0.03001  0.09677 -0.23561
 time: Energy                           :     0.0 100.0%     0.0


eng>$Energy
eng> E=-1.148171285859e+02
eng> D= 6.88784427e-03 -6.07650423e-02 -6.22234599e-01
eng>$end


 ============================================================

 Memory used =     7432 KB
  Disk  used =     4572 KB,          4572 KB written,         4549 KB read

 CPU  time =    0.10 sec =  0.00 min = 0.00 hr =     inf%
 REAL time =    0.00 sec =  0.00 min = 0.00 hr
 ratio     =     inf%

 date: Tue May  1 21:47:18 2018

 time: Energy                           :     0.0 100.0%     0.0
