
v181013
conv:1.000000e-08
it:32,8

  N   = 13,  Na  = 7,  Nb  = 6
  Mo  = 11,  Mv  = 30

 it   1     E =   -114.7108063690                                                Rmax =  8.87e-02
 it   2     E =   -114.7982146355    dE =     -0.0874082665    dD =  4.46e-02    Rmax =  2.91e-02
 it   3     E =   -114.8099326901    dE =     -0.0117180546    dD =  1.99e-02    Rmax =  1.00e-02
 it   4     E =   -114.8113152269    dE =     -0.0013825368    dD =  7.20e-03    Rmax =  3.03e-03
 it   5     E =   -114.8115126911    dE =     -0.0001974642    dD =  2.46e-03    Rmax =  1.12e-03
 it   6     E =   -114.8115408940    dE =     -0.0000282029    dD =  7.41e-04    Rmax =  4.48e-04
 it   7     E =   -114.8115442400    dE =     -0.0000033460    dD =  2.20e-04    Rmax =  6.97e-05
 it   8     E =   -114.8115444115    dE =     -0.0000001715    dD =  4.99e-05    Rmax =  2.94e-05
 it   9     E =   -114.8115444296    dE =     -0.0000000182    dD =  2.40e-05    Rmax =  1.27e-05
 it  10     E =   -114.8115444313    dE =     -0.0000000017    dD =  5.96e-06    Rmax =  3.81e-06
 it  11     E =   -114.8115444315    dE =     -0.0000000002    dD =  1.33e-06    Rmax =  1.38e-06
 it  12     E =   -114.8115444315    dE =     -0.0000000000    dD =  5.30e-07    Rmax =  4.53e-07
 it  13     E =   -114.8115444315    dE =     -0.0000000000    dD =  3.27e-07    Rmax =  1.36e-07
 it  14     E =   -114.8115444315    dE =     -0.0000000000    dD =  1.23e-07    Rmax =  2.04e-08
 it  15     E =   -114.8115444315    dE =      0.0000000000    dD =  1.55e-08    Rmax =  6.71e-09
 it  16     E =   -114.8115444315    dE =     -0.0000000000    dD =  3.27e-09    Rmax =  3.48e-09
converged

 (E0   =       -75.3101486704)
 (E0+1 =      -114.3285684327)
 (E2   =        -0.4829759988)
  E    =      -114.8115444315
 dipole:  -0.030210  -0.440413  -0.650748
 <S^2> :  0.7553 / 0.7500

  alpha:
                 e:    -1.5204930306  -0.9432398148  -0.6843363180  -0.6032602767  -0.5484307662  -0.4883873520  -0.3377131935   0.2714788430   0.2849576447   0.3159990725   0.3558835378
    N   atom  l  m             1 (o)          2 (o)          3 (o)          4 (o)          5 (o)          6 (o)          7 (o)          8 (v)          9 (v)         10 (v)         11 (v)      
    1      1  0  0      0.4098972078   0.6986865553  -0.0318937639   0.0316522370   0.0542578538   0.0598984069   0.1653816408  -0.4839719227   0.1781778126  -0.2027259944   0.0290774067
    2      1  1 -1      0.0143060880  -0.0922504129   0.1258289241   0.3833916557   0.2856566782   0.2016716451   0.7552787754   0.0582467032   0.0037748218   0.3602497736  -0.0505872655
    3      1  1  0      0.0199510880  -0.0277061407   0.4790792726  -0.3291393322  -0.0878552446   0.3771905683   0.0404670411   0.0972404027   0.2520024671   0.0230736380   0.6601988277
    4      1  1  1      0.1549287175  -0.1685584884   0.1210277660   0.3453641047  -0.4325816568  -0.0540376836  -0.2801387399  -0.3583362969   0.3340313468   0.5515418733  -0.0309206804
    5      2  0  0      0.8205535928  -0.3454621143   0.2012951304  -0.0426385024   0.1570166909  -0.1953541176  -0.0545915192   0.0666598561  -0.3017144700  -0.0491902509   0.0362961770
    6      2  1 -1     -0.0571119569  -0.0303040621   0.1076792131   0.2937029746   0.7320285004   0.2509596483  -0.5021458183  -0.0546868395   0.2080832702  -0.0195921812  -0.0171345643
    7      2  1  0     -0.1283579763   0.0600635833   0.4910549717  -0.2025168901   0.1837091140  -0.6460690545   0.1180954460   0.0591370763   0.4182633974  -0.0136861121  -0.2324627943
    8      2  1  1     -0.0694421685  -0.2928512886  -0.3892611017  -0.5002103323   0.3224503191  -0.1253257947   0.1162454764  -0.5148285433   0.0482778864   0.2745746659   0.1780930145
    9      3  0  0      0.1028479146   0.3408971868   0.1182777260  -0.4512294539   0.0595902331   0.2734051907  -0.1519388267   0.2086900278  -0.1804331523   0.5495774063  -0.4196236373
   10      4  0  0      0.1125866996   0.3245356864  -0.3734984531   0.1393051480   0.1219095661  -0.3784948306  -0.0839375684   0.4533103092   0.0905523998   0.3444840906   0.4749407835
   11      5  0  0      0.2936958356  -0.2073189351  -0.3751276478  -0.1486035619  -0.0628868991   0.2414196408   0.0967804983   0.3154303858   0.6639240028  -0.1590746228  -0.2660019347

  beta:
                 e:    -1.4942282533  -0.8989349905  -0.6754287482  -0.5886494130  -0.5173684420  -0.4705257168   0.1014092327   0.2860461815   0.3024058236   0.3317223249   0.3694478948
    N   atom  l  m             1 (o)          2 (o)          3 (o)          4 (o)          5 (o)          6 (o)          7 (v)          8 (v)          9 (v)         10 (v)         11 (v)      
    1      1  0  0      0.3839934254   0.6740177863  -0.0385987254  -0.0127602041  -0.0165173610   0.0610016862   0.2099378569  -0.3261077391   0.4756504018  -0.1124617343   0.0573694346
    2      1  1 -1      0.0128624339  -0.1190684223   0.0836611358  -0.2732990121  -0.1630187389   0.2106451061   0.8206316815   0.0319638112  -0.1196544107   0.3757472989  -0.0552992803
    3      1  1  0      0.0201485842  -0.0264608640   0.4719919730   0.2981976806   0.2571916649   0.2635885248   0.0521567874   0.2327957070   0.1125656634   0.0703235469   0.6906797474
    4      1  1  1      0.1579569758  -0.1547713982   0.1306189187  -0.4311621412   0.2474034102  -0.0991332455  -0.3480867551  -0.0843932985   0.3647106994   0.6436913554  -0.0381889157
    5      2  0  0      0.8294256280  -0.3148435798   0.2050656138   0.0551209879  -0.2202030863  -0.1138052407  -0.0615988489  -0.1152458523  -0.2782908081  -0.1060852656   0.0248898475
    6      2  1 -1     -0.0646285664  -0.0364355199   0.0654158872  -0.1234614027  -0.6719824972   0.6169737577  -0.3161550964   0.0739239578   0.1929515829  -0.0066485507  -0.0079522173
    7      2  1  0     -0.1309924355   0.0624876334   0.5005536874   0.1933044048  -0.3967873890  -0.5456851783   0.0874986026   0.2846236428   0.3114629956   0.0386190879  -0.2205354611
    8      2  1  1     -0.0645357767  -0.3141946868  -0.3831056942   0.5740002996  -0.2257558335  -0.1013734549   0.0761469875  -0.3867873911   0.2459365446   0.3352899830   0.1769780647
    9      3  0  0      0.1004600056   0.3690852110   0.1315822481   0.4748438023   0.1118569742   0.2600698110  -0.1367982603   0.0791282382  -0.3361128226   0.4536999564  -0.4323824214
   10      4  0  0      0.1113239126   0.3539032159  -0.3954989978  -0.1290439364  -0.2954099316  -0.2832282779  -0.0982025622   0.4117166029  -0.2581046299   0.2944455978   0.4351228631
   11      5  0  0      0.3018184895  -0.2057181567  -0.3664488665   0.1518855693   0.1938072577   0.1519520223   0.1142133111   0.6373246317   0.4024856471  -0.0955584087  -0.2413037488

charges:
   1( 6)   -0.047554
   2( 8)   -0.402082
   3( 1)   +0.084972
   4( 1)   +0.079730
   5( 1)   +0.284934

bonds:
   1( 6)    2( 8)   1.141261
   1( 6)    3( 1)   0.946147
   1( 6)    4( 1)   0.945894
   2( 8)    5( 1)   0.903564


TIME: 0.03 sec  (0.00 min)

 G=-2.46190167e-02 -2.23539637e-03 -8.81556494e-03
    2.82370646e-02  1.46850256e-02  1.90056816e-02
    1.53643967e-03 -3.84959069e-03 -1.00558219e-03
   -1.44948564e-03 -8.22029289e-04 -2.28942464e-03
   -3.70500186e-03 -7.77800928e-03 -6.89510978e-03

TIME: 0.14 sec  (0.00 min)

