 Priroda 11 (2011.08.21)
 copyright (c) D.N. Laikov

 date: Sun Oct 14 21:53:44 2018

 node  0: 'hghscncs'

 Memory: 32m + 32m (32m + 32m)


 molecule input: ''
 5 atoms, 17 electrons

 Atomic Coordinates:
   6    -0.48318844   0.08439766   0.07684628
   8     0.86885086   0.38603590   0.42104774
   1    -1.04173959  -0.42919639   0.84586562
   1    -0.69069322  -0.16582499  -0.95770884
   1     1.34677039   0.12458782  -0.38605081
 #
  formula: H3CO
  internuclear distances:
  C1    |  O1   : 1.42740  H1   : 1.08035  H2   : 1.08442
  O1    |  C1   : 1.42740  H3   : 0.97374
  H1    |  C1   : 1.08035
  H2    |  C1   : 1.08442
  H3    |  O1   : 0.97374
     largest =    2.74395


 qm file: './qm_m.in'
 N=41 Ne=7,6
 NR=1065+1932,113+732,0
 it= 0: E=-114.7108063690 g=0.2618821207 x=0.1015240761 n=12
 it= 1: E=-114.7561632042 g=0.1862819134 x=0.1009259072 n=12
 it= 2: E=-114.7866269566 g=0.1174826044 x=0.1005963467 n=12
 it= 3: E=-114.8040640512 g=0.0584414059 x=0.1020438666 n=12
 it= 4: E=-114.8110111935 g=0.0133278533 x=0.0434627461 n=12
 it= 5: E=-114.8115444018 g=0.0001028354 x=0.0003144008 n=12
 it= 6: E=-114.8115444315 g=0.0000000090 x=0.0000000291 n=8
 it= 7: E=-114.8115444315 g=0.0000000000 x=0.0000000000 n=0

          e: -1.52049 -0.94324 -0.68434 -0.60326 -0.54843 -0.48839 -0.33771  0.27148  0.28496  0.31600  0.35588
   i at l  m      1        2        3        4        5        6        7 o      8 v      9       10       11  
   1  1 0  0  0.40990  0.69869 -0.03189  0.03165  0.05426  0.05990  0.16538  0.48397  0.17818  0.20273  0.02908
   2  1 1  0  0.01995 -0.02771  0.47908 -0.32914 -0.08786  0.37719  0.04047 -0.09724  0.25200 -0.02307  0.66020
   3  1 1 +1  0.15493 -0.16856  0.12103  0.34536 -0.43258 -0.05404 -0.28014  0.35834  0.33403 -0.55154 -0.03092
   4  1 1 -1  0.01431 -0.09225  0.12583  0.38339  0.28566  0.20167  0.75528 -0.05825  0.00377 -0.36025 -0.05059
   5  2 0  0  0.82055 -0.34546  0.20130 -0.04264  0.15702 -0.19535 -0.05459 -0.06666 -0.30171  0.04919  0.03630
   6  2 1  0 -0.12836  0.06006  0.49105 -0.20252  0.18371 -0.64607  0.11810 -0.05914  0.41826  0.01369 -0.23246
   7  2 1 +1 -0.06944 -0.29285 -0.38926 -0.50021  0.32245 -0.12533  0.11625  0.51483  0.04828 -0.27457  0.17809
   8  2 1 -1 -0.05711 -0.03030  0.10768  0.29370  0.73203  0.25096 -0.50215  0.05469  0.20808  0.01959 -0.01713
   9  3 0  0  0.10285  0.34090  0.11828 -0.45123  0.05959  0.27341 -0.15194 -0.20869 -0.18043 -0.54958 -0.41962
  10  4 0  0  0.11259  0.32454 -0.37350  0.13931  0.12191 -0.37849 -0.08394 -0.45331  0.09055 -0.34448  0.47494
  11  5 0  0  0.29370 -0.20732 -0.37513 -0.14860 -0.06289  0.24142  0.09678 -0.31543  0.66392  0.15907 -0.26600

          e: -1.49423 -0.89893 -0.67543 -0.58865 -0.51737 -0.47053  0.10141  0.28605  0.30241  0.33172  0.36945
   i at l  m      1        2        3        4        5        6 o      7 v      8        9       10       11  
   1  1 0  0  0.38399  0.67402 -0.03860 -0.01276  0.01652  0.06100  0.20994 -0.32611  0.47565  0.11246  0.05737
   2  1 1  0  0.02015 -0.02646  0.47199  0.29820 -0.25719  0.26359  0.05216  0.23280  0.11257 -0.07032  0.69068
   3  1 1 +1  0.15796 -0.15477  0.13062 -0.43116 -0.24740 -0.09913 -0.34809 -0.08439  0.36471 -0.64369 -0.03819
   4  1 1 -1  0.01286 -0.11907  0.08366 -0.27330  0.16302  0.21065  0.82063  0.03196 -0.11965 -0.37575 -0.05530
   5  2 0  0  0.82943 -0.31484  0.20507  0.05512  0.22020 -0.11381 -0.06160 -0.11525 -0.27829  0.10609  0.02489
   6  2 1  0 -0.13099  0.06249  0.50055  0.19330  0.39679 -0.54569  0.08750  0.28462  0.31146 -0.03862 -0.22054
   7  2 1 +1 -0.06454 -0.31419 -0.38311  0.57400  0.22576 -0.10137  0.07615 -0.38679  0.24594 -0.33529  0.17698
   8  2 1 -1 -0.06463 -0.03644  0.06542 -0.12346  0.67198  0.61697 -0.31616  0.07392  0.19295  0.00665 -0.00795
   9  3 0  0  0.10046  0.36909  0.13158  0.47484 -0.11186  0.26007 -0.13680  0.07913 -0.33611 -0.45370 -0.43238
  10  4 0  0  0.11132  0.35390 -0.39550 -0.12904  0.29541 -0.28323 -0.09820  0.41172 -0.25810 -0.29445  0.43512
  11  5 0  0  0.30182 -0.20572 -0.36645  0.15189 -0.19381  0.15195  0.11421  0.63732  0.40249  0.09556 -0.24130
 time: Energy                           :     0.1 100.0%     0.0


eng>$Energy
eng> E=-1.148115444315e+02
eng> D=-3.02100737e-02 -4.40412564e-01 -6.50748194e-01
eng> G=-2.46190155e-02 -2.23539859e-03 -8.81556587e-03
eng>    2.82370638e-02  1.46850281e-02  1.90056820e-02
eng>    1.53643952e-03 -3.84958965e-03 -1.00558206e-03
eng>   -1.44948608e-03 -8.22028263e-04 -2.28942459e-03
eng>   -3.70500168e-03 -7.77801163e-03 -6.89510946e-03
eng>$end

 G(max) = 0.02823706


 ============================================================

 Memory used =     7432 KB
  Disk  used =     4572 KB,          4572 KB written,         4549 KB read

 CPU  time =    0.26 sec =  0.00 min = 0.00 hr =     inf%
 REAL time =    0.00 sec =  0.00 min = 0.00 hr
 ratio     =     inf%

 date: Sun Oct 14 21:53:44 2018

 time: Energy                           :     0.1 100.0%     0.0
