
v180501
conv:1.000000e-13
it:64

  N   = 13,  Na  = 7,  Nb  = 6
  Mo  = 11,  Mv  = 30

 it   1     E =   -114.7281577710
 it   2     E =   -114.8054726855    dE =     -0.0773149145    dD =  1.59e-01
 it   3     E =   -114.8144067873    dE =     -0.0089341018    dD =  1.78e-02
 it   4     E =   -114.8162554834    dE =     -0.0018486961    dD =  3.29e-03
 it   5     E =   -114.8167963444    dE =     -0.0005408610    dD =  8.16e-04
 it   6     E =   -114.8169885933    dE =     -0.0001922489    dD =  2.36e-04
 it   7     E =   -114.8170656059    dE =     -0.0000770125    dD =  7.53e-05
 it   8     E =   -114.8170989976    dE =     -0.0000333918    dD =  2.58e-05
 it   9     E =   -114.8171142776    dE =     -0.0000152800    dD =  9.33e-06
 it  10     E =   -114.8171215312    dE =     -0.0000072536    dD =  3.55e-06
 it  11     E =   -114.8171250615    dE =     -0.0000035303    dD =  1.41e-06
 it  12     E =   -114.8171268091    dE =     -0.0000017476    dD =  5.77e-07
 it  13     E =   -114.8171276843    dE =     -0.0000008752    dD =  2.45e-07
 it  14     E =   -114.8171281263    dE =     -0.0000004420    dD =  1.07e-07
 it  15     E =   -114.8171283508    dE =     -0.0000002245    dD =  4.76e-08
 it  16     E =   -114.8171284653    dE =     -0.0000001145    dD =  2.17e-08
 it  17     E =   -114.8171285239    dE =     -0.0000000586    dD =  1.00e-08
 it  18     E =   -114.8171285540    dE =     -0.0000000301    dD =  4.72e-09
 it  19     E =   -114.8171285694    dE =     -0.0000000155    dD =  2.25e-09
 it  20     E =   -114.8171285774    dE =     -0.0000000080    dD =  1.09e-09
 it  21     E =   -114.8171285815    dE =     -0.0000000041    dD =  5.31e-10
 it  22     E =   -114.8171285836    dE =     -0.0000000021    dD =  2.62e-10
 it  23     E =   -114.8171285847    dE =     -0.0000000011    dD =  1.30e-10
 it  24     E =   -114.8171285853    dE =     -0.0000000006    dD =  6.48e-11
 it  25     E =   -114.8171285856    dE =     -0.0000000003    dD =  3.25e-11
 it  26     E =   -114.8171285857    dE =     -0.0000000002    dD =  1.64e-11
 it  27     E =   -114.8171285858    dE =     -0.0000000001    dD =  8.30e-12
 it  28     E =   -114.8171285859    dE =     -0.0000000000    dD =  4.22e-12
 it  29     E =   -114.8171285859    dE =     -0.0000000000    dD =  2.15e-12
 it  30     E =   -114.8171285859    dE =     -0.0000000000    dD =  1.10e-12
 it  31     E =   -114.8171285859    dE =     -0.0000000000    dD =  5.63e-13
 it  32     E =   -114.8171285859    dE =     -0.0000000000    dD =  2.89e-13
 it  33     E =   -114.8171285859    dE =     -0.0000000000    dD =  1.49e-13
 it  34     E =   -114.8171285859    dE =     -0.0000000000    dD =  7.66e-14
converged

 (E0   =       -74.8491732411)
 (E0+1 =      -114.3104676259)
 (E2   =        -0.5066609600)
  E    =      -114.8171285859
 dipole:  +0.006888  -0.060765  -0.622234
 <S^2> :  0.7546 / 0.7500

  alpha:
                 e:    -1.5463836791  -0.9406293749  -0.6924796177  -0.6025885123  -0.5696426769  -0.4908584957  -0.3221318447   0.2845642780   0.3012544812   0.3355658380   0.3705469647
    N   atom  l  m             1 (o)          2 (o)          3 (o)          4 (o)          5 (o)          6 (o)          7 (o)          8 (v)          9 (v)         10 (v)         11 (v)      
    1      1  0  0      0.4181333044   0.6825223817   0.0879971688   0.0052455888   0.0937392355   0.0081035269   0.1590554428   0.0134273032  -0.5508618246   0.0686538130   0.0951997205
    2      1  1 -1      0.0017722304  -0.0748282797  -0.0233356299  -0.1473489443   0.5046970141  -0.0996341379   0.7899530390   0.0316934012   0.2382264132   0.1601219332   0.0086112883
    3      1  1  0      0.0247462571  -0.0118173523  -0.4819122169   0.2731766779   0.1246310759   0.4053283298  -0.0224855725   0.2769711751   0.0652606032  -0.0414868911   0.6552559725
    4      1  1  1      0.1598964675  -0.1735127693  -0.1842265511  -0.5188444209  -0.1186454285   0.0719822664  -0.1652318939   0.0328495059  -0.0842117416   0.7608817990   0.0866942941
    5      2  0  0      0.8202854374  -0.3315543051  -0.2017055235   0.1038430293  -0.0800623368  -0.2162327034   0.0109080342  -0.2401903547   0.1368673597  -0.1897739641  -0.0033567683
    6      2  1 -1      0.0169996929  -0.0713912504   0.0933788163  -0.0168149166   0.8138973201  -0.1511347347  -0.5232572877  -0.1356141776  -0.0673683394   0.0105262556   0.0591836964
    7      2  1  0     -0.1281201964   0.0744539473  -0.4936888175   0.2769990828  -0.0075119402  -0.6470979967  -0.0439491162   0.3902365986  -0.1126842925   0.1590311068  -0.2158417651
    8      2  1  1     -0.0766932874  -0.3289124362   0.3811052984   0.5785562457  -0.0827449902  -0.1406842367   0.1322240061  -0.2007641484  -0.2833713243   0.4022078912   0.2818997285
    9      3  0  0      0.1018366894   0.3358810920  -0.0979822623   0.4421710973   0.0703820367   0.3153471200  -0.0964449645  -0.2077207811   0.4464878930   0.3968583986  -0.3974951060
   10      4  0  0      0.1096457960   0.3146987245   0.3860106375  -0.0653433443  -0.1300799312  -0.3866217706  -0.1361680506   0.2153598722   0.5576825844   0.0876805660   0.4308735386
   11      5  0  0      0.2848427566  -0.2402383239   0.3585439793   0.1101307065   0.0962695658   0.2519692607  -0.0411476170   0.7502145418  -0.0426536580   0.0247757114  -0.2841884955

  beta:
                 e:    -1.5157254078  -0.8996608377  -0.6835789928  -0.5956080391  -0.5140776908  -0.4827710159   0.1178151960   0.2886347833   0.3186156150   0.3569692842   0.3852778933
    N   atom  l  m             1 (o)          2 (o)          3 (o)          4 (o)          5 (o)          6 (o)          7 (v)          8 (v)          9 (v)         10 (v)         11 (v)      
    1      1  0  0      0.3966118388   0.6557411860  -0.0994066187   0.0083939715   0.0804176286  -0.0141686759   0.2059605809   0.0178130022  -0.5537153026  -0.1663428171   0.1381123901
    2      1  1 -1     -0.0006909686  -0.0988340798   0.0433751208  -0.1018353078   0.3377301387  -0.1773433633   0.8552794161   0.0456786429   0.2886512506  -0.1228108477   0.0218113335
    3      1  1  0      0.0250002303  -0.0011391582   0.4648010270   0.2807398143   0.2133069870   0.3321012518  -0.0383078739   0.2580713407   0.0732371660   0.1596277641   0.6706822831
    4      1  1  1      0.1632526043  -0.1615877725   0.1894272863  -0.5040793631  -0.0164814042   0.0726673511  -0.2055102713  -0.0099298521   0.0789734997  -0.7492365322   0.2044060392
    5      2  0  0      0.8264447081  -0.2974943947   0.2141349955   0.0931558067  -0.1590315045  -0.1755298631   0.0051521547  -0.2383946638   0.0990835392   0.2200738298  -0.0523839468
    6      2  1 -1      0.0156571197  -0.0861088863  -0.0912558024   0.0568734083   0.7889756991  -0.4406738793  -0.3670895750  -0.1440690990  -0.0793462318   0.0076880647   0.0472884178
    7      2  1  0     -0.1327188958   0.0861469680   0.4903094587   0.2791520117  -0.2317214985  -0.6065906514  -0.0381023630   0.3908962092  -0.0748075533  -0.2143198279  -0.1709014844
    8      2  1  1     -0.0739465560  -0.3533673996  -0.3740566762   0.5692440874  -0.1960667302  -0.0925449106   0.1167258923  -0.2294307504  -0.1878402836  -0.3789673553   0.3369507455
    9      3  0  0      0.1012891725   0.3646207155   0.0804095261   0.4703592167   0.1596625447   0.2839989185  -0.1027720632  -0.2032921702   0.4842980598  -0.3412549806  -0.3464850111
   10      4  0  0      0.1092087186   0.3308538830  -0.4124450158  -0.0865015647  -0.2091504285  -0.3587183772  -0.1377852237   0.1773469272   0.5532093083   0.0809335466   0.4068974048
   11      5  0  0      0.2947841710  -0.2519987763  -0.3538848239   0.1185355839   0.1566943920   0.2047475404  -0.0545023403   0.7583474560  -0.0300109830  -0.0967735293  -0.2356096858

charges:
   1( 6)   -0.063459
   2( 8)   -0.386660
   3( 1)   +0.080940
   4( 1)   +0.079323
   5( 1)   +0.289857

bonds:
   1( 6)    2( 8)   1.182328
   1( 6)    3( 1)   0.945991
   1( 6)    4( 1)   0.944687
   2( 8)    5( 1)   0.899381


TIME: 0.04 sec  (0.00 min)

