 Priroda 11 (2011.08.21)
 copyright (c) D.N. Laikov

 date: Sun Feb 18 23:03:56 2018

 node  0: 'hghscncs'

 Memory: 32m + 32m (32m + 32m)


 molecule input: ''
 3 atoms, 10 electrons

 Atomic Coordinates:
   8     0.00000000   0.00000000   0.39512816
   1     0.00000000  -0.75660536  -0.19756408
   1    -0.00000000   0.75660536  -0.19756408
 #
  formula: H2O
  internuclear distances:
  O1    |  H1   : 0.96111  H2   : 0.96111
  H1    |  O1   : 0.96111
  H2    |  O1   : 0.96111
     largest =    1.51321


 qm file: './qm_m.in'
 N=23 Ne=4,4
 NR=189+528,57+368,0
 it= 0: E= -76.2178775132 g=0.3084094095 x=0.1002832527 n=3
 it= 1: E= -76.2644836299 g=0.1612825783 x=0.1000323622 n=3
 it= 2: E= -76.2835038733 g=0.0319282701 x=0.0264524638 n=3
 it= 3: E= -76.2843334429 g=0.0001549941 x=0.0001382849 n=3
 it= 4: E= -76.2843334640 g=0.0000000051 x=0.0000000049 n=3
 it= 5: E= -76.2843334640 g=0.0000000000 x=0.0000000000 n=0

          e: -1.43810 -0.66895 -0.52692 -0.45828  0.31730  0.32942
   i at l  m      1        2        3        4 o      5 v      6  
   1  1 0  0  0.88110  0.00000  0.34006  0.00000 -0.00000 -0.32866
   2  1 1  0 -0.15919  0.00000  0.86766  0.00000  0.00000  0.47099
   3  1 1 +1  0.00000  0.00000  0.00000  1.00000  0.00000  0.00000
   4  1 1 -1  0.00000  0.78106 -0.00000  0.00000  0.62446 -0.00000
   5  2 0  0  0.31490 -0.44156 -0.25645  0.00000  0.55229  0.57886
   6  3 0  0  0.31490  0.44156 -0.25645  0.00000 -0.55229  0.57886
 time: Energy                           :     0.0 100.0%     0.0


eng>$Energy
eng> E=-7.628433346401e+01
eng> D= 0.00000000e+00  3.33066907e-16 -8.36418748e-01
eng>$end


 ============================================================

 Memory used =     7432 KB
  Disk  used =     4567 KB,          4567 KB written,         4548 KB read

 CPU  time =    0.07 sec =  0.00 min = 0.00 hr =    7.14%
 REAL time =    1.00 sec =  0.02 min = 0.00 hr
 ratio     =    7.14%

 date: Sun Feb 18 23:03:57 2018

 time: Energy                           :     0.0 100.0%     0.0
