
v180708
conv:1.000000e-08
it:32,8

  N   = 8,  Na  = 4,  Nb  = 4
  Mo  = 6,  Mv  = 17

 it   1     E =    -76.2178775132                                                Rmax =  7.82e-02
 it   2     E =    -76.2751999103    dE =     -0.0573223971    dD =  6.59e-02    Rmax =  3.13e-02
 it   3     E =    -76.2842583254    dE =     -0.0090584151    dD =  3.72e-02    Rmax =  2.07e-03
 it   4     E =    -76.2843313850    dE =     -0.0000730597    dD =  3.43e-03    Rmax =  4.68e-04
 it   5     E =    -76.2843334269    dE =     -0.0000020419    dD =  6.35e-04    Rmax =  6.00e-05
 it   6     E =    -76.2843334640    dE =     -0.0000000371    dD =  8.17e-05    Rmax =  1.91e-07
 it   7     E =    -76.2843334640    dE =     -0.0000000000    dD =  2.35e-07    Rmax =  2.48e-10
 it   8     E =    -76.2843334640    dE =      0.0000000000    dD =  3.89e-10    Rmax =  2.61e-14
converged

 (E0   =       -55.8606420720)
 (E0+1 =       -76.1022907100)
 (E2   =        -0.1820427541)
  E    =       -76.2843334640
 dipole:  +0.000000  +0.000000  -0.836419
 <S^2> :  -0.0000 / 0.0000

  alpha:
                 e:    -1.4381013909  -0.6689509810  -0.5269162733  -0.4582772614   0.3173024358   0.3294172544
    N   atom  l  m             1 (o)          2 (o)          3 (o)          4 (o)          5 (v)          6 (v)      
    1      1  0  0      0.8811016632   0.0000000000   0.3400604100   0.0000000000   0.0000000000  -0.3286621010
    2      1  1 -1      0.0000000000   0.7810588321   0.0000000000   0.0000000000   0.6244574451   0.0000000000
    3      1  1  0     -0.1591867598  -0.0000000000   0.8676572659   0.0000000000  -0.0000000000   0.4709887944
    4      1  1  1      0.0000000000   0.0000000000   0.0000000000   1.0000000000   0.0000000000   0.0000000000
    5      2  0  0      0.3148963596  -0.4415580940  -0.2564466674   0.0000000000   0.5522919967   0.5788569681
    6      3  0  0      0.3148963596   0.4415580940  -0.2564466674   0.0000000000  -0.5522919967   0.5788569681

  beta:
                 e:    -1.4381013909  -0.6689509810  -0.5269162733  -0.4582772614   0.3173024358   0.3294172544
    N   atom  l  m             1 (o)          2 (o)          3 (o)          4 (o)          5 (v)          6 (v)      
    1      1  0  0      0.8811016632   0.0000000000   0.3400604100   0.0000000000   0.0000000000  -0.3286621010
    2      1  1 -1      0.0000000000   0.7810588321   0.0000000000   0.0000000000   0.6244574451   0.0000000000
    3      1  1  0     -0.1591867598  -0.0000000000   0.8676572659   0.0000000000  -0.0000000000   0.4709887944
    4      1  1  1      0.0000000000   0.0000000000   0.0000000000   1.0000000000   0.0000000000   0.0000000000
    5      2  0  0      0.3148963596  -0.4415580940  -0.2564466674   0.0000000000   0.5522919967   0.5788569681
    6      3  0  0      0.3148963596   0.4415580940  -0.2564466674   0.0000000000  -0.5522919967   0.5788569681

charges:
   1( 8)   -0.560407
   2( 1)   +0.280204
   3( 1)   +0.280204

bonds:
   1( 8)    2( 1)   0.917874
   1( 8)    3( 1)   0.917874


TIME: 0.00 sec  (0.00 min)

