
  N   = 8,  Na  = 4,  Nb  = 4
  Mo  = 6,  Mv  = 17

 it   0     E = -55.8606995620
 it   1     E = -76.2178783026    dE =  -20.3571787405    dD =   14.5751519948
 it   2     E = -76.2751999357    dE =   -0.0573216332    dD =    0.1327629520
 it   3     E = -76.2830352809    dE =   -0.0078353452    dD =    0.0201213863
 it   4     E = -76.2841441942    dE =   -0.0011089133    dD =    0.0029490138
 it   5     E = -76.2843050278    dE =   -0.0001608336    dD =    0.0004330654
 it   6     E = -76.2843290368    dE =   -0.0000240090    dD =    0.0000647855
 it   7     E = -76.2843327469    dE =   -0.0000037101    dD =    0.0000099641
 it   8     E = -76.2843333423    dE =   -0.0000005954    dD =    0.0000015829
 it   9     E = -76.2843334415    dE =   -0.0000000992    dD =    0.0000002601
 it  10     E = -76.2843334586    dE =   -0.0000000171    dD =    0.0000000441
 it  11     E = -76.2843334617    dE =   -0.0000000030    dD =    0.0000000077
 it  12     E = -76.2843334622    dE =   -0.0000000006    dD =    0.0000000014
 it  13     E = -76.2843334623    dE =   -0.0000000001    dD =    0.0000000003
 it  14     E = -76.2843334624    dE =   -0.0000000000    dD =    0.0000000000
 it  15     E = -76.2843334624    dE =   -0.0000000000    dD =    0.0000000000
 it  16     E = -76.2843334624    dE =   -0.0000000000    dD =    0.0000000000
 it  17     E = -76.2843334624    dE =   -0.0000000000    dD =    0.0000000000
 it  18     E = -76.2843334624    dE =   -0.0000000000    dD =    0.0000000000

 (E0   =       -55.8606995620)
 (E0+1 =       -76.1022940024)
 (E2   =        -0.1820394600)
  E    =       -76.2843334624
 <S^2> : -0.0000 / 0.0000

  alpha:
                 e:    -1.4380956588  -0.6689493053  -0.5269141804  -0.4582762046   0.3172996411   0.3294096435
    N   atom  l  m             1 (o)          2 (o)          3 (o)          4 (o)          5 (v)          6 (v)      
    1      1  0  0      0.8811034570  -0.0000176232   0.3400576735   0.0000000000   0.0004485458  -0.3286598170
    2      1  1 -1     -0.1542668404  -0.1927014318   0.8408371186   0.0000000000   0.1534203426   0.4566432290
    3      1  1  0     -0.0392635709   0.7569138683   0.2140627290   0.0000000000  -0.6053176338   0.1153580439
    4      1  1  1      0.0000000000   0.0000000000   0.0000000000   1.0000000000   0.0000000000   0.0000000000
    5      2  0  0      0.3149046661   0.4415552601  -0.2564388017   0.0000000000   0.5514878924   0.5796242309
    6      3  0  0      0.3148838886  -0.4415614410  -0.2564566391   0.0000000000  -0.5530946249   0.5780899227

  beta:
                 e:    -1.4380956588  -0.6689493053  -0.5269141804  -0.4582762046   0.3172996411   0.3294096435
    N   atom  l  m             1 (o)          2 (o)          3 (o)          4 (o)          5 (v)          6 (v)      
    1      1  0  0      0.8811034570  -0.0000176232   0.3400576735   0.0000000000   0.0004485458  -0.3286598170
    2      1  1 -1     -0.1542668404  -0.1927014318   0.8408371186   0.0000000000   0.1534203426   0.4566432290
    3      1  1  0     -0.0392635709   0.7569138683   0.2140627290   0.0000000000  -0.6053176338   0.1153580439
    4      1  1  1      0.0000000000   0.0000000000   0.0000000000   1.0000000000   0.0000000000   0.0000000000
    5      2  0  0      0.3149046661   0.4415552601  -0.2564388017   0.0000000000   0.5514878924   0.5796242309
    6      3  0  0      0.3148838886  -0.4415614410  -0.2564566391   0.0000000000  -0.5530946249   0.5780899227

