
v180131
conv:1.000000e-13
it:64

  N   = 14,  Na  = 7,  Nb  = 7
  Mo  = 12,  Mv  = 34

 it   1     E =   -115.3863801323    dE =      0.0000000000    dD =  2.36e+01
 it   2     E =   -115.4603791907    dE =     -0.0739990584    dD =  1.59e-01
 it   3     E =   -115.4675815130    dE =     -0.0072023223    dD =  1.68e-02
 it   4     E =   -115.4687742578    dE =     -0.0011927449    dD =  2.86e-03
 it   5     E =   -115.4690270822    dE =     -0.0002528244    dD =  6.10e-04
 it   6     E =   -115.4690866235    dE =     -0.0000595413    dD =  1.44e-04
 it   7     E =   -115.4691013462    dE =     -0.0000147226    dD =  3.56e-05
 it   8     E =   -115.4691050742    dE =     -0.0000037280    dD =  9.02e-06
 it   9     E =   -115.4691060295    dE =     -0.0000009553    dD =  2.31e-06
 it  10     E =   -115.4691062758    dE =     -0.0000002463    dD =  5.95e-07
 it  11     E =   -115.4691063396    dE =     -0.0000000637    dD =  1.54e-07
 it  12     E =   -115.4691063561    dE =     -0.0000000165    dD =  3.99e-08
 it  13     E =   -115.4691063604    dE =     -0.0000000043    dD =  1.03e-08
 it  14     E =   -115.4691063615    dE =     -0.0000000011    dD =  2.68e-09
 it  15     E =   -115.4691063618    dE =     -0.0000000003    dD =  6.96e-10
 it  16     E =   -115.4691063619    dE =     -0.0000000001    dD =  1.81e-10
 it  17     E =   -115.4691063619    dE =     -0.0000000000    dD =  4.70e-11
 it  18     E =   -115.4691063619    dE =     -0.0000000000    dD =  1.22e-11
 it  19     E =   -115.4691063619    dE =     -0.0000000000    dD =  3.17e-12
 it  20     E =   -115.4691063619    dE =     -0.0000000000    dD =  8.25e-13
 it  21     E =   -115.4691063619    dE =     -0.0000000000    dD =  2.15e-13
 it  22     E =   -115.4691063619    dE =     -0.0000000000    dD =  5.58e-14
converged

 (E0   =       -71.0080714278)
 (E0+1 =      -114.8444299953)
 (E2   =        -0.6246763666)
  E    =      -115.4691063619
 dipole:  -0.678137  -0.250844  +0.000000
 <S^2> :  -0.0000 / 0.0000

  alpha:
                 e:    -1.5205190224  -0.9775041184  -0.6734126333  -0.6154222866  -0.5806618611  -0.4772149632  -0.4224612375   0.2943499931   0.3043872247   0.3273074829   0.3394143493   0.3515136355
    N   atom  l  m             1 (o)          2 (o)          3 (o)          4 (o)          5 (o)          6 (o)          7 (o)          8 (v)          9 (v)         10 (v)         11 (v)         12 (v)      
    1      1  0  0      0.4337932829   0.6433185565   0.0378970648  -0.0000000000  -0.0231388373   0.0303605868   0.0000000000  -0.0128188284   0.1992191604   0.0000000000   0.5586866746  -0.2075761727
    2      1  1 -1      0.1376036545  -0.2059479911  -0.1746516207   0.0000000000  -0.5106450494   0.0839988136   0.0000000000   0.0975667959   0.7681527176  -0.0000000000  -0.1851410987  -0.0804872652
    3      1  1  0      0.0000000000   0.0000000000   0.0000000000   0.6396069450   0.0000000000  -0.0000000000   0.2558886604  -0.0000000000   0.0000000000   0.7248613312  -0.0000000000  -0.0000000000
    4      1  1  1      0.0203601585  -0.0248143539  -0.4731308979  -0.0000000000   0.3064642091   0.3912950219   0.0000000000   0.4628028122  -0.1004361626  -0.0000000000  -0.1173741909  -0.5385482274
    5      2  0  0      0.8031844634  -0.3821965787  -0.1915652713   0.0000000000   0.0876827344  -0.2415906163  -0.0000000000  -0.2269350580  -0.2055447613  -0.0000000000  -0.1019816288  -0.0438238513
    6      2  1 -1     -0.0801459321  -0.2629868689   0.4224749937  -0.0000000000   0.5895102679  -0.1919374289  -0.0000000000  -0.1286555899   0.4466124986  -0.0000000000   0.0696708700  -0.3750974123
    7      2  1  0      0.0000000000   0.0000000000   0.0000000000   0.4957712779   0.0000000000   0.0000000000  -0.8579612119   0.0000000000  -0.0000000000  -0.1345860278   0.0000000000   0.0000000000
    8      2  1  1     -0.1311459883   0.0749393179  -0.4867562552  -0.0000000000   0.2441818568  -0.6592173066  -0.0000000000   0.3237916234   0.1908913024   0.0000000000   0.1419407377   0.2909179646
    9      3  0  0      0.1226240817   0.2951877094   0.2454903997   0.4153996846  -0.0397892367  -0.2345480456   0.3149790091   0.2298640258  -0.0402225081  -0.4777356234  -0.4626049030  -0.1118366159
   10      4  0  0      0.1178480838   0.3118126134  -0.1925056627  -0.0000000000   0.4558165421   0.3594926522   0.0000000000  -0.3164986303   0.2768272681  -0.0000000000  -0.3809399012   0.4392068741
   11      5  0  0      0.1226240817   0.2951877094   0.2454903997  -0.4153996846  -0.0397892367  -0.2345480456  -0.3149790091   0.2298640258  -0.0402225081   0.4777356234  -0.4626049030  -0.1118366159
   12      6  0  0      0.2824617873  -0.2252998334   0.3667482093  -0.0000000000   0.1378964555   0.2643419030   0.0000000000   0.6303894309   0.0463228567   0.0000000000   0.1768954942   0.4639292437

  beta:
                 e:    -1.5205190224  -0.9775041184  -0.6734126333  -0.6154222866  -0.5806618611  -0.4772149632  -0.4224612375   0.2943499931   0.3043872247   0.3273074829   0.3394143493   0.3515136355
    N   atom  l  m             1 (o)          2 (o)          3 (o)          4 (o)          5 (o)          6 (o)          7 (o)          8 (v)          9 (v)         10 (v)         11 (v)         12 (v)      
    1      1  0  0      0.4337932829   0.6433185565   0.0378970648  -0.0000000000  -0.0231388373   0.0303605868   0.0000000000  -0.0128188284   0.1992191604   0.0000000000   0.5586866746  -0.2075761727
    2      1  1 -1      0.1376036545  -0.2059479911  -0.1746516207   0.0000000000  -0.5106450494   0.0839988136   0.0000000000   0.0975667959   0.7681527176  -0.0000000000  -0.1851410987  -0.0804872652
    3      1  1  0      0.0000000000   0.0000000000   0.0000000000   0.6396069450   0.0000000000  -0.0000000000   0.2558886604  -0.0000000000   0.0000000000   0.7248613312  -0.0000000000  -0.0000000000
    4      1  1  1      0.0203601585  -0.0248143539  -0.4731308979  -0.0000000000   0.3064642091   0.3912950219   0.0000000000   0.4628028122  -0.1004361626  -0.0000000000  -0.1173741909  -0.5385482274
    5      2  0  0      0.8031844634  -0.3821965787  -0.1915652713   0.0000000000   0.0876827344  -0.2415906163  -0.0000000000  -0.2269350580  -0.2055447613  -0.0000000000  -0.1019816288  -0.0438238513
    6      2  1 -1     -0.0801459321  -0.2629868689   0.4224749937  -0.0000000000   0.5895102679  -0.1919374289  -0.0000000000  -0.1286555899   0.4466124986  -0.0000000000   0.0696708700  -0.3750974123
    7      2  1  0      0.0000000000   0.0000000000   0.0000000000   0.4957712779   0.0000000000   0.0000000000  -0.8579612119   0.0000000000  -0.0000000000  -0.1345860278   0.0000000000   0.0000000000
    8      2  1  1     -0.1311459883   0.0749393179  -0.4867562552  -0.0000000000   0.2441818568  -0.6592173066  -0.0000000000   0.3237916234   0.1908913024   0.0000000000   0.1419407377   0.2909179646
    9      3  0  0      0.1226240817   0.2951877094   0.2454903997   0.4153996846  -0.0397892367  -0.2345480456   0.3149790091   0.2298640258  -0.0402225081  -0.4777356234  -0.4626049030  -0.1118366159
   10      4  0  0      0.1178480838   0.3118126134  -0.1925056627  -0.0000000000   0.4558165421   0.3594926522   0.0000000000  -0.3164986303   0.2768272681  -0.0000000000  -0.3809399012   0.4392068741
   11      5  0  0      0.1226240817   0.2951877094   0.2454903997  -0.4153996846  -0.0397892367  -0.2345480456  -0.3149790091   0.2298640258  -0.0402225081   0.4777356234  -0.4626049030  -0.1118366159
   12      6  0  0      0.2824617873  -0.2252998334   0.3667482093  -0.0000000000   0.1378964555   0.2643419030   0.0000000000   0.6303894309   0.0463228567   0.0000000000   0.1768954942   0.4639292437

charges:
   1( 6)   +0.177827
   2( 8)   -0.536379
   3( 1)   +0.018395
   4( 1)   +0.029645
   5( 1)   +0.018395
   6( 1)   +0.292118

bonds:
   1( 6)    2( 8)   0.948953
   1( 6)    3( 1)   0.954238
   1( 6)    4( 1)   0.964064
   1( 6)    5( 1)   0.954238
   2( 8)    6( 1)   0.899787


TIME: 0.01 sec  (0.00 min)

