
  N   = 14,  Na  = 7,  Nb  = 7
  Mo  = 12,  Mv  = 34

 it   0     E = -71.0080700168
 it   1     E = -115.3863801309    dE =  -44.3783101141    dD =   23.5595292806
 it   2     E = -115.4603791909    dE =   -0.0739990600    dD =    0.1574493300
 it   3     E = -115.4675815131    dE =   -0.0072023223    dD =    0.0165052932
 it   4     E = -115.4687742579    dE =   -0.0011927448    dD =    0.0028040504
 it   5     E = -115.4690270823    dE =   -0.0002528244    dD =    0.0005986468
 it   6     E = -115.4690866235    dE =   -0.0000595413    dD =    0.0001414445
 it   7     E = -115.4691013462    dE =   -0.0000147226    dD =    0.0000350292
 it   8     E = -115.4691050742    dE =   -0.0000037280    dD =    0.0000088728
 it   9     E = -115.4691060295    dE =   -0.0000009553    dD =    0.0000022727
 it  10     E = -115.4691062758    dE =   -0.0000002463    dD =    0.0000005855
 it  11     E = -115.4691063396    dE =   -0.0000000637    dD =    0.0000001513
 it  12     E = -115.4691063561    dE =   -0.0000000165    dD =    0.0000000392
 it  13     E = -115.4691063604    dE =   -0.0000000043    dD =    0.0000000102
 it  14     E = -115.4691063615    dE =   -0.0000000011    dD =    0.0000000026
 it  15     E = -115.4691063618    dE =   -0.0000000003    dD =    0.0000000007
 it  16     E = -115.4691063619    dE =   -0.0000000001    dD =    0.0000000002
 it  17     E = -115.4691063619    dE =   -0.0000000000    dD =    0.0000000000
 it  18     E = -115.4691063619    dE =   -0.0000000000    dD =    0.0000000000
 it  19     E = -115.4691063619    dE =   -0.0000000000    dD =    0.0000000000
 it  20     E = -115.4691063619    dE =   -0.0000000000    dD =    0.0000000000
 it  21     E = -115.4691063619    dE =   -0.0000000000    dD =    0.0000000000
 it  22     E = -115.4691063619    dE =   -0.0000000000    dD =    0.0000000000

 (E0   =       -71.0080700168)
 (E0+1 =      -114.8444298505)
 (E2   =        -0.6246765114)
  E    =      -115.4691063619
 <S^2> : -0.0000 / 0.0000

  alpha:
                 e:    -1.5205190427  -0.9775041918  -0.6734126664  -0.6154223037  -0.5806618621  -0.4772149872  -0.4224612453   0.2943500415   0.3043872199   0.3273075791   0.3394145066   0.3515136490
    N   atom  l  m             1 (o)          2 (o)          3 (o)          4 (o)          5 (o)          6 (o)          7 (o)          8 (v)          9 (v)         10 (v)         11 (v)         12 (v)      
    1      1  0  0      0.4337933283   0.6433185116   0.0378969265   0.0000002304  -0.0231388223  -0.0303606651  -0.0000000646  -0.0128178150   0.1992190801  -0.0000060294  -0.5586876404   0.2075737723
    2      1  1 -1     -0.0063768068   0.0068060350   0.2245256287   0.5595113975  -0.1611844645   0.1872159304  -0.2238443025  -0.2214720826   0.0679969549  -0.6340888867  -0.0521127788  -0.2585610512
    3      1  1  0      0.0197392470  -0.0245917853  -0.4164931703   0.3093597994   0.2610689109  -0.3436099480  -0.1237667180   0.4063792180  -0.0771698970  -0.3505960712   0.1053054547   0.4724261645
    4      1  1  1      0.1375463319  -0.2058622644  -0.1745788645  -0.0184558247  -0.5104324448  -0.0839638298   0.0073841417   0.0975258496   0.7678328351   0.0209182657   0.1850635488   0.0804547163
    5      2  0  0      0.8031844316  -0.3821966515  -0.1915652010   0.0000001476   0.0876827049   0.2415906729   0.0000001655  -0.2269353034  -0.2055447083  -0.0000000645   0.1019810417   0.0438241982
    6      2  1 -1      0.0614341298  -0.0429025292   0.2461977465   0.4336872399  -0.1032649150  -0.3141319381   0.7505214218  -0.1599238200  -0.0810887508   0.1177314084   0.0669200789   0.1502409771
    7      2  1  0     -0.1158898856   0.0619101350  -0.4200796079   0.2397910546   0.2219245749   0.5795855115   0.4149725052   0.2815660745   0.1732921386   0.0650968397  -0.1251894435  -0.2493559016
    8      2  1  1     -0.0801125622  -0.2628772654   0.4222990715  -0.0143078110   0.5892647567   0.1918575299  -0.0247575651  -0.1286019348   0.4464265347  -0.0038871376  -0.0696437446   0.3749408347
    9      3  0  0      0.1226241062   0.2951877730   0.2454909325   0.4153995926  -0.0397884071   0.2345480966  -0.3149785824   0.2298616656  -0.0402223162   0.4777393758   0.4626010827   0.1118416757
   10      4  0  0      0.1178480923   0.3118125360  -0.1925058091  -0.0000010607   0.4558165495  -0.3594926186  -0.0000004706  -0.3164991471   0.2768273812   0.0000048781   0.3809411239  -0.4392053783
   11      5  0  0      0.1226241483   0.2951877812   0.2454898561  -0.4153997908  -0.0397900545   0.2345478295   0.3149793216   0.2298645011  -0.0402226216  -0.4777319338   0.4626086415   0.1118357131
   12      6  0  0      0.2824617774  -0.2252998193   0.3667481845  -0.0000008135   0.1378964971  -0.2643419431  -0.0000002524   0.6303899616   0.0463227241   0.0000033261  -0.1768923070  -0.4639297482

  beta:
                 e:    -1.5205190427  -0.9775041918  -0.6734126664  -0.6154223037  -0.5806618621  -0.4772149872  -0.4224612453   0.2943500415   0.3043872199   0.3273075791   0.3394145066   0.3515136490
    N   atom  l  m             1 (o)          2 (o)          3 (o)          4 (o)          5 (o)          6 (o)          7 (o)          8 (v)          9 (v)         10 (v)         11 (v)         12 (v)      
    1      1  0  0      0.4337933283   0.6433185116   0.0378969265   0.0000002304  -0.0231388223  -0.0303606651  -0.0000000646  -0.0128178150   0.1992190801  -0.0000060294  -0.5586876404   0.2075737723
    2      1  1 -1     -0.0063768068   0.0068060350   0.2245256287   0.5595113975  -0.1611844645   0.1872159304  -0.2238443025  -0.2214720826   0.0679969549  -0.6340888867  -0.0521127788  -0.2585610512
    3      1  1  0      0.0197392470  -0.0245917853  -0.4164931703   0.3093597994   0.2610689109  -0.3436099480  -0.1237667180   0.4063792180  -0.0771698970  -0.3505960712   0.1053054547   0.4724261645
    4      1  1  1      0.1375463319  -0.2058622644  -0.1745788645  -0.0184558247  -0.5104324448  -0.0839638298   0.0073841417   0.0975258496   0.7678328351   0.0209182657   0.1850635488   0.0804547163
    5      2  0  0      0.8031844316  -0.3821966515  -0.1915652010   0.0000001476   0.0876827049   0.2415906729   0.0000001655  -0.2269353034  -0.2055447083  -0.0000000645   0.1019810417   0.0438241982
    6      2  1 -1      0.0614341298  -0.0429025292   0.2461977465   0.4336872399  -0.1032649150  -0.3141319381   0.7505214218  -0.1599238200  -0.0810887508   0.1177314084   0.0669200789   0.1502409771
    7      2  1  0     -0.1158898856   0.0619101350  -0.4200796079   0.2397910546   0.2219245749   0.5795855115   0.4149725052   0.2815660745   0.1732921386   0.0650968397  -0.1251894435  -0.2493559016
    8      2  1  1     -0.0801125622  -0.2628772654   0.4222990715  -0.0143078110   0.5892647567   0.1918575299  -0.0247575651  -0.1286019348   0.4464265347  -0.0038871376  -0.0696437446   0.3749408347
    9      3  0  0      0.1226241062   0.2951877730   0.2454909325   0.4153995926  -0.0397884071   0.2345480966  -0.3149785824   0.2298616656  -0.0402223162   0.4777393758   0.4626010827   0.1118416757
   10      4  0  0      0.1178480923   0.3118125360  -0.1925058091  -0.0000010607   0.4558165495  -0.3594926186  -0.0000004706  -0.3164991471   0.2768273812   0.0000048781   0.3809411239  -0.4392053783
   11      5  0  0      0.1226241483   0.2951877812   0.2454898561  -0.4153997908  -0.0397900545   0.2345478295   0.3149793216   0.2298645011  -0.0402226216  -0.4777319338   0.4626086415   0.1118357131
   12      6  0  0      0.2824617774  -0.2252998193   0.3667481845  -0.0000008135   0.1378964971  -0.2643419431  -0.0000002524   0.6303899616   0.0463227241   0.0000033261  -0.1768923070  -0.4639297482

