Priroda 17 (2017.09.19)
copyright (c) Dimitri N. Laikov

 date: Sun Feb 18 21:41:49 2018

 node   0: 'hghscncs'

 Memory: 32m + 32m (32m + 32m)


 molecule input: ''
 6 atoms, 18 electrons

 Atomic Coordinates:
   6    -0.00245553  -0.36778906   0.07539561
   8     0.11226314   1.06989912   0.38273238
   1    -0.39313563  -0.87303191   0.96300013
   1     0.98133851  -0.77406616  -0.17539480
   1    -0.67824028  -0.54083025  -0.76320371
   1    -0.01977021   1.48581824  -0.48252962
 #
  formula: H4CO
  internuclear distances:
  C1    |  O1   : 1.47464  H1   : 1.09350  H2   : 1.09353  H3   : 1.09081
  O1    |  C1   : 1.47464  H4   : 0.96907
  H1    |  C1   : 1.09350
  H2    |  C1   : 1.09353
  H3    |  C1   : 1.09081
  H4    |  O1   : 0.96907
     largest =    2.79162


 qm file: './qm_m.in'
 N=46 Ne=7,7
 NR=1206+2112,114+736,0
 it= 0: E=-115.4017991608 g=0.4017209144 x=0.1254528117 n=8
 it= 1: E=-115.4766554349 g=0.2012142177 x=0.1259881615 n=7
 it= 2: E=-115.5054026002 g=0.0361982399 x=0.0342695248 n=8
 it= 3: E=-115.5065904889 g=0.0001639719 x=0.0001152801 n=5
 it= 4: E=-115.5065905072 g=0.0000000074 x=0.0000000000 n=0

          e: -1.52865 -0.98455 -0.68481 -0.61973 -0.58779 -0.50415 -0.44936  0.26354  0.27876  0.32536  0.33442  0.36342
   i at l  m      1        2        3        4        5        6        7 o      8 v      9       10       11       12  
   1  1 0  0  0.40625  0.66515 -0.06258 -0.00126 -0.00260 -0.01008  0.00144 -0.31056  0.00684 -0.26442  0.23676 -0.40749
   2  1 1  0  0.01993  0.00797  0.42421 -0.11574  0.23027  0.48608  0.02110 -0.11097  0.27196 -0.50662  0.06652  0.41120
   3  1 1 +1  0.00992 -0.00375  0.06792  0.60770  0.04790  0.09933 -0.32552 -0.06402  0.04334  0.29968  0.61079  0.19749
   4  1 1 -1  0.13726 -0.16964  0.13904 -0.00245 -0.50931  0.05679  0.01600 -0.74949 -0.04272  0.19414 -0.20204  0.16762
   5  2 0  0  0.81973 -0.36695  0.23048  0.00610  0.08393 -0.18545  0.00352  0.21484 -0.21857 -0.03899  0.01756  0.05502
   6  2 1  0 -0.11977  0.07029  0.58800 -0.07970  0.23387 -0.55590 -0.12106 -0.12079  0.41410  0.19456 -0.06572 -0.14833
   7  2 1 +1 -0.02229 -0.00139  0.08196  0.54744  0.10436 -0.05148  0.81306 -0.04135  0.06330 -0.02965 -0.10064 -0.04194
   8  2 1 -1 -0.07229 -0.28239 -0.33609 -0.05481  0.66270 -0.18519 -0.03314 -0.50980 -0.20901 -0.12582  0.06700  0.02460
   9  3 0  0  0.11205  0.32033  0.14278 -0.25530  0.36247  0.35631  0.17280 -0.00347 -0.23392  0.65780 -0.10019  0.11659
  10  4 0  0  0.11325  0.29842 -0.10422  0.44423  0.15285 -0.05199 -0.37775  0.03377 -0.02075 -0.08009 -0.67157  0.24933
  11  5 0  0  0.11680  0.27416 -0.30548 -0.21274 -0.09536 -0.42343  0.20943  0.04055  0.19592  0.03472  0.18634  0.68148
  12  6 0  0  0.29081 -0.20631 -0.38611 -0.02076  0.09821  0.24740 -0.00921 -0.01596  0.74954  0.22253 -0.10309 -0.17380
 time: Energy                           :     0.0 100.0%     0.0


eng>$Energy
eng> E=-1.1550659050717e+02
eng> D=-2.81116400e-01 -6.96282046e-01 -1.11728274e+00
eng>$end


 ============================================================

 Memory used =     4929 KB
  Disk  used =     4559 KB,          4559 KB written,         4554 KB read

 CPU  time =    0.09 sec =  0.00 min = 0.00 hr =  103.35%
 REAL time =    0.09 sec =  0.00 min = 0.00 hr
 ratio     =  103.35%

 date: Sun Feb 18 21:41:49 2018

 time: Energy                           :     0.0 100.0%     0.0
