 Priroda 11 (2011.08.21)
 copyright (c) D.N. Laikov

 date: Tue Sep  5 03:41:03 2017

 node  0: 'hghscncs'

 Memory: 32m + 32m (32m + 32m)


 molecule input: ''
 6 atoms, 18 electrons

 Atomic Coordinates:
   6     0.06024400  -0.35561190   0.00000000
   8     0.41285966   1.02460420   0.00000000
   1    -0.52569736  -0.63161025   0.88731706
   1     0.98232007  -0.94247477   0.00000000
   1    -0.52569736  -0.63161025  -0.88731706
   1    -0.40402899   1.53670297   0.00000000
 #
  formula: H4CO
  internuclear distances:
  C1    |  O1   : 1.42455  H1   : 1.09856  H2   : 1.09299  H3   : 1.09856
  O1    |  C1   : 1.42455  H4   : 0.96413
  H1    |  C1   : 1.09856
  H2    |  C1   : 1.09299
  H3    |  C1   : 1.09856
  H4    |  O1   : 0.96413
     largest =    2.84047


 qm file: './qm_m.in'
 N=46 Ne=7,7
 NR=1206+2112,114+736,0
 it= 0: E=-115.3863801323 g=0.3664607395 x=0.1003736418 n=12
 it= 1: E=-115.4423939586 g=0.1961891884 x=0.1005007842 n=10
 it= 2: E=-115.4667184875 g=0.0531657176 x=0.0473706143 n=12
 it= 3: E=-115.4691062764 g=0.0003368958 x=0.0002588989 n=10
 it= 4: E=-115.4691063619 g=0.0000000274 x=0.0000000212 n=5
 it= 5: E=-115.4691063619 g=0.0000000000 x=0.0000000000 n=0

          e: -1.52052 -0.97750 -0.67341 -0.61542 -0.58066 -0.47721 -0.42246  0.29435  0.30439  0.32731  0.33941  0.35151
   i at l  m      1        2        3        4        5        6        7 o      8 v      9       10       11       12  
   1  1 0  0  0.43379  0.64332 -0.03790  0.00000 -0.02314  0.03036  0.00000 -0.01282  0.19922 -0.00000  0.55869  0.20758
   2  1 1  0  0.00000 -0.00000  0.00000  0.63961 -0.00000  0.00000  0.25589  0.00000 -0.00000  0.72486 -0.00000  0.00000
   3  1 1 +1  0.02036 -0.02481  0.47313  0.00000  0.30646  0.39130  0.00000  0.46280 -0.10044 -0.00000 -0.11737  0.53855
   4  1 1 -1  0.13760 -0.20595  0.17465 -0.00000 -0.51065  0.08400 -0.00000  0.09757  0.76815  0.00000 -0.18514  0.08049
   5  2 0  0  0.80318 -0.38220  0.19157  0.00000  0.08768 -0.24159  0.00000 -0.22694 -0.20554 -0.00000 -0.10198  0.04382
   6  2 1  0 -0.00000  0.00000 -0.00000  0.49577  0.00000 -0.00000 -0.85796 -0.00000  0.00000 -0.13459  0.00000 -0.00000
   7  2 1 +1 -0.13115  0.07494  0.48676  0.00000  0.24418 -0.65922  0.00000  0.32379  0.19089  0.00000  0.14194 -0.29092
   8  2 1 -1 -0.08015 -0.26299 -0.42247  0.00000  0.58951 -0.19194  0.00000 -0.12866  0.44661 -0.00000  0.06967  0.37510
   9  3 0  0  0.12262  0.29519 -0.24549  0.41540 -0.03979 -0.23455  0.31498  0.22986 -0.04022 -0.47774 -0.46260  0.11184
  10  4 0  0  0.11785  0.31181  0.19251  0.00000  0.45582  0.35949  0.00000 -0.31650  0.27683  0.00000 -0.38094 -0.43921
  11  5 0  0  0.12262  0.29519 -0.24549 -0.41540 -0.03979 -0.23455 -0.31498  0.22986 -0.04022  0.47774 -0.46260  0.11184
  12  6 0  0  0.28246 -0.22530 -0.36675  0.00000  0.13790  0.26434  0.00000  0.63039  0.04632  0.00000  0.17690 -0.46393
 time: Energy                           :     0.0 100.0%     0.0


eng>$Energy
eng> E=-1.154691063619e+02
eng> D=-6.78136748e-01 -2.50843681e-01  7.95437979e-16
eng>$end


 ============================================================

 Memory used =     7432 KB
  Disk  used =     4573 KB,          4573 KB written,         4550 KB read

 CPU  time =    0.07 sec =  0.00 min = 0.00 hr =     inf%
 REAL time =    0.00 sec =  0.00 min = 0.00 hr
 ratio     =     inf%

 date: Tue Sep  5 03:41:03 2017

 time: Energy                           :     0.0 100.0%     0.0
