
v181013
conv:1.000000e-08
it:32,8

  N   = 14,  Na  = 7,  Nb  = 7
  Mo  = 12,  Mv  = 34

 it   1     E =   -115.3397335806                                                Rmax =  7.92e-02
 it   2     E =   -115.4393566028    dE =     -0.0996230222    dD =  4.73e-02    Rmax =  3.05e-02
 it   3     E =   -115.4507797779    dE =     -0.0114231752    dD =  2.00e-02    Rmax =  8.94e-03
 it   4     E =   -115.4516729195    dE =     -0.0008931416    dD =  6.95e-03    Rmax =  1.25e-03
 it   5     E =   -115.4516937962    dE =     -0.0000208767    dD =  1.02e-03    Rmax =  1.68e-04
 it   6     E =   -115.4516944554    dE =     -0.0000006592    dD =  2.00e-04    Rmax =  1.76e-05
 it   7     E =   -115.4516944637    dE =     -0.0000000083    dD =  1.78e-05    Rmax =  4.38e-06
 it   8     E =   -115.4516944641    dE =     -0.0000000004    dD =  4.41e-06    Rmax =  5.21e-07
 it   9     E =   -115.4516944641    dE =     -0.0000000000    dD =  6.59e-07    Rmax =  8.76e-08
 it  10     E =   -115.4516944641    dE =     -0.0000000000    dD =  1.33e-07    Rmax =  1.54e-08
 it  11     E =   -115.4516944641    dE =     -0.0000000000    dD =  1.50e-08    Rmax =  7.64e-09
 it  12     E =   -115.4516944641    dE =      0.0000000000    dD =  1.02e-08    Rmax =  1.81e-09
 it  13     E =   -115.4516944641    dE =     -0.0000000000    dD =  1.20e-09    Rmax =  1.07e-09
converged

 (E0   =       -72.2973996683)
 (E0+1 =      -114.9023489248)
 (E2   =        -0.5493455394)
  E    =      -115.4516944641
 dipole:  -0.374942  -0.559335  -0.675523

  scf vectors:
                 e:    -1.4509249495  -0.9929337960  -0.6486158547  -0.6118048811  -0.5349126223  -0.4916341710  -0.4224705420   0.1992750929   0.2970601382   0.3206388094   0.3221071658   0.3332868582
    N   atom  l  m             1 (o)          2 (o)          3 (o)          4 (o)          5 (o)          6 (o)          7 (o)          8 (v)          9 (v)         10 (v)         11 (v)         12 (v)      
    1      1  0  0      0.4055562535   0.6762182528   0.0019039920  -0.0007048347   0.0217053705  -0.0343071302  -0.0007353040  -0.2685285361  -0.1925077944   0.4917321511  -0.1455479996  -0.0666984311
    2      1  1 -1      0.1195449585  -0.1798538992   0.0066598860   0.0187947462   0.4857335913  -0.2818210363   0.0080065452  -0.7478775244   0.0552126111  -0.2574036537   0.0885098698  -0.0328602551
    3      1  1  0      0.0092217810  -0.0282002121   0.4842091361   0.3069426670  -0.2496440871  -0.2750132500   0.0910699750  -0.0844902377   0.4297378832   0.2900613585   0.3185567034   0.3831083485
    4      1  1  1      0.0100378103  -0.0219793278   0.2439281819  -0.5938299572  -0.1168909080  -0.1533362367  -0.1734955088  -0.0663814583   0.3041476415  -0.0547116165  -0.6115462470   0.2147336467
    5      2  0  0      0.8087090499  -0.3963242682   0.2036402368  -0.0020767690   0.0463865056   0.2607769637  -0.0003030310   0.1598229585  -0.1526837340  -0.0563365704   0.0041352229   0.1588711854
    6      2  1 -1     -0.0773250452  -0.1995771365  -0.2366803582   0.0212698146  -0.6011480795   0.4272478707  -0.0381795124  -0.5578911379  -0.1015898146   0.0639836660  -0.0298433322   0.1606076875
    7      2  1  0     -0.1250745093   0.0561559422   0.4513253023   0.1634741044   0.1880784006   0.5480853290  -0.4251869213  -0.0957989547   0.2616866953   0.0399631805  -0.0362098062  -0.3920000806
    8      2  1  1     -0.0679585654   0.0206570963   0.2202074923  -0.3278145994   0.0647308320   0.3032990883   0.8217415476  -0.0752454058   0.1198563496   0.0474128143   0.0765623040  -0.1985557882
    9      3  0  0      0.1200321270   0.3064816797   0.2244991873   0.4033705601  -0.3242762312  -0.0893449390   0.1994332296  -0.0261454576  -0.0474241473  -0.6489667745  -0.2913772803  -0.1290392994
   10      4  0  0      0.1220617296   0.3050194859   0.0936609455  -0.4960552194  -0.2249888913  -0.0090123536  -0.2488041825  -0.0159442708  -0.0164751969  -0.3459099680   0.6342933953  -0.0459203643
   11      5  0  0      0.1319359076   0.3033490996  -0.4339836565   0.0966040337   0.2326637043   0.3417142988   0.0486047927   0.0626929639   0.5533623881  -0.2005458235   0.0111741157   0.4112794318
   12      6  0  0      0.3067278576  -0.1721347127  -0.3298570861   0.0066783730  -0.2731379492  -0.2291069616   0.0007116141   0.0230892275   0.5074477136   0.1125652741   0.0089579337  -0.6079103870

charges:
   1( 6)   +0.116688
   2( 8)   -0.537159
   3( 1)   +0.051285
   4( 1)   +0.049232
   5( 1)   +0.039269
   6( 1)   +0.280685

bonds:
   1( 6)    2( 8)   0.926343
   1( 6)    3( 1)   0.965861
   1( 6)    4( 1)   0.963985
   1( 6)    5( 1)   0.967639
   2( 8)    6( 1)   0.915901


TIME: 0.03 sec  (0.00 min)

 G=-1.17121834e-02 -5.41268502e-02 -1.89437019e-02
    2.05931968e-02  6.20830315e-02  3.19883183e-02
   -1.09395543e-03  3.22253748e-03  4.91597316e-04
   -3.14060978e-04  3.50340873e-03 -7.93159245e-04
   -4.68297145e-04 -1.33072898e-03 -1.87723409e-03
   -7.00469987e-03 -1.33513985e-02 -1.08658204e-02

TIME: 0.15 sec  (0.00 min)

