 Priroda 11 (2011.08.21)
 copyright (c) D.N. Laikov

 date: Sun Oct 14 21:53:46 2018

 node  0: 'hghscncs'

 Memory: 32m + 32m (32m + 32m)


 molecule input: ''
 6 atoms, 18 electrons

 Atomic Coordinates:
   6     0.01338586  -0.41399495   0.06133925
   8     0.24719313   1.15097780   0.38493281
   1    -0.44152660  -0.83647983   0.95556879
   1     0.99688782  -0.82889565  -0.15163160
   1    -0.64635654  -0.52130263  -0.80567159
   1    -0.16958366   1.44969526  -0.44453767
 #
  formula: H4CO
  internuclear distances:
  C1    |  O1   : 1.61509  H1   : 1.08862  H2   : 1.08847  H3   : 1.09475
  O1    |  C1   : 1.61509  H4   : 0.97517
  H1    |  C1   : 1.08862
  H2    |  C1   : 1.08847
  H3    |  C1   : 1.09475
  H4    |  O1   : 0.97517
     largest =    2.69460


 qm file: './qm_m.in'
 N=46 Ne=7,7
 NR=1206+2112,114+736,0
 it= 0: E=-115.3397335806 g=0.4007429147 x=0.1012201587 n=12
 it= 1: E=-115.4044390938 g=0.2434029525 x=0.1002861524 n=10
 it= 2: E=-115.4394748008 g=0.1129844758 x=0.1009698118 n=12
 it= 3: E=-115.4515221727 g=0.0122963374 x=0.0144786756 n=12
 it= 4: E=-115.4516944635 g=0.0000301773 x=0.0000231900 n=10
 it= 5: E=-115.4516944641 g=0.0000000001 x=0.0000000001 n=3
 it= 6: E=-115.4516944641 g=0.0000000000 x=0.0000000000 n=0

          e: -1.45092 -0.99293 -0.64862 -0.61180 -0.53491 -0.49163 -0.42247  0.19928  0.29706  0.32064  0.32211  0.33329
   i at l  m      1        2        3        4        5        6        7 o      8 v      9       10       11       12  
   1  1 0  0  0.40556  0.67622  0.00190  0.00070  0.02171 -0.03431 -0.00074  0.26853 -0.19251  0.49173 -0.14555 -0.06670
   2  1 1  0  0.00922 -0.02820  0.48421 -0.30694 -0.24964 -0.27501  0.09107  0.08449  0.42974  0.29006  0.31856  0.38311
   3  1 1 +1  0.01004 -0.02198  0.24393  0.59383 -0.11689 -0.15334 -0.17350  0.06638  0.30415 -0.05471 -0.61155  0.21473
   4  1 1 -1  0.11954 -0.17985  0.00666 -0.01879  0.48573 -0.28182  0.00801  0.74788  0.05521 -0.25740  0.08851 -0.03286
   5  2 0  0  0.80871 -0.39632  0.20364  0.00208  0.04639  0.26078 -0.00030 -0.15982 -0.15268 -0.05634  0.00414  0.15887
   6  2 1  0 -0.12507  0.05616  0.45133 -0.16347  0.18808  0.54809 -0.42519  0.09580  0.26169  0.03996 -0.03621 -0.39200
   7  2 1 +1 -0.06796  0.02066  0.22021  0.32781  0.06473  0.30330  0.82174  0.07525  0.11986  0.04741  0.07656 -0.19856
   8  2 1 -1 -0.07733 -0.19958 -0.23668 -0.02127 -0.60115  0.42725 -0.03818  0.55789 -0.10159  0.06398 -0.02984  0.16061
   9  3 0  0  0.12003  0.30648  0.22450 -0.40337 -0.32428 -0.08934  0.19943  0.02615 -0.04742 -0.64897 -0.29138 -0.12904
  10  4 0  0  0.12206  0.30502  0.09366  0.49606 -0.22499 -0.00901 -0.24880  0.01594 -0.01648 -0.34591  0.63429 -0.04592
  11  5 0  0  0.13194  0.30335 -0.43398 -0.09660  0.23266  0.34171  0.04860 -0.06269  0.55336 -0.20055  0.01117  0.41128
  12  6 0  0  0.30673 -0.17213 -0.32986 -0.00668 -0.27314 -0.22911  0.00071 -0.02309  0.50745  0.11257  0.00896 -0.60791
 time: Energy                           :     0.0 100.0%     0.0


eng>$Energy
eng> E=-1.154516944641e+02
eng> D=-3.74941609e-01 -5.59335059e-01 -6.75523053e-01
eng> G=-1.17121848e-02 -5.41268502e-02 -1.89437014e-02
eng>    2.05931974e-02  6.20830313e-02  3.19883181e-02
eng>   -1.09395540e-03  3.22253725e-03  4.91597325e-04
eng>   -3.14060842e-04  3.50340924e-03 -7.93159152e-04
eng>   -4.68297167e-04 -1.33072931e-03 -1.87723411e-03
eng>   -7.00469917e-03 -1.33513983e-02 -1.08658207e-02
eng>$end

 G(max) = 0.06208303


 ============================================================

 Memory used =     7432 KB
  Disk  used =     4573 KB,          4573 KB written,         4550 KB read

 CPU  time =    0.17 sec =  0.00 min = 0.00 hr =     inf%
 REAL time =    0.00 sec =  0.00 min = 0.00 hr
 ratio     =     inf%

 date: Sun Oct 14 21:53:46 2018

 time: Energy                           :     0.0 100.0%     0.0
