
v180213
conv:1.000000e-13
it:64
field:1.000000e-02,2.000000e-02,3.000000e-02

  N   = 14,  Na  = 7,  Nb  = 7
  Mo  = 12,  Mv  = 34

 it   1     E =   -115.4282649666
 it   2     E =   -115.4983115650    dE =     -0.0700465984    dD =  1.49e-01
 it   3     E =   -115.5051860400    dE =     -0.0068744750    dD =  1.61e-02
 it   4     E =   -115.5062949340    dE =     -0.0011088940    dD =  2.71e-03
 it   5     E =   -115.5065221683    dE =     -0.0002272343    dD =  5.63e-04
 it   6     E =   -115.5065739801    dE =     -0.0000518119    dD =  1.29e-04
 it   7     E =   -115.5065864195    dE =     -0.0000124394    dD =  3.12e-05
 it   8     E =   -115.5065894844    dE =     -0.0000030649    dD =  7.70e-06
 it   9     E =   -115.5065902497    dE =     -0.0000007653    dD =  1.92e-06
 it  10     E =   -115.5065904421    dE =     -0.0000001924    dD =  4.83e-07
 it  11     E =   -115.5065904907    dE =     -0.0000000486    dD =  1.22e-07
 it  12     E =   -115.5065905030    dE =     -0.0000000123    dD =  3.08e-08
 it  13     E =   -115.5065905061    dE =     -0.0000000031    dD =  7.79e-09
 it  14     E =   -115.5065905069    dE =     -0.0000000008    dD =  1.97e-09
 it  15     E =   -115.5065905071    dE =     -0.0000000002    dD =  5.00e-10
 it  16     E =   -115.5065905071    dE =     -0.0000000001    dD =  1.27e-10
 it  17     E =   -115.5065905072    dE =     -0.0000000000    dD =  3.21e-11
 it  18     E =   -115.5065905072    dE =     -0.0000000000    dD =  8.16e-12
 it  19     E =   -115.5065905072    dE =     -0.0000000000    dD =  2.07e-12
 it  20     E =   -115.5065905072    dE =     -0.0000000000    dD =  5.26e-13
 it  21     E =   -115.5065905072    dE =     -0.0000000000    dD =  1.33e-13
 it  22     E =   -115.5065905072    dE =      0.0000000000    dD =  3.39e-14
converged

 (E0   =       -71.0594236589)
 (E0+1 =      -114.9046984454)
 (E2   =        -0.6018920617)
  E    =      -115.5065905072
 dipole:  -0.281116  -0.696282  -1.117283
 <S^2> :  -0.0000 / 0.0000

  alpha:
                 e:    -1.5286535996  -0.9845517090  -0.6848149018  -0.6197264939  -0.5877914866  -0.5041451997  -0.4493569554   0.2635393232   0.2787586774   0.3253560125   0.3344170846   0.3634201214
    N   atom  l  m             1 (o)          2 (o)          3 (o)          4 (o)          5 (o)          6 (o)          7 (o)          8 (v)          9 (v)         10 (v)         11 (v)         12 (v)      
    1      1  0  0      0.4062475484   0.6651470152  -0.0625830602  -0.0012573802  -0.0026015640  -0.0100809419  -0.0014395628   0.3105575567   0.0068417949  -0.2644225200  -0.2367598822  -0.4074878823
    2      1  1 -1      0.1372626512  -0.1696382448   0.1390444051  -0.0024490514  -0.5093096629   0.0567937052  -0.0160040031   0.7494883223  -0.0427247396   0.1941419649   0.2020398675   0.1676160523
    3      1  1  0      0.0199349689   0.0079682592   0.4242053148  -0.1157361430   0.2302655801   0.4860836060  -0.0210974752   0.1109705280   0.2719600688  -0.5066154780  -0.0665204897   0.4112037597
    4      1  1  1      0.0099162806  -0.0037495791   0.0679217726   0.6077021506   0.0479016312   0.0993251816   0.3255202947   0.0640248243   0.0433402798   0.2996755655  -0.6107895082   0.1974892172
    5      2  0  0      0.8197330244  -0.3669450588   0.2304796241   0.0061020845   0.0839277879  -0.1854474121  -0.0035217753  -0.2148397863  -0.2185691350  -0.0389902305  -0.0175601233   0.0550162184
    6      2  1 -1     -0.0722947084  -0.2823880989  -0.3360906536  -0.0548101889   0.6626960187  -0.1851907809   0.0331443925   0.5098035516  -0.2090130604  -0.1258161292  -0.0669956224   0.0245953378
    7      2  1  0     -0.1197671175   0.0702854573   0.5879999959  -0.0797039427   0.2338659689  -0.5559042675   0.1210587075   0.1207929691   0.4140959951   0.1945634811   0.0657157635  -0.1483276013
    8      2  1  1     -0.0222886146  -0.0013887982   0.0819587216   0.5474400602   0.1043583231  -0.0514798766  -0.8130611366   0.0413471965   0.0633047819  -0.0296540658   0.1006409988  -0.0419419590
    9      3  0  0      0.1120529219   0.3203310262   0.1427767493  -0.2553041035   0.3624699254   0.3563120072  -0.1728009483   0.0034744225  -0.2339214462   0.6578005360   0.1001943015   0.1165854713
   10      4  0  0      0.1132540516   0.2984224176  -0.1042208124   0.4442321688   0.1528492522  -0.0519949463   0.3777489696  -0.0337685310  -0.0207461828  -0.0800885259   0.6715675132   0.2493289315
   11      5  0  0      0.1168025518   0.2741556449  -0.3054840786  -0.2127386774  -0.0953649081  -0.4234306582  -0.2094265346  -0.0405499795   0.1959175847   0.0347150988  -0.1863417548   0.6814790747
   12      6  0  0      0.2908114233  -0.2063052335  -0.3861085154  -0.0207552964   0.0982061669   0.2474040065   0.0092050273   0.0159564808   0.7495411035   0.2225305324   0.1030865430  -0.1737965026

  beta:
                 e:    -1.5286535996  -0.9845517090  -0.6848149018  -0.6197264939  -0.5877914866  -0.5041451997  -0.4493569554   0.2635393232   0.2787586774   0.3253560125   0.3344170846   0.3634201214
    N   atom  l  m             1 (o)          2 (o)          3 (o)          4 (o)          5 (o)          6 (o)          7 (o)          8 (v)          9 (v)         10 (v)         11 (v)         12 (v)      
    1      1  0  0      0.4062475484   0.6651470152  -0.0625830602  -0.0012573802  -0.0026015640  -0.0100809419  -0.0014395628   0.3105575567   0.0068417949  -0.2644225200  -0.2367598822  -0.4074878823
    2      1  1 -1      0.1372626512  -0.1696382448   0.1390444051  -0.0024490514  -0.5093096629   0.0567937052  -0.0160040031   0.7494883223  -0.0427247396   0.1941419649   0.2020398675   0.1676160523
    3      1  1  0      0.0199349689   0.0079682592   0.4242053148  -0.1157361430   0.2302655801   0.4860836060  -0.0210974752   0.1109705280   0.2719600688  -0.5066154780  -0.0665204897   0.4112037597
    4      1  1  1      0.0099162806  -0.0037495791   0.0679217726   0.6077021506   0.0479016312   0.0993251816   0.3255202947   0.0640248243   0.0433402798   0.2996755655  -0.6107895082   0.1974892172
    5      2  0  0      0.8197330244  -0.3669450588   0.2304796241   0.0061020845   0.0839277879  -0.1854474121  -0.0035217753  -0.2148397863  -0.2185691350  -0.0389902305  -0.0175601233   0.0550162184
    6      2  1 -1     -0.0722947084  -0.2823880989  -0.3360906536  -0.0548101889   0.6626960187  -0.1851907809   0.0331443925   0.5098035516  -0.2090130604  -0.1258161292  -0.0669956224   0.0245953378
    7      2  1  0     -0.1197671175   0.0702854573   0.5879999959  -0.0797039427   0.2338659689  -0.5559042675   0.1210587075   0.1207929691   0.4140959951   0.1945634811   0.0657157635  -0.1483276013
    8      2  1  1     -0.0222886146  -0.0013887982   0.0819587216   0.5474400602   0.1043583231  -0.0514798766  -0.8130611366   0.0413471965   0.0633047819  -0.0296540658   0.1006409988  -0.0419419590
    9      3  0  0      0.1120529219   0.3203310262   0.1427767493  -0.2553041035   0.3624699254   0.3563120072  -0.1728009483   0.0034744225  -0.2339214462   0.6578005360   0.1001943015   0.1165854713
   10      4  0  0      0.1132540516   0.2984224176  -0.1042208124   0.4442321688   0.1528492522  -0.0519949463   0.3777489696  -0.0337685310  -0.0207461828  -0.0800885259   0.6715675132   0.2493289315
   11      5  0  0      0.1168025518   0.2741556449  -0.3054840786  -0.2127386774  -0.0953649081  -0.4234306582  -0.2094265346  -0.0405499795   0.1959175847   0.0347150988  -0.1863417548   0.6814790747
   12      6  0  0      0.2908114233  -0.2063052335  -0.3861085154  -0.0207552964   0.0982061669   0.2474040065   0.0092050273   0.0159564808   0.7495411035   0.2225305324   0.1030865430  -0.1737965026

charges:
   1( 6)   +0.165953
   2( 8)   -0.615963
   3( 1)   +0.022128
   4( 1)   +0.042305
   5( 1)   +0.080740
   6( 1)   +0.304837

bonds:
   1( 6)    2( 8)   0.895406
   1( 6)    3( 1)   0.964720
   1( 6)    4( 1)   0.959642
   1( 6)    5( 1)   0.965713
   2( 8)    6( 1)   0.897943


TIME: 0.01 sec  (0.00 min)

