
v180213
conv:1.000000e-13
it:64

  N   = 12,  Na  = 6,  Nb  = 6
  Mo  = 14,  Mv  = 42

 it   1     E =    -52.9594863396
 it   2     E =    -53.0905013443    dE =     -0.1310150047    dD =  3.25e-01
 it   3     E =    -53.1013483912    dE =     -0.0108470469    dD =  2.92e-02
 it   4     E =    -53.1024236750    dE =     -0.0010752838    dD =  3.08e-03
 it   5     E =    -53.1025548074    dE =     -0.0001311324    dD =  3.88e-04
 it   6     E =    -53.1025733146    dE =     -0.0000185072    dD =  5.54e-05
 it   7     E =    -53.1025761403    dE =     -0.0000028257    dD =  8.46e-06
 it   8     E =    -53.1025765881    dE =     -0.0000004479    dD =  1.34e-06
 it   9     E =    -53.1025766604    dE =     -0.0000000722    dD =  2.15e-07
 it  10     E =    -53.1025766721    dE =     -0.0000000117    dD =  3.49e-08
 it  11     E =    -53.1025766740    dE =     -0.0000000019    dD =  5.70e-09
 it  12     E =    -53.1025766743    dE =     -0.0000000003    dD =  9.31e-10
 it  13     E =    -53.1025766744    dE =     -0.0000000001    dD =  1.52e-10
 it  14     E =    -53.1025766744    dE =     -0.0000000000    dD =  2.50e-11
 it  15     E =    -53.1025766744    dE =     -0.0000000000    dD =  4.09e-12
 it  16     E =    -53.1025766744    dE =     -0.0000000000    dD =  6.71e-13
 it  17     E =    -53.1025766744    dE =     -0.0000000000    dD =  1.10e-13
 it  18     E =    -53.1025766744    dE =      0.0000000000    dD =  1.80e-14
converged

 (E0   =       -25.7797765376)
 (E0+1 =       -52.4430603991)
 (E2   =        -0.6595162753)
  E    =       -53.1025766744
 dipole:  +0.000000  +0.000000  +0.000000
 <S^2> :  -0.0000 / 0.0000

  alpha:
                 e:    -1.0848120676  -0.6593212698  -0.5697457757  -0.5517206151  -0.5137523392  -0.4657274880   0.1114320090   0.2197864442   0.2576007819   0.2599511022   0.2993996680   0.3069381502   0.3344588935   0.3732494211
    N   atom  l  m             1 (o)          2 (o)          3 (o)          4 (o)          5 (o)          6 (o)          7 (v)          8 (v)          9 (v)         10 (v)         11 (v)         12 (v)         13 (v)         14 (v)      
    1      1  0  0      0.5345945651  -0.4496544302   0.0000000000  -0.0000000000   0.0941110249  -0.0000000000  -0.0000000000  -0.1325894424   0.0000000000  -0.5447118381  -0.0000000000   0.4333264424   0.0331648438   0.0000000000
    2      1  1 -1     -0.0000000000  -0.0000000000  -0.0000000000   0.4810858856  -0.0000000000   0.4206932964   0.0000000000  -0.0000000000   0.0000000000   0.0000000000   0.5182242474   0.0000000000  -0.0000000000   0.5683459777
    3      1  1  0     -0.0000000000   0.0000000000   0.4567694878   0.0000000000   0.0000000000  -0.0000000000  -0.7071067812   0.0000000000   0.5397792466   0.0000000000  -0.0000000000   0.0000000000  -0.0000000000   0.0000000000
    4      1  1  1      0.1455919845   0.2465334472   0.0000000000  -0.0000000000  -0.4820861871   0.0000000000   0.0000000000  -0.4487305324   0.0000000000  -0.1644216862   0.0000000000  -0.2122187353   0.6420177322  -0.0000000000
    5      2  0  0      0.5345945651   0.4496544302   0.0000000000   0.0000000000   0.0941110249   0.0000000000  -0.0000000000  -0.1325894424  -0.0000000000   0.5447118381  -0.0000000000   0.4333264424  -0.0331648438   0.0000000000
    6      2  1 -1      0.0000000000  -0.0000000000  -0.0000000000   0.4810858856  -0.0000000000  -0.4206932964  -0.0000000000  -0.0000000000  -0.0000000000   0.0000000000   0.5182242474   0.0000000000  -0.0000000000  -0.5683459777
    7      2  1  0     -0.0000000000  -0.0000000000   0.4567694878   0.0000000000   0.0000000000   0.0000000000   0.7071067812   0.0000000000   0.5397792466   0.0000000000   0.0000000000   0.0000000000   0.0000000000  -0.0000000000
    8      2  1  1     -0.1455919845   0.2465334472  -0.0000000000   0.0000000000   0.4820861871  -0.0000000000  -0.0000000000   0.4487305324  -0.0000000000  -0.1644216862   0.0000000000   0.2122187353   0.6420177322  -0.0000000000
    9      3  0  0      0.3435636035   0.0000000000   0.5397792466  -0.0000000000  -0.2803902238   0.0000000000   0.0000000000   0.5104859050  -0.4567694878   0.0000000000   0.0000000000  -0.2067595548  -0.0000000000  -0.0000000000
   10      4  0  0      0.3435636035   0.0000000000  -0.5397792466  -0.0000000000  -0.2803902238   0.0000000000  -0.0000000000   0.5104859050   0.4567694878   0.0000000000   0.0000000000  -0.2067595548  -0.0000000000  -0.0000000000
   11      5  0  0      0.1936177618  -0.3442616395  -0.0000000000   0.3664398795   0.3000977721   0.4018812949  -0.0000000000  -0.1011560424  -0.0000000000   0.2968623608  -0.3401790921  -0.3349939471   0.2082226268  -0.2974750827
   12      6  0  0      0.1936177618  -0.3442616395   0.0000000000  -0.3664398795   0.3000977721  -0.4018812949  -0.0000000000  -0.1011560424   0.0000000000   0.2968623608   0.3401790921  -0.3349939471   0.2082226268   0.2974750827
   13      7  0  0      0.1936177618   0.3442616395   0.0000000000  -0.3664398795   0.3000977721   0.4018812949   0.0000000000  -0.1011560424   0.0000000000  -0.2968623608   0.3401790921  -0.3349939471  -0.2082226268  -0.2974750827
   14      8  0  0      0.1936177618   0.3442616395  -0.0000000000   0.3664398795   0.3000977721  -0.4018812949   0.0000000000  -0.1011560424   0.0000000000  -0.2968623608  -0.3401790921  -0.3349939471  -0.2082226268   0.2974750827

  beta:
                 e:    -1.0848120676  -0.6593212698  -0.5697457757  -0.5517206151  -0.5137523392  -0.4657274880   0.1114320090   0.2197864442   0.2576007819   0.2599511022   0.2993996680   0.3069381502   0.3344588935   0.3732494211
    N   atom  l  m             1 (o)          2 (o)          3 (o)          4 (o)          5 (o)          6 (o)          7 (v)          8 (v)          9 (v)         10 (v)         11 (v)         12 (v)         13 (v)         14 (v)      
    1      1  0  0      0.5345945651  -0.4496544302   0.0000000000  -0.0000000000   0.0941110249  -0.0000000000  -0.0000000000  -0.1325894424   0.0000000000  -0.5447118381  -0.0000000000   0.4333264424   0.0331648438   0.0000000000
    2      1  1 -1     -0.0000000000  -0.0000000000  -0.0000000000   0.4810858856  -0.0000000000   0.4206932964   0.0000000000  -0.0000000000   0.0000000000   0.0000000000   0.5182242474   0.0000000000  -0.0000000000   0.5683459777
    3      1  1  0     -0.0000000000   0.0000000000   0.4567694878   0.0000000000   0.0000000000  -0.0000000000  -0.7071067812   0.0000000000   0.5397792466   0.0000000000  -0.0000000000   0.0000000000  -0.0000000000   0.0000000000
    4      1  1  1      0.1455919845   0.2465334472   0.0000000000  -0.0000000000  -0.4820861871   0.0000000000   0.0000000000  -0.4487305324   0.0000000000  -0.1644216862   0.0000000000  -0.2122187353   0.6420177322  -0.0000000000
    5      2  0  0      0.5345945651   0.4496544302   0.0000000000   0.0000000000   0.0941110249   0.0000000000  -0.0000000000  -0.1325894424  -0.0000000000   0.5447118381  -0.0000000000   0.4333264424  -0.0331648438   0.0000000000
    6      2  1 -1      0.0000000000  -0.0000000000  -0.0000000000   0.4810858856  -0.0000000000  -0.4206932964  -0.0000000000  -0.0000000000  -0.0000000000   0.0000000000   0.5182242474   0.0000000000  -0.0000000000  -0.5683459777
    7      2  1  0     -0.0000000000  -0.0000000000   0.4567694878   0.0000000000   0.0000000000   0.0000000000   0.7071067812   0.0000000000   0.5397792466   0.0000000000   0.0000000000   0.0000000000   0.0000000000  -0.0000000000
    8      2  1  1     -0.1455919845   0.2465334472  -0.0000000000   0.0000000000   0.4820861871  -0.0000000000  -0.0000000000   0.4487305324  -0.0000000000  -0.1644216862   0.0000000000   0.2122187353   0.6420177322  -0.0000000000
    9      3  0  0      0.3435636035   0.0000000000   0.5397792466  -0.0000000000  -0.2803902238   0.0000000000   0.0000000000   0.5104859050  -0.4567694878   0.0000000000   0.0000000000  -0.2067595548  -0.0000000000  -0.0000000000
   10      4  0  0      0.3435636035   0.0000000000  -0.5397792466  -0.0000000000  -0.2803902238   0.0000000000  -0.0000000000   0.5104859050   0.4567694878   0.0000000000   0.0000000000  -0.2067595548  -0.0000000000  -0.0000000000
   11      5  0  0      0.1936177618  -0.3442616395  -0.0000000000   0.3664398795   0.3000977721   0.4018812949  -0.0000000000  -0.1011560424  -0.0000000000   0.2968623608  -0.3401790921  -0.3349939471   0.2082226268  -0.2974750827
   12      6  0  0      0.1936177618  -0.3442616395   0.0000000000  -0.3664398795   0.3000977721  -0.4018812949  -0.0000000000  -0.1011560424   0.0000000000   0.2968623608   0.3401790921  -0.3349939471   0.2082226268   0.2974750827
   13      7  0  0      0.1936177618   0.3442616395   0.0000000000  -0.3664398795   0.3000977721   0.4018812949   0.0000000000  -0.1011560424   0.0000000000  -0.2968623608   0.3401790921  -0.3349939471  -0.2082226268  -0.2974750827
   14      8  0  0      0.1936177618   0.3442616395  -0.0000000000   0.3664398795   0.3000977721  -0.4018812949   0.0000000000  -0.1011560424   0.0000000000  -0.2968623608  -0.3401790921  -0.3349939471  -0.2082226268   0.2974750827

charges:
   1( 5)   +0.143430
   2( 5)   +0.143430
   3( 1)   +0.023967
   4( 1)   +0.023967
   5( 1)   -0.083699
   6( 1)   -0.083699
   7( 1)   -0.083699
   8( 1)   -0.083699

bonds:
   1( 5)    2( 5)   0.533225
   1( 5)    3( 1)   0.479289
   1( 5)    4( 1)   0.479289
   1( 5)    5( 1)   0.967704
   1( 5)    6( 1)   0.967704
   2( 5)    3( 1)   0.479289
   2( 5)    4( 1)   0.479289
   2( 5)    7( 1)   0.967704
   2( 5)    8( 1)   0.967704


TIME: 0.01 sec  (0.00 min)

