 Priroda 11 (2011.08.21)
 copyright (c) D.N. Laikov

 date: Tue Sep  5 03:41:03 2017

 node  0: 'hghscncs'

 Memory: 32m + 32m (32m + 32m)


 molecule input: ''
 8 atoms, 16 electrons

 Atomic Coordinates:
   5    -0.86664802  -0.00000000  -0.00000000
   5     0.86664802   0.00000000  -0.00000000
   1     0.00000000   0.00000000   0.98855685
   1     0.00000000   0.00000000  -0.98855685
   1    -1.45464867   1.03555143   0.00000000
   1    -1.45464867  -1.03555143   0.00000000
   1     1.45464867  -1.03555143   0.00000000
   1     1.45464867   1.03555143   0.00000000
 #
  formula: H6B2
  internuclear distances:
  B1    |  B2   : 1.73330  H1   : 1.31466  H2   : 1.31466  H3   : 1.19084
        |  H4   : 1.19084
  B2    |  B1   : 1.73330  H1   : 1.31466  H2   : 1.31466  H5   : 1.19084
        |  H6   : 1.19084
  H1    |  B1   : 1.31466  B2   : 1.31466
  H2    |  B1   : 1.31466  B2   : 1.31466
  H3    |  B1   : 1.19084
  H4    |  B1   : 1.19084
  H5    |  B2   : 1.19084
  H6    |  B2   : 1.19084
     largest =    3.57120


 qm file: './qm_m.in'
 N=56 Ne=6,6
 NR=1500+2496,116+744,0
 it= 0: E= -52.9594863396 g=0.4382070035 x=0.1006651551 n=9
 it= 1: E= -53.0335108076 g=0.2987901297 x=0.1001963407 n=9
 it= 2: E= -53.0799522783 g=0.1668230276 x=0.1001353144 n=8
 it= 3: E= -53.1008637617 g=0.0443872175 x=0.0394250735 n=9
 it= 4: E= -53.1025766590 g=0.0001386965 x=0.0001133450 n=7
 it= 5: E= -53.1025766744 g=0.0000000014 x=0.0000000011 n=3
 it= 6: E= -53.1025766744 g=0.0000000000 x=0.0000000000 n=0

          e: -1.08481 -0.65932 -0.56975 -0.55172 -0.51375 -0.46573  0.11143  0.21979  0.25760  0.25995  0.29940  0.30694  0.33446  0.37325
   i at l  m      1        2        3        4        5        6 o      7 v      8        9       10       11       12       13       14  
   1  1 0  0  0.53459  0.44965 -0.00000  0.00000 -0.09411  0.00000  0.00000 -0.13259  0.00000  0.54471  0.00000  0.43333  0.03316 -0.00000
   2  1 1  0 -0.00000  0.00000 -0.45677  0.00000  0.00000 -0.00000 -0.70711  0.00000  0.53978  0.00000 -0.00000 -0.00000  0.00000  0.00000
   3  1 1 +1  0.14559 -0.24653 -0.00000 -0.00000  0.48209 -0.00000 -0.00000 -0.44873 -0.00000  0.16442 -0.00000 -0.21222  0.64202  0.00000
   4  1 1 -1  0.00000  0.00000  0.00000 -0.48109 -0.00000 -0.42069  0.00000 -0.00000  0.00000  0.00000  0.51822 -0.00000  0.00000 -0.56835
   5  2 0  0  0.53459 -0.44965 -0.00000  0.00000 -0.09411  0.00000  0.00000 -0.13259  0.00000 -0.54471  0.00000  0.43333 -0.03316 -0.00000
   6  2 1  0 -0.00000 -0.00000 -0.45677  0.00000  0.00000 -0.00000  0.70711  0.00000  0.53978 -0.00000 -0.00000 -0.00000  0.00000  0.00000
   7  2 1 +1 -0.14559 -0.24653  0.00000  0.00000 -0.48209 -0.00000  0.00000  0.44873  0.00000  0.16442  0.00000  0.21222  0.64202  0.00000
   8  2 1 -1 -0.00000 -0.00000 -0.00000 -0.48109 -0.00000  0.42069 -0.00000 -0.00000  0.00000 -0.00000  0.51822 -0.00000 -0.00000  0.56835
   9  3 0  0  0.34356 -0.00000 -0.53978 -0.00000  0.28039  0.00000 -0.00000  0.51049 -0.45677  0.00000 -0.00000 -0.20676  0.00000  0.00000
  10  4 0  0  0.34356  0.00000  0.53978 -0.00000  0.28039  0.00000 -0.00000  0.51049  0.45677  0.00000 -0.00000 -0.20676  0.00000  0.00000
  11  5 0  0  0.19362  0.34426 -0.00000 -0.36644 -0.30010 -0.40188 -0.00000 -0.10116 -0.00000 -0.29686 -0.34018 -0.33499  0.20822  0.29748
  12  6 0  0  0.19362  0.34426 -0.00000  0.36644 -0.30010  0.40188 -0.00000 -0.10116 -0.00000 -0.29686  0.34018 -0.33499  0.20822 -0.29748
  13  7 0  0  0.19362 -0.34426  0.00000  0.36644 -0.30010 -0.40188 -0.00000 -0.10116 -0.00000  0.29686  0.34018 -0.33499 -0.20822  0.29748
  14  8 0  0  0.19362 -0.34426 -0.00000 -0.36644 -0.30010  0.40188 -0.00000 -0.10116 -0.00000  0.29686 -0.34018 -0.33499 -0.20822 -0.29748
 time: Energy                           :     0.0 100.0%     0.0


eng>$Energy
eng> E=-5.310257667439e+01
eng> D=-2.30371278e-15  1.09038828e-16  4.30211422e-16
eng>$end


 ============================================================

 Memory used =     7432 KB
  Disk  used =     4577 KB,          4577 KB written,         4551 KB read

 CPU  time =    0.08 sec =  0.00 min = 0.00 hr =     inf%
 REAL time =    0.00 sec =  0.00 min = 0.00 hr
 ratio     =     inf%

 date: Tue Sep  5 03:41:03 2017

 time: Energy                           :     0.0 100.0%     0.0
