
v180708
conv:1.000000e-08
it:32,8

  N   = 30,  Na  = 15,  Nb  = 15
  Mo  = 30,  Mv  = 78

 it   1     E =   -231.4538950741                                                Rmax =  5.64e-02
 it   2     E =   -231.6090678670    dE =     -0.1551727929    dD =  2.32e-02    Rmax =  1.24e-02
 it   3     E =   -231.6169548146    dE =     -0.0078869475    dD =  6.53e-03    Rmax =  2.52e-04
 it   4     E =   -231.6169598734    dE =     -0.0000050588    dD =  1.55e-04    Rmax =  3.57e-05
 it   5     E =   -231.6169599689    dE =     -0.0000000955    dD =  2.48e-05    Rmax =  4.25e-06
 it   6     E =   -231.6169599704    dE =     -0.0000000015    dD =  2.98e-06    Rmax =  4.05e-07
 it   7     E =   -231.6169599704    dE =     -0.0000000000    dD =  3.12e-07    Rmax =  1.18e-07
 it   8     E =   -231.6169599704    dE =     -0.0000000000    dD =  6.67e-08    Rmax =  8.70e-09
 it   9     E =   -231.6169599704    dE =     -0.0000000000    dD =  4.53e-09    Rmax =  4.32e-10
converged

 (E0   =       -96.8281972675)
 (E0+1 =      -229.2395922247)
 (E2   =        -2.3773677457)
  E    =      -231.6169599704
 dipole:  +0.000000  +0.000000  +0.000000

  scf vectors:
                 e:    -1.6815283219  -1.1577932935  -1.1577932931  -0.8028283433  -0.8028283431  -0.7006520893  -0.6214700414  -0.5705738684  -0.5604689918  -0.5604689916  -0.5439349007  -0.4796454020  -0.4796454016  -0.3719241370  -0.3719241370   0.1107891767   0.1107891768   0.2703147680   0.2840193481   0.3137610474   0.3137610487   0.3201456642   0.3286851696   0.3286851705   0.4295007886   0.4295007887   0.4310030189   0.4310030191   0.5228045799   0.5703173081
    N   atom  l  m             1 (o)          2 (o)          3 (o)          4 (o)          5 (o)          6 (o)          7 (o)          8 (o)          9 (o)         10 (o)         11 (o)         12 (o)         13 (o)         14 (o)         15 (o)         16 (v)         17 (v)         18 (v)         19 (v)         20 (v)         21 (v)         22 (v)         23 (v)         24 (v)         25 (v)         26 (v)         27 (v)         28 (v)         29 (v)         30 (v)      
    1      1  0  0      0.3878051971  -0.0000006355  -0.5116751173  -0.0000010032  -0.3839295354  -0.0054324164   0.2212288306   0.0000000000  -0.0000004494  -0.0821573428   0.0000000000   0.0000000026  -0.0105258296   0.0000000000   0.0000000000   0.0000000000   0.0000000000   0.0000000000  -0.1274530724  -0.1028799486  -0.0000000050   0.3104298203  -0.4079694616  -0.0000004725   0.2327827326   0.0000002353  -0.1392177053  -0.0000004078   0.1461430536  -0.0000000000
    2      1  1 -1      0.0660567498   0.0000000112   0.0090036809   0.0000003751   0.1435463470  -0.3403857733  -0.1972594550   0.0000000000  -0.0000024397  -0.4459984296   0.0000000000   0.0000000739  -0.3032144220   0.0000000000   0.0000000000   0.0000000000   0.0000000000   0.0000000000   0.2155010418   0.3657330966   0.0000000178  -0.0272033860   0.0326917374   0.0000000379   0.0240202659   0.0000000243  -0.4687430457  -0.0000013732   0.3563921248   0.0000000000
    3      1  1  0      0.0000000000   0.0000000000   0.0000000000   0.0000000000   0.0000000000   0.0000000000   0.0000000000   0.0000000000   0.0000000000   0.0000000000   0.4082482904   0.0000000000   0.0000000000  -0.0000031793  -0.5773502692  -0.0000014958  -0.5773502692   0.4082482905   0.0000000000   0.0000000000   0.0000000000   0.0000000000   0.0000000000   0.0000000000   0.0000000000   0.0000000000   0.0000000000   0.0000000000   0.0000000000   0.0000000000
    4      1  1  1      0.0000000000  -0.1902823251   0.0000002363   0.3122726785  -0.0000008159  -0.0000000000  -0.0000000000   0.4082482922  -0.1289106791   0.0000007052   0.0000000000   0.3829607192   0.0000000934   0.0000000000   0.0000000000   0.0000000000   0.0000000000   0.0000000000  -0.0000000000   0.0000000058  -0.1186166277  -0.0000000000   0.0000002849  -0.2459959237  -0.0000005218   0.5161764244   0.0000004958  -0.1692518851  -0.0000000000   0.4082482906
    5      2  0  0      0.3878051971   0.0000006355   0.5116751173  -0.0000010032  -0.3839295354  -0.0054324164  -0.2212288306  -0.0000000000   0.0000004494   0.0821573428   0.0000000000   0.0000000026  -0.0105258296   0.0000000000   0.0000000000   0.0000000000   0.0000000000   0.0000000000  -0.1274530724   0.1028799486   0.0000000050  -0.3104298203  -0.4079694616  -0.0000004725  -0.2327827326  -0.0000002353  -0.1392177053  -0.0000004078  -0.1461430536   0.0000000000
    6      2  1 -1     -0.0660567498   0.0000000112   0.0090036809  -0.0000003751  -0.1435463470   0.3403857733  -0.1972594550   0.0000000000  -0.0000024397  -0.4459984296   0.0000000000  -0.0000000739   0.3032144220   0.0000000000   0.0000000000   0.0000000000   0.0000000000   0.0000000000  -0.2155010418   0.3657330966   0.0000000178  -0.0272033860  -0.0326917374  -0.0000000379   0.0240202659   0.0000000243   0.4687430457   0.0000013732   0.3563921248   0.0000000000
    7      2  1  0      0.0000000000   0.0000000000   0.0000000000   0.0000000000   0.0000000000   0.0000000000   0.0000000000   0.0000000000   0.0000000000   0.0000000000   0.4082482904   0.0000000000   0.0000000000   0.0000031793   0.5773502692  -0.0000014958  -0.5773502692  -0.4082482905   0.0000000000   0.0000000000   0.0000000000   0.0000000000   0.0000000000   0.0000000000   0.0000000000   0.0000000000   0.0000000000   0.0000000000   0.0000000000   0.0000000000
    8      2  1  1      0.0000000000  -0.1902823251   0.0000002363  -0.3122726785   0.0000008159   0.0000000000   0.0000000000   0.4082482922  -0.1289106791   0.0000007052   0.0000000000  -0.3829607192  -0.0000000934   0.0000000000   0.0000000000   0.0000000000   0.0000000000   0.0000000000   0.0000000000   0.0000000058  -0.1186166277   0.0000000000  -0.0000002849   0.2459959237  -0.0000005218   0.5161764244  -0.0000004958   0.1692518851   0.0000000000  -0.4082482906
    9      3  0  0      0.3878051973  -0.4431239678  -0.2558370085   0.3324932323   0.1919638986  -0.0054324184  -0.2212288296   0.0000000011  -0.0711505719  -0.0410782836   0.0000000000   0.0091156348   0.0052629171   0.0000000000   0.0000000000   0.0000000000   0.0000000000   0.0000000000  -0.1274530655  -0.0514399219  -0.0890966237  -0.3104298354   0.2039843241   0.3533121561   0.1163915720  -0.2015956436   0.0696084986   0.1205662708  -0.1461430524  -0.0000000000
   10      3  1 -1      0.0330283749  -0.0784957754   0.1449627618  -0.1973749102   0.1983184373  -0.1701928875   0.0986297284  -0.3535533873  -0.2489430343  -0.0148152316   0.0000000000  -0.0345312483   0.3630241362   0.0000000000   0.0000000000   0.0000000000   0.0000000000   0.0000000000   0.1077505169   0.1803957366   0.1070045770   0.0136017320  -0.1926699854   0.0923631987   0.3931371701   0.2131102651  -0.0097539624   0.2762598811  -0.1781960620   0.3535533904
   11      3  1  0      0.0000000000   0.0000000000   0.0000000000   0.0000000000   0.0000000000   0.0000000000   0.0000000000   0.0000000000   0.0000000000   0.0000000000   0.4082482905   0.0000000000   0.0000000000  -0.5000015896  -0.2886723813  -0.4999992521   0.2886764300  -0.4082482904   0.0000000000   0.0000000000   0.0000000000   0.0000000000   0.0000000000   0.0000000000   0.0000000000   0.0000000000   0.0000000000   0.0000000000   0.0000000000   0.0000000000
   12      3  1  1     -0.0572068233  -0.0543232448   0.0784960229   0.0295921074   0.1973753521   0.2947827259  -0.1708317021  -0.2041241492   0.3022725095   0.2489412943   0.0000000000  -0.3231510046   0.0345310808   0.0000000000   0.0000000000   0.0000000000   0.0000000000   0.0000000000  -0.1866293747  -0.1070045508  -0.3039539820  -0.0235588668  -0.0923635175   0.0860176768   0.2131097181   0.1470595213  -0.2762590048  -0.3092451229   0.3086446350   0.2041241455
   13      4  0  0      0.3878051973  -0.4431233323   0.2558381092  -0.3324922292   0.1919656361  -0.0054324184   0.2212288296   0.0000000011  -0.0711501225   0.0410790621   0.0000000000  -0.0091156373   0.0052629126   0.0000000000   0.0000000000   0.0000000000   0.0000000000   0.0000000000  -0.1274530655   0.0514399306  -0.0890966187   0.3104298354   0.2039851426  -0.3533116836  -0.1163911644  -0.2015958789   0.0696092050  -0.1205658629   0.1461430524   0.0000000000
   14      4  1 -1     -0.0330283749   0.0784961355   0.1449625668  -0.1973759466  -0.1983174059   0.1701928875   0.0986297284   0.3535533873   0.2489428722  -0.0148179552   0.0000000000  -0.0345310713  -0.3630241530   0.0000000000   0.0000000000   0.0000000000   0.0000000000   0.0000000000  -0.1077505169   0.1803957471  -0.1070045594   0.0136017320   0.1926697714   0.0923636451   0.3931376010  -0.2131094703   0.0097523438   0.2762599383  -0.1781960620   0.3535533904
   15      4  1  0      0.0000000000   0.0000000000   0.0000000000   0.0000000000   0.0000000000   0.0000000000   0.0000000000   0.0000000000   0.0000000000   0.0000000000   0.4082482905   0.0000000000   0.0000000000  -0.4999984104   0.2886778879   0.5000007479   0.2886738392   0.4082482904   0.0000000000   0.0000000000   0.0000000000   0.0000000000   0.0000000000   0.0000000000   0.0000000000   0.0000000000   0.0000000000   0.0000000000   0.0000000000   0.0000000000
   16      4  1  1     -0.0572068233  -0.0543234398  -0.0784958880  -0.0295910760   0.1973755067   0.2947827259   0.1708317021  -0.2041241492   0.3022697860  -0.2489446012   0.0000000000   0.3231509877   0.0345312384   0.0000000000   0.0000000000   0.0000000000   0.0000000000   0.0000000000  -0.1866293747   0.1070045805  -0.3039539716   0.0235588668  -0.0923633183  -0.0860178908  -0.2131100155   0.1470590904  -0.2762608167   0.3092435043  -0.3086446350  -0.2041241455
   17      5  0  0      0.3878051973   0.4431239678   0.2558370085   0.3324932323   0.1919638986  -0.0054324184   0.2212288296  -0.0000000011   0.0711505719   0.0410782836   0.0000000000   0.0091156348   0.0052629171   0.0000000000   0.0000000000   0.0000000000   0.0000000000   0.0000000000  -0.1274530655   0.0514399219   0.0890966237   0.3104298354   0.2039843241   0.3533121561  -0.1163915720   0.2015956436   0.0696084986   0.1205662708   0.1461430524  -0.0000000000
   18      5  1 -1     -0.0330283749  -0.0784957754   0.1449627618   0.1973749102  -0.1983184373   0.1701928875   0.0986297284  -0.3535533873  -0.2489430343  -0.0148152316   0.0000000000   0.0345312483  -0.3630241362   0.0000000000   0.0000000000   0.0000000000   0.0000000000   0.0000000000  -0.1077505169   0.1803957366   0.1070045770   0.0136017320   0.1926699854  -0.0923631987   0.3931371701   0.2131102651   0.0097539624  -0.2762598811  -0.1781960620  -0.3535533904
   19      5  1  0      0.0000000000   0.0000000000   0.0000000000   0.0000000000   0.0000000000   0.0000000000   0.0000000000   0.0000000000   0.0000000000   0.0000000000   0.4082482905   0.0000000000   0.0000000000   0.5000015896   0.2886723813  -0.4999992521   0.2886764300   0.4082482904   0.0000000000   0.0000000000   0.0000000000   0.0000000000   0.0000000000   0.0000000000   0.0000000000   0.0000000000   0.0000000000   0.0000000000   0.0000000000   0.0000000000
   20      5  1  1      0.0572068233  -0.0543232448   0.0784960229  -0.0295921074  -0.1973753521  -0.2947827259  -0.1708317021  -0.2041241492   0.3022725095   0.2489412943   0.0000000000   0.3231510046  -0.0345310808   0.0000000000   0.0000000000   0.0000000000   0.0000000000   0.0000000000   0.1866293747  -0.1070045508  -0.3039539820  -0.0235588668   0.0923635175  -0.0860176768   0.2131097181   0.1470595213   0.2762590048   0.3092451229   0.3086446350  -0.2041241455
   21      6  0  0      0.3878051973   0.4431233323  -0.2558381092  -0.3324922292   0.1919656361  -0.0054324184  -0.2212288296  -0.0000000011   0.0711501225  -0.0410790621   0.0000000000  -0.0091156373   0.0052629126   0.0000000000   0.0000000000   0.0000000000   0.0000000000   0.0000000000  -0.1274530655  -0.0514399306   0.0890966187  -0.3104298354   0.2039851426  -0.3533116836   0.1163911644   0.2015958789   0.0696092050  -0.1205658629  -0.1461430524   0.0000000000
   22      6  1 -1      0.0330283749   0.0784961355   0.1449625668   0.1973759466   0.1983174059  -0.1701928875   0.0986297284   0.3535533873   0.2489428722  -0.0148179552   0.0000000000   0.0345310713   0.3630241530   0.0000000000   0.0000000000   0.0000000000   0.0000000000   0.0000000000   0.1077505169   0.1803957471  -0.1070045594   0.0136017320  -0.1926697714  -0.0923636451   0.3931376010  -0.2131094703  -0.0097523438  -0.2762599383  -0.1781960620  -0.3535533904
   23      6  1  0      0.0000000000   0.0000000000   0.0000000000   0.0000000000   0.0000000000   0.0000000000   0.0000000000   0.0000000000   0.0000000000   0.0000000000   0.4082482905   0.0000000000   0.0000000000   0.4999984104  -0.2886778879   0.5000007479   0.2886738392  -0.4082482904   0.0000000000   0.0000000000   0.0000000000   0.0000000000   0.0000000000   0.0000000000   0.0000000000   0.0000000000   0.0000000000   0.0000000000   0.0000000000   0.0000000000
   24      6  1  1      0.0572068233  -0.0543234398  -0.0784958880   0.0295910760  -0.1973755067  -0.2947827259   0.1708317021  -0.2041241492   0.3022697860  -0.2489446012   0.0000000000  -0.3231509877  -0.0345312384   0.0000000000   0.0000000000   0.0000000000   0.0000000000   0.0000000000   0.1866293747   0.1070045805  -0.3039539716   0.0235588668   0.0923633183   0.0860178908  -0.2131100155   0.1470590904   0.2762608167  -0.3092435043  -0.3086446350   0.2041241455
   25      7  0  0      0.1091343274  -0.0000002331  -0.1877058280  -0.0000006804  -0.2604067298   0.2253323795   0.2807368471  -0.0000000000   0.0000018229   0.3332430676   0.0000000000  -0.0000000750   0.3076111874   0.0000000000   0.0000000000   0.0000000000   0.0000000000   0.0000000000   0.3224619166   0.4182325665   0.0000000204  -0.2637421809   0.3245173398   0.0000003759  -0.1101383566  -0.0000001113  -0.2560966972  -0.0000007502   0.1352535674   0.0000000000
   26      8  0  0      0.1091343274   0.0000002331   0.1877058280  -0.0000006804  -0.2604067298   0.2253323795  -0.2807368471   0.0000000000  -0.0000018229  -0.3332430676   0.0000000000  -0.0000000750   0.3076111874   0.0000000000   0.0000000000   0.0000000000   0.0000000000   0.0000000000   0.3224619166  -0.4182325665  -0.0000000204   0.2637421809   0.3245173398   0.0000003759   0.1101383566   0.0000001113  -0.2560966972  -0.0000007502  -0.1352535674  -0.0000000000
   27      9  0  0      0.1091343278  -0.1625581326  -0.0938527124   0.2255191844   0.1302027769   0.2253323785  -0.2807368491  -0.0000000040   0.2885978722   0.1666199531   0.0000000000  -0.2663990647  -0.1538056581   0.0000000000   0.0000000000   0.0000000000   0.0000000000   0.0000000000   0.3224619086   0.2091162240   0.3622000134   0.2637422458  -0.1622583507  -0.2810404506  -0.0550692755   0.0953825600   0.1280477010   0.2217866236  -0.1352535690  -0.0000000003
   28     10  0  0      0.1091343278  -0.1625578995   0.0938531162  -0.2255185040   0.1302039554   0.2253323785   0.2807368491  -0.0000000040   0.2885960493  -0.1666231104   0.0000000000   0.2663991397  -0.1538055282   0.0000000000   0.0000000000   0.0000000000   0.0000000000   0.0000000000   0.3224619086  -0.2091162593   0.3621999930  -0.2637422458  -0.1622590017   0.2810400747   0.0550690826   0.0953826713   0.1280490005  -0.2217858734   0.1352535690   0.0000000003
   29     11  0  0      0.1091343278   0.1625581326   0.0938527124   0.2255191844   0.1302027769   0.2253323785   0.2807368491   0.0000000040  -0.2885978722  -0.1666199531   0.0000000000  -0.2663990647  -0.1538056581   0.0000000000   0.0000000000   0.0000000000   0.0000000000   0.0000000000   0.3224619086  -0.2091162240  -0.3622000134  -0.2637422458  -0.1622583507  -0.2810404506   0.0550692755  -0.0953825600   0.1280477010   0.2217866236   0.1352535690  -0.0000000003
   30     12  0  0      0.1091343278   0.1625578995  -0.0938531162  -0.2255185040   0.1302039554   0.2253323785  -0.2807368491   0.0000000040  -0.2885960493   0.1666231104   0.0000000000   0.2663991397  -0.1538055282   0.0000000000   0.0000000000   0.0000000000   0.0000000000   0.0000000000   0.3224619086   0.2091162593  -0.3621999930   0.2637422458  -0.1622590017   0.2810400747  -0.0550690826  -0.0953826713   0.1280490005  -0.2217858734  -0.1352535690   0.0000000003

charges:
   1( 6)   -0.099562
   2( 6)   -0.099562
   3( 6)   -0.099562
   4( 6)   -0.099562
   5( 6)   -0.099562
   6( 6)   -0.099562
   7( 1)   +0.099562
   8( 1)   +0.099562
   9( 1)   +0.099562
  10( 1)   +0.099562
  11( 1)   +0.099562
  12( 1)   +0.099562

bonds:
   1( 6)    2( 6)   0.116506
   1( 6)    3( 6)   1.408545
   1( 6)    6( 6)   1.408545
   1( 6)    7( 1)   0.947425
   2( 6)    4( 6)   1.408545
   2( 6)    5( 6)   1.408545
   2( 6)    8( 1)   0.947425
   3( 6)    4( 6)   1.408545
   3( 6)    5( 6)   0.116506
   3( 6)    9( 1)   0.947425
   4( 6)    6( 6)   0.116506
   4( 6)   10( 1)   0.947425
   5( 6)    6( 6)   1.408545
   5( 6)   11( 1)   0.947425
   6( 6)   12( 1)   0.947425


TIME: 0.14 sec  (0.00 min)

