 Priroda 11 (2011.08.21)
 copyright (c) D.N. Laikov

 date: Tue Sep  5 03:41:03 2017

 node  0: 'hghscncs'

 Memory: 128m + 256m (128m + 256m)


 molecule input: ''
 12 atoms, 42 electrons

 Atomic Coordinates:
   6     0.00000000  -1.38916234   0.00000000
   6     0.00000000   1.38916234   0.00000000
   6     1.20304988  -0.69458117   0.00000000
   6     1.20304988   0.69458117   0.00000000
   6    -1.20304988   0.69458117   0.00000000
   6    -1.20304988  -0.69458117   0.00000000
   1     0.00000000  -2.47548740   0.00000000
   1     0.00000000   2.47548740   0.00000000
   1     2.14383497  -1.23774370   0.00000000
   1     2.14383497   1.23774370   0.00000000
   1    -2.14383497   1.23774370   0.00000000
   1    -2.14383497  -1.23774370   0.00000000
 #
  formula: H6C6
  internuclear distances:
  C1    |  C3   : 1.38916  C6   : 1.38916  H1   : 1.08633
  C2    |  C4   : 1.38916  C5   : 1.38916  H2   : 1.08633
  C3    |  C1   : 1.38916  C4   : 1.38916  H3   : 1.08633
  C4    |  C2   : 1.38916  C3   : 1.38916  H4   : 1.08633
  C5    |  C2   : 1.38916  C6   : 1.38916  H5   : 1.08633
  C6    |  C1   : 1.38916  C5   : 1.38916  H6   : 1.08633
  H1    |  C1   : 1.08633
  H2    |  C2   : 1.08633
  H3    |  C3   : 1.08633
  H4    |  C4   : 1.08633
  H5    |  C5   : 1.08633
  H6    |  C6   : 1.08633
     largest =    4.95097


 qm file: './qm_m.in'
 N=108 Ne=15,15
 NR=11040+15840,336+2184,0
 it= 0: E=-231.4538950741 g=0.5184721545 x=0.1005262141 n=11
 it= 1: E=-231.5414121021 g=0.3523003200 x=0.1002540710 n=10
 it= 2: E=-231.5954015257 g=0.1868816010 x=0.1000248595 n=9
 it= 3: E=-231.6165357340 g=0.0257952207 x=0.0166174714 n=9
 it= 4: E=-231.6169599702 g=0.0000178027 x=0.0000114511 n=7
 it= 5: E=-231.6169599704 g=0.0000000000 x=0.0000000000 n=2
 it= 6: E=-231.6169599704 g=0.0000000000 x=0.0000000000 n=0

          e: -1.68153 -1.15779 -1.15779 -0.80283 -0.80283 -0.70065 -0.62147 -0.57057 -0.56047 -0.56047 -0.54393 -0.47965 -0.47965 -0.37192 -0.37192  0.11079  0.11079  0.27031  0.28402  0.31376  0.31376  0.32015  0.32869  0.32869  0.42950  0.42950  0.43100  0.43100  0.52280  0.57032
   i at l  m      1        2        3        4        5        6        7        8        9       10       11       12       13       14       15 o     16 v     17       18       19       20       21       22       23       24       25       26       27       28       29       30  
   1  1 0  0  0.38781 -0.00000  0.51168 -0.00000  0.38393  0.00543  0.22123  0.00000  0.00000  0.08216  0.00000  0.00000  0.01053  0.00000  0.00000  0.00000  0.00000  0.00000 -0.12745 -0.10288  0.00000 -0.31043  0.40797 -0.00000  0.23278  0.00000 -0.13922  0.00000  0.14614  0.00000
   2  1 1  0  0.00000  0.00000  0.00000  0.00000  0.00000  0.00000  0.00000  0.00000  0.00000  0.00000  0.40825  0.00000  0.00000  0.00000  0.57735 -0.00000  0.57735 -0.40825  0.00000  0.00000  0.00000  0.00000  0.00000  0.00000  0.00000  0.00000  0.00000  0.00000  0.00000  0.00000
   3  1 1 +1  0.00000 -0.19028 -0.00000  0.31227  0.00000 -0.00000 -0.00000  0.40825  0.12891 -0.00000  0.00000 -0.38296  0.00000  0.00000  0.00000  0.00000  0.00000  0.00000  0.00000 -0.00000 -0.11862 -0.00000  0.00000  0.24600 -0.00000  0.51618 -0.00000 -0.16925 -0.00000  0.40825
   4  1 1 -1  0.06606  0.00000 -0.00900  0.00000 -0.14355  0.34039 -0.19726 -0.00000  0.00000  0.44600  0.00000  0.00000  0.30321  0.00000  0.00000  0.00000  0.00000  0.00000  0.21550  0.36573 -0.00000  0.02720 -0.03269  0.00000  0.02402  0.00000 -0.46874  0.00000  0.35639 -0.00000
   5  2 0  0  0.38781  0.00000 -0.51168 -0.00000  0.38393  0.00543 -0.22123 -0.00000 -0.00000 -0.08216  0.00000  0.00000  0.01053  0.00000  0.00000  0.00000  0.00000  0.00000 -0.12745  0.10288 -0.00000  0.31043  0.40797 -0.00000 -0.23278 -0.00000 -0.13922  0.00000 -0.14614  0.00000
   6  2 1  0  0.00000  0.00000  0.00000  0.00000  0.00000  0.00000  0.00000  0.00000  0.00000  0.00000  0.40825  0.00000  0.00000 -0.00000 -0.57735 -0.00000  0.57735  0.40825  0.00000  0.00000  0.00000  0.00000  0.00000  0.00000  0.00000  0.00000  0.00000  0.00000  0.00000  0.00000
   7  2 1 +1 -0.00000 -0.19028 -0.00000 -0.31227 -0.00000  0.00000 -0.00000  0.40825  0.12891 -0.00000  0.00000  0.38296 -0.00000  0.00000  0.00000  0.00000  0.00000  0.00000 -0.00000 -0.00000 -0.11862 -0.00000 -0.00000 -0.24600 -0.00000  0.51618  0.00000  0.16925 -0.00000 -0.40825
   8  2 1 -1 -0.06606  0.00000 -0.00900 -0.00000  0.14355 -0.34039 -0.19726 -0.00000  0.00000  0.44600  0.00000 -0.00000 -0.30321  0.00000  0.00000  0.00000  0.00000  0.00000 -0.21550  0.36573 -0.00000  0.02720  0.03269 -0.00000  0.02402  0.00000  0.46874 -0.00000  0.35639  0.00000
   9  3 0  0  0.38781 -0.44312  0.25584  0.33249 -0.19196  0.00543 -0.22123  0.00000  0.07115  0.04108  0.00000 -0.00912 -0.00526  0.00000  0.00000  0.00000  0.00000  0.00000 -0.12745 -0.05144 -0.08910  0.31043 -0.20398 -0.35331  0.11639 -0.20159  0.06961  0.12057 -0.14614 -0.00000
  10  3 1  0  0.00000  0.00000  0.00000  0.00000  0.00000  0.00000  0.00000  0.00000  0.00000  0.00000  0.40825  0.00000  0.00000  0.50000  0.28867  0.50000 -0.28868  0.40825  0.00000  0.00000  0.00000  0.00000  0.00000  0.00000  0.00000  0.00000  0.00000  0.00000  0.00000  0.00000
  11  3 1 +1 -0.05721 -0.05432 -0.07850  0.02959 -0.19738 -0.29478 -0.17083 -0.20412 -0.30227 -0.24894  0.00000  0.32315 -0.03453  0.00000  0.00000  0.00000  0.00000  0.00000 -0.18663 -0.10700 -0.30395  0.02356  0.09236 -0.08602  0.21311  0.14706 -0.27626 -0.30924  0.30864  0.20412
  12  3 1 -1  0.03303 -0.07850 -0.14496 -0.19738 -0.19832  0.17019  0.09863 -0.35355  0.24894  0.01482  0.00000  0.03453 -0.36302  0.00000  0.00000  0.00000  0.00000  0.00000  0.10775  0.18040  0.10700 -0.01360  0.19267 -0.09236  0.39314  0.21311 -0.00975  0.27626 -0.17820  0.35355
  13  4 0  0  0.38781 -0.44312 -0.25584 -0.33249 -0.19197  0.00543  0.22123  0.00000  0.07115 -0.04108  0.00000  0.00912 -0.00526  0.00000  0.00000  0.00000  0.00000  0.00000 -0.12745  0.05144 -0.08910 -0.31043 -0.20398  0.35331 -0.11639 -0.20160  0.06961 -0.12057  0.14614  0.00000
  14  4 1  0  0.00000  0.00000  0.00000  0.00000  0.00000  0.00000  0.00000  0.00000  0.00000  0.00000  0.40825  0.00000  0.00000  0.50000 -0.28868 -0.50000 -0.28868 -0.40825  0.00000  0.00000  0.00000  0.00000  0.00000  0.00000  0.00000  0.00000  0.00000  0.00000  0.00000  0.00000
  15  4 1 +1 -0.05721 -0.05432  0.07850 -0.02959 -0.19738 -0.29478  0.17083 -0.20412 -0.30227  0.24894  0.00000 -0.32315 -0.03453  0.00000  0.00000  0.00000  0.00000  0.00000 -0.18663  0.10700 -0.30395 -0.02356  0.09236  0.08602 -0.21311  0.14706 -0.27626  0.30924 -0.30864 -0.20412
  16  4 1 -1 -0.03303  0.07850 -0.14496 -0.19738  0.19832 -0.17019  0.09863  0.35355 -0.24894  0.01482  0.00000  0.03453  0.36302  0.00000  0.00000  0.00000  0.00000  0.00000 -0.10775  0.18040 -0.10700 -0.01360 -0.19267 -0.09236  0.39314 -0.21311  0.00975  0.27626 -0.17820  0.35355
  17  5 0  0  0.38781  0.44312 -0.25584  0.33249 -0.19196  0.00543  0.22123 -0.00000 -0.07115 -0.04108  0.00000 -0.00912 -0.00526  0.00000  0.00000  0.00000  0.00000  0.00000 -0.12745  0.05144  0.08910 -0.31043 -0.20398 -0.35331 -0.11639  0.20159  0.06961  0.12057  0.14614 -0.00000
  18  5 1  0  0.00000  0.00000  0.00000  0.00000  0.00000  0.00000  0.00000  0.00000  0.00000  0.00000  0.40825  0.00000  0.00000 -0.50000 -0.28867  0.50000 -0.28868 -0.40825  0.00000  0.00000  0.00000  0.00000  0.00000  0.00000  0.00000  0.00000  0.00000  0.00000  0.00000  0.00000
  19  5 1 +1  0.05721 -0.05432 -0.07850 -0.02959  0.19738  0.29478 -0.17083 -0.20412 -0.30227 -0.24894  0.00000 -0.32315  0.03453  0.00000  0.00000  0.00000  0.00000  0.00000  0.18663 -0.10700 -0.30395  0.02356 -0.09236  0.08602  0.21311  0.14706  0.27626  0.30924  0.30864 -0.20412
  20  5 1 -1 -0.03303 -0.07850 -0.14496  0.19738  0.19832 -0.17019  0.09863 -0.35355  0.24894  0.01482  0.00000 -0.03453  0.36302  0.00000  0.00000  0.00000  0.00000  0.00000 -0.10775  0.18040  0.10700 -0.01360 -0.19267  0.09236  0.39314  0.21311  0.00975 -0.27626 -0.17820 -0.35355
  21  6 0  0  0.38781  0.44312  0.25584 -0.33249 -0.19197  0.00543 -0.22123 -0.00000 -0.07115  0.04108  0.00000  0.00912 -0.00526  0.00000  0.00000  0.00000  0.00000  0.00000 -0.12745 -0.05144  0.08910  0.31043 -0.20398  0.35331  0.11639  0.20160  0.06961 -0.12057 -0.14614  0.00000
  22  6 1  0  0.00000  0.00000  0.00000  0.00000  0.00000  0.00000  0.00000  0.00000  0.00000  0.00000  0.40825  0.00000  0.00000 -0.50000  0.28868 -0.50000 -0.28868  0.40825  0.00000  0.00000  0.00000  0.00000  0.00000  0.00000  0.00000  0.00000  0.00000  0.00000  0.00000  0.00000
  23  6 1 +1  0.05721 -0.05432  0.07850  0.02959  0.19738  0.29478  0.17083 -0.20412 -0.30227  0.24894  0.00000  0.32315  0.03453  0.00000  0.00000  0.00000  0.00000  0.00000  0.18663  0.10700 -0.30395 -0.02356 -0.09236 -0.08602 -0.21311  0.14706  0.27626 -0.30924 -0.30864  0.20412
  24  6 1 -1  0.03303  0.07850 -0.14496  0.19738 -0.19832  0.17019  0.09863  0.35355 -0.24894  0.01482  0.00000 -0.03453 -0.36302  0.00000  0.00000  0.00000  0.00000  0.00000  0.10775  0.18040 -0.10700 -0.01360  0.19267  0.09236  0.39314 -0.21311 -0.00975 -0.27626 -0.17820 -0.35355
  25  7 0  0  0.10913 -0.00000  0.18771 -0.00000  0.26041 -0.22533  0.28074  0.00000 -0.00000 -0.33324  0.00000 -0.00000 -0.30761  0.00000  0.00000  0.00000  0.00000  0.00000  0.32246  0.41823 -0.00000  0.26374 -0.32452  0.00000 -0.11014 -0.00000 -0.25610  0.00000  0.13525 -0.00000
  26  8 0  0  0.10913  0.00000 -0.18771 -0.00000  0.26041 -0.22533 -0.28074 -0.00000  0.00000  0.33324  0.00000 -0.00000 -0.30761  0.00000  0.00000  0.00000  0.00000  0.00000  0.32246 -0.41823  0.00000 -0.26374 -0.32452  0.00000  0.11014  0.00000 -0.25610  0.00000 -0.13525 -0.00000
  27  9 0  0  0.10913 -0.16256  0.09385  0.22552 -0.13020 -0.22533 -0.28074 -0.00000 -0.28860 -0.16662  0.00000  0.26640  0.15380  0.00000  0.00000  0.00000  0.00000  0.00000  0.32246  0.20912  0.36220 -0.26374  0.16226  0.28104 -0.05507  0.09538  0.12805  0.22179 -0.13525 -0.00000
  28 10 0  0  0.10913 -0.16256 -0.09385 -0.22552 -0.13020 -0.22533  0.28074 -0.00000 -0.28860  0.16662  0.00000 -0.26640  0.15381  0.00000  0.00000  0.00000  0.00000  0.00000  0.32246 -0.20912  0.36220  0.26374  0.16226 -0.28104  0.05507  0.09538  0.12805 -0.22179  0.13525  0.00000
  29 11 0  0  0.10913  0.16256 -0.09385  0.22552 -0.13020 -0.22533  0.28074  0.00000  0.28860  0.16662  0.00000  0.26640  0.15380  0.00000  0.00000  0.00000  0.00000  0.00000  0.32246 -0.20912 -0.36220  0.26374  0.16226  0.28104  0.05507 -0.09538  0.12805  0.22179  0.13525 -0.00000
  30 12 0  0  0.10913  0.16256  0.09385 -0.22552 -0.13020 -0.22533 -0.28074  0.00000  0.28860 -0.16662  0.00000 -0.26640  0.15381  0.00000  0.00000  0.00000  0.00000  0.00000  0.32246  0.20912 -0.36220 -0.26374  0.16226 -0.28104 -0.05507 -0.09538  0.12805 -0.22179 -0.13525  0.00000
 time: Energy                           :     0.1 100.0%     0.0


eng>$Energy
eng> E=-2.316169599704e+02
eng> D= 4.09394740e-16  1.36002321e-15  0.00000000e+00
eng>$end


 ============================================================

 Memory used =     7432 KB
  Disk  used =     4591 KB,          4591 KB written,         4552 KB read

 CPU  time =    0.17 sec =  0.00 min = 0.00 hr =     inf%
 REAL time =    0.00 sec =  0.00 min = 0.00 hr
 ratio     =     inf%

 date: Tue Sep  5 03:41:03 2017

 time: Energy                           :     0.1 100.0%     0.0
