
v180612
conv:1.000000e-13
it:64
diis_it:8

  N   = 30,  Na  = 15,  Nb  = 15
  Mo  = 30,  Mv  = 78

 it   1     E =   -231.4538950741
 it   2     E =   -231.6090678670    dE =     -0.1551727929    dD =  3.28e-01
 it   3     E =   -231.6169548146    dE =     -0.0078869475    dD =  2.56e-02
 it   4     E =   -231.6169598734    dE =     -0.0000050588    dD =  1.33e-05
 it   5     E =   -231.6169599689    dE =     -0.0000000955    dD =  3.27e-07
 it   6     E =   -231.6169599704    dE =     -0.0000000015    dD =  4.43e-09
 it   7     E =   -231.6169599704    dE =     -0.0000000000    dD =  5.47e-11
 it   8     E =   -231.6169599704    dE =     -0.0000000000    dD =  2.92e-12
 it   9     E =   -231.6169599704    dE =     -0.0000000000    dD =  1.10e-14
converged

 (E0   =       -96.8281972675)
 (E0+1 =      -229.2395922247)
 (E2   =        -2.3773677457)
  E    =      -231.6169599704
 dipole:  -0.000000  -0.000000  +0.000000
 <S^2> :  -0.0000 / 0.0000

  alpha:
                 e:    -1.6815283219  -1.1577932935  -1.1577932931  -0.8028283433  -0.8028283431  -0.7006520893  -0.6214700414  -0.5705738684  -0.5604689918  -0.5604689916  -0.5439349007  -0.4796454020  -0.4796454016  -0.3719241370  -0.3719241370   0.1107891767   0.1107891768   0.2703147680   0.2840193481   0.3137610474   0.3137610487   0.3201456642   0.3286851696   0.3286851705   0.4295007886   0.4295007887   0.4310030189   0.4310030191   0.5228045799   0.5703173081
    N   atom  l  m             1 (o)          2 (o)          3 (o)          4 (o)          5 (o)          6 (o)          7 (o)          8 (o)          9 (o)         10 (o)         11 (o)         12 (o)         13 (o)         14 (o)         15 (o)         16 (v)         17 (v)         18 (v)         19 (v)         20 (v)         21 (v)         22 (v)         23 (v)         24 (v)         25 (v)         26 (v)         27 (v)         28 (v)         29 (v)         30 (v)      
    1      1  0  0      0.3878051971   0.0000007821  -0.5116751173  -0.0000002642  -0.3839295354  -0.0054324164  -0.2212288306   0.0000000000   0.0000000432  -0.0821573428   0.0000000000  -0.0000000248  -0.0105258296   0.0000000000   0.0000000000   0.0000000000   0.0000000000   0.0000000000  -0.1274530724   0.1028799486   0.0000000109   0.3104298203  -0.4079694616   0.0000002630   0.2327827326  -0.0000012498   0.1392177053   0.0000001300  -0.1461430536   0.0000000000
    2      1  1 -1      0.0660567498  -0.0000000138   0.0090036809   0.0000000988   0.1435463470  -0.3403857733   0.1972594550  -0.0000000000   0.0000002345  -0.4459984296   0.0000000000  -0.0000007153  -0.3032144220   0.0000000000   0.0000000000   0.0000000000   0.0000000000   0.0000000000   0.2155010418  -0.3657330966  -0.0000000388  -0.0272033860   0.0326917374  -0.0000000211   0.0240202659  -0.0000001290   0.4687430457   0.0000004377  -0.3563921248   0.0000000000
    3      1  1  0      0.0000000000   0.0000000000   0.0000000000   0.0000000000   0.0000000000   0.0000000000   0.0000000000   0.0000000000   0.0000000000   0.0000000000   0.4082482904   0.0000000000   0.0000000000   0.0000147087  -0.5773502690  -0.0000016486   0.5773502692  -0.4082482905   0.0000000000   0.0000000000   0.0000000000   0.0000000000   0.0000000000   0.0000000000   0.0000000000   0.0000000000   0.0000000000   0.0000000000   0.0000000000   0.0000000000
    4      1  1  1     -0.0000000000   0.1902823251   0.0000002908   0.3122726785  -0.0000002149  -0.0000000000  -0.0000000000  -0.4082482922  -0.1289106791  -0.0000000678   0.0000000000   0.3829607192  -0.0000009035   0.0000000000   0.0000000000   0.0000000000   0.0000000000   0.0000000000  -0.0000000000   0.0000000126  -0.1186166277   0.0000000000  -0.0000001586  -0.2459959237   0.0000027713   0.5161764244   0.0000001580  -0.1692518851   0.0000000000  -0.4082482906
    5      2  0  0      0.3878051971  -0.0000007821   0.5116751173  -0.0000002642  -0.3839295354  -0.0054324164   0.2212288306   0.0000000000  -0.0000000432   0.0821573428   0.0000000000  -0.0000000248  -0.0105258296   0.0000000000   0.0000000000   0.0000000000   0.0000000000   0.0000000000  -0.1274530724  -0.1028799486  -0.0000000109  -0.3104298203  -0.4079694616   0.0000002630  -0.2327827326   0.0000012498   0.1392177053   0.0000001300   0.1461430536  -0.0000000000
    6      2  1 -1     -0.0660567498  -0.0000000138   0.0090036809  -0.0000000988  -0.1435463470   0.3403857733   0.1972594550   0.0000000000   0.0000002345  -0.4459984296   0.0000000000   0.0000007153   0.3032144220   0.0000000000   0.0000000000   0.0000000000   0.0000000000   0.0000000000  -0.2155010418  -0.3657330966  -0.0000000388  -0.0272033860  -0.0326917374   0.0000000211   0.0240202659  -0.0000001290  -0.4687430457  -0.0000004377  -0.3563921248   0.0000000000
    7      2  1  0      0.0000000000   0.0000000000   0.0000000000   0.0000000000   0.0000000000   0.0000000000   0.0000000000   0.0000000000   0.0000000000   0.0000000000   0.4082482904   0.0000000000   0.0000000000  -0.0000147087   0.5773502690  -0.0000016486   0.5773502692   0.4082482905   0.0000000000   0.0000000000   0.0000000000   0.0000000000   0.0000000000   0.0000000000   0.0000000000   0.0000000000   0.0000000000   0.0000000000   0.0000000000   0.0000000000
    8      2  1  1      0.0000000000   0.1902823251   0.0000002908  -0.3122726785   0.0000002149  -0.0000000000   0.0000000000  -0.4082482922  -0.1289106791  -0.0000000678   0.0000000000  -0.3829607192   0.0000009035   0.0000000000   0.0000000000   0.0000000000   0.0000000000   0.0000000000  -0.0000000000   0.0000000126  -0.1186166277   0.0000000000   0.0000001586   0.2459959237   0.0000027713   0.5161764244  -0.0000001580   0.1692518851   0.0000000000   0.4082482906
    9      3  0  0      0.3878051973   0.4431240411  -0.2558368815   0.3324928629   0.1919645385  -0.0054324184   0.2212288296  -0.0000000011  -0.0711503256  -0.0410787103   0.0000000000   0.0091156485   0.0052628933   0.0000000000   0.0000000000   0.0000000000   0.0000000000   0.0000000000  -0.1274530655   0.0514399357  -0.0890966157  -0.3104298354   0.2039849612   0.3533117883   0.1163902858  -0.2015963861  -0.0696089644   0.1205660019   0.1461430524   0.0000000000
   10      3  1 -1      0.0330283749   0.0784957339   0.1449627843  -0.1973752919   0.1983180574  -0.1701928875  -0.0986297284   0.3535533873  -0.2489429455  -0.0148167243   0.0000000000  -0.0345303034   0.3630242260   0.0000000000   0.0000000000   0.0000000000   0.0000000000   0.0000000000   0.1077505169  -0.1803957532   0.1070045490   0.0136017320  -0.1926698188   0.0923635461   0.3931385297   0.2131077570   0.0097528951   0.2762599188   0.1781960620  -0.3535533904
   11      3  1  0      0.0000000000   0.0000000000   0.0000000000   0.0000000000   0.0000000000   0.0000000000   0.0000000000   0.0000000000   0.0000000000   0.0000000000   0.4082482905   0.0000000000   0.0000000000  -0.4999926455  -0.2886878726  -0.4999991757  -0.2886765623   0.4082482904   0.0000000000   0.0000000000   0.0000000000   0.0000000000   0.0000000000   0.0000000000   0.0000000000   0.0000000000   0.0000000000   0.0000000000   0.0000000000   0.0000000000
   12      3  1  1     -0.0572068233   0.0543232223   0.0784960385   0.0295917275   0.1973754091   0.2947827259   0.1708317021   0.2041241492   0.3022710168   0.2489431067   0.0000000000  -0.3231509147   0.0345319220   0.0000000000   0.0000000000   0.0000000000   0.0000000000   0.0000000000  -0.1866293747   0.1070045979  -0.3039539655  -0.0235588668  -0.0923633624   0.0860178434   0.2131106563   0.1470581616   0.2762601995  -0.3092440557  -0.3086446350  -0.2041241455
   13      4  0  0      0.3878051973   0.4431232590   0.2558382361  -0.3324925986   0.1919649962  -0.0054324184  -0.2212288296  -0.0000000011  -0.0711503688   0.0410786354   0.0000000000  -0.0091156236   0.0052629363   0.0000000000   0.0000000000   0.0000000000   0.0000000000   0.0000000000  -0.1274530655  -0.0514399168  -0.0890966266   0.3104298354   0.2039845056  -0.3533120514  -0.1163924505  -0.2015951363  -0.0696087392  -0.1205661319  -0.1461430524  -0.0000000000
   14      4  1 -1     -0.0330283749  -0.0784961770   0.1449625443  -0.1973755649  -0.1983177858   0.1701928875  -0.0986297284  -0.3535533873   0.2489429611  -0.0148164625   0.0000000000  -0.0345320162  -0.3630240631   0.0000000000   0.0000000000   0.0000000000   0.0000000000   0.0000000000  -0.1077505169  -0.1803957305  -0.1070045873   0.0136017320   0.1926699379   0.0923632977   0.3931362414  -0.2131119784  -0.0097534110   0.2762599006   0.1781960620  -0.3535533904
   15      4  1  0      0.0000000000   0.0000000000   0.0000000000   0.0000000000   0.0000000000   0.0000000000   0.0000000000   0.0000000000   0.0000000000   0.0000000000   0.4082482905   0.0000000000   0.0000000000  -0.5000073542   0.2886623964   0.5000008243  -0.2886737069  -0.4082482904   0.0000000000   0.0000000000   0.0000000000   0.0000000000   0.0000000000   0.0000000000   0.0000000000   0.0000000000   0.0000000000   0.0000000000   0.0000000000   0.0000000000
   16      4  1  1     -0.0572068233   0.0543234623  -0.0784958724  -0.0295914558   0.1973754498   0.2947827259  -0.1708317021   0.2041241492   0.3022712786  -0.2489427888   0.0000000000   0.3231510776   0.0345303973   0.0000000000   0.0000000000   0.0000000000   0.0000000000   0.0000000000  -0.1866293747  -0.1070045334  -0.3039539882   0.0235588668  -0.0923634734  -0.0860177243  -0.2131090772   0.1470604500   0.2762596220   0.3092445715   0.3086446350   0.2041241455
   17      5  0  0      0.3878051973  -0.4431240411   0.2558368815   0.3324928629   0.1919645385  -0.0054324184  -0.2212288296   0.0000000011   0.0711503256   0.0410787103   0.0000000000   0.0091156485   0.0052628933   0.0000000000   0.0000000000   0.0000000000   0.0000000000   0.0000000000  -0.1274530655  -0.0514399357   0.0890966157   0.3104298354   0.2039849612   0.3533117883  -0.1163902858   0.2015963861  -0.0696089644   0.1205660019  -0.1461430524   0.0000000000
   18      5  1 -1     -0.0330283749   0.0784957339   0.1449627843   0.1973752919  -0.1983180574   0.1701928875  -0.0986297284   0.3535533873  -0.2489429455  -0.0148167243   0.0000000000   0.0345303034  -0.3630242260   0.0000000000   0.0000000000   0.0000000000   0.0000000000   0.0000000000  -0.1077505169  -0.1803957532   0.1070045490   0.0136017320   0.1926698188  -0.0923635461   0.3931385297   0.2131077570  -0.0097528951  -0.2762599188   0.1781960620   0.3535533904
   19      5  1  0      0.0000000000   0.0000000000   0.0000000000   0.0000000000   0.0000000000   0.0000000000   0.0000000000   0.0000000000   0.0000000000   0.0000000000   0.4082482905   0.0000000000   0.0000000000   0.4999926455   0.2886878726  -0.4999991757  -0.2886765623  -0.4082482904   0.0000000000   0.0000000000   0.0000000000   0.0000000000   0.0000000000   0.0000000000   0.0000000000   0.0000000000   0.0000000000   0.0000000000   0.0000000000   0.0000000000
   20      5  1  1      0.0572068233   0.0543232223   0.0784960385  -0.0295917275  -0.1973754091  -0.2947827259   0.1708317021   0.2041241492   0.3022710168   0.2489431067   0.0000000000   0.3231509147  -0.0345319220   0.0000000000   0.0000000000   0.0000000000   0.0000000000   0.0000000000   0.1866293747   0.1070045979  -0.3039539655  -0.0235588668   0.0923633624  -0.0860178434   0.2131106563   0.1470581616  -0.2762601995   0.3092440557  -0.3086446350   0.2041241455
   21      6  0  0      0.3878051973  -0.4431232590  -0.2558382361  -0.3324925986   0.1919649962  -0.0054324184   0.2212288296   0.0000000011   0.0711503688  -0.0410786354   0.0000000000  -0.0091156236   0.0052629363   0.0000000000   0.0000000000   0.0000000000   0.0000000000   0.0000000000  -0.1274530655   0.0514399168   0.0890966266  -0.3104298354   0.2039845056  -0.3533120514   0.1163924505   0.2015951363  -0.0696087392  -0.1205661319   0.1461430524  -0.0000000000
   22      6  1 -1      0.0330283749  -0.0784961770   0.1449625443   0.1973755649   0.1983177858  -0.1701928875  -0.0986297284  -0.3535533873   0.2489429611  -0.0148164625   0.0000000000   0.0345320162   0.3630240631   0.0000000000   0.0000000000   0.0000000000   0.0000000000   0.0000000000   0.1077505169  -0.1803957305  -0.1070045873   0.0136017320  -0.1926699379  -0.0923632977   0.3931362414  -0.2131119784   0.0097534110  -0.2762599006   0.1781960620   0.3535533904
   23      6  1  0      0.0000000000   0.0000000000   0.0000000000   0.0000000000   0.0000000000   0.0000000000   0.0000000000   0.0000000000   0.0000000000   0.0000000000   0.4082482905   0.0000000000   0.0000000000   0.5000073542  -0.2886623964   0.5000008243  -0.2886737069   0.4082482904   0.0000000000   0.0000000000   0.0000000000   0.0000000000   0.0000000000   0.0000000000   0.0000000000   0.0000000000   0.0000000000   0.0000000000   0.0000000000   0.0000000000
   24      6  1  1      0.0572068233   0.0543234623  -0.0784958724   0.0295914558  -0.1973754498  -0.2947827259  -0.1708317021   0.2041241492   0.3022712786  -0.2489427888   0.0000000000  -0.3231510776  -0.0345303973   0.0000000000   0.0000000000   0.0000000000   0.0000000000   0.0000000000   0.1866293747  -0.1070045334  -0.3039539882   0.0235588668   0.0923634734   0.0860177243  -0.2131090772   0.1470604500  -0.2762596220  -0.3092445715   0.3086446350  -0.2041241455
   25      7  0  0      0.1091343274   0.0000002869  -0.1877058280  -0.0000001792  -0.2604067298   0.2253323795  -0.2807368471   0.0000000000  -0.0000001752   0.3332430676   0.0000000000   0.0000007257   0.3076111874   0.0000000000   0.0000000000   0.0000000000   0.0000000000   0.0000000000   0.3224619166  -0.4182325665  -0.0000000444  -0.2637421809   0.3245173398  -0.0000002092  -0.1101383566   0.0000005913   0.2560966972   0.0000002391  -0.1352535674  -0.0000000000
   26      8  0  0      0.1091343274  -0.0000002869   0.1877058280  -0.0000001792  -0.2604067298   0.2253323795   0.2807368471   0.0000000000   0.0000001752  -0.3332430676   0.0000000000   0.0000007257   0.3076111874   0.0000000000   0.0000000000   0.0000000000   0.0000000000   0.0000000000   0.3224619166   0.4182325665   0.0000000444   0.2637421809   0.3245173398  -0.0000002092   0.1101383566  -0.0000005913   0.2560966972   0.0000002391   0.1352535674  -0.0000000000
   27      9  0  0      0.1091343278   0.1625581595  -0.0938526659   0.2255189338   0.1302032109   0.2253323785   0.2807368491   0.0000000040   0.2885968732   0.1666216835   0.0000000000  -0.2663994651  -0.1538049647   0.0000000000   0.0000000000   0.0000000000   0.0000000000   0.0000000000   0.3224619086  -0.2091162801   0.3621999810   0.2637422458  -0.1622588574  -0.2810401580  -0.0550686669   0.0953829113  -0.1280485578   0.2217861289   0.1352535690   0.0000000003
   28     10  0  0      0.1091343278   0.1625578726   0.0938531628  -0.2255187546   0.1302035213   0.2253323785  -0.2807368491   0.0000000040   0.2885970484  -0.1666213800   0.0000000000   0.2663987393  -0.1538062217   0.0000000000   0.0000000000   0.0000000000   0.0000000000   0.0000000000   0.3224619086   0.2091162032   0.3622000254  -0.2637422458  -0.1622584950   0.2810403673   0.0550696912   0.0953823200  -0.1280481437  -0.2217863681  -0.1352535690  -0.0000000003
   29     11  0  0      0.1091343278  -0.1625581595   0.0938526659   0.2255189338   0.1302032109   0.2253323785  -0.2807368491  -0.0000000040  -0.2885968732  -0.1666216835   0.0000000000  -0.2663994651  -0.1538049647   0.0000000000   0.0000000000   0.0000000000   0.0000000000   0.0000000000   0.3224619086   0.2091162801  -0.3621999810  -0.2637422458  -0.1622588574  -0.2810401580   0.0550686669  -0.0953829113  -0.1280485578   0.2217861289  -0.1352535690   0.0000000003
   30     12  0  0      0.1091343278  -0.1625578726  -0.0938531628  -0.2255187546   0.1302035213   0.2253323785   0.2807368491  -0.0000000040  -0.2885970484   0.1666213800   0.0000000000   0.2663987393  -0.1538062217   0.0000000000   0.0000000000   0.0000000000   0.0000000000   0.0000000000   0.3224619086  -0.2091162032  -0.3622000254   0.2637422458  -0.1622584950   0.2810403673  -0.0550696912  -0.0953823200  -0.1280481437  -0.2217863681   0.1352535690  -0.0000000003

  beta:
                 e:    -1.6815283219  -1.1577932935  -1.1577932931  -0.8028283433  -0.8028283431  -0.7006520893  -0.6214700414  -0.5705738684  -0.5604689918  -0.5604689916  -0.5439349007  -0.4796454020  -0.4796454016  -0.3719241370  -0.3719241370   0.1107891767   0.1107891768   0.2703147680   0.2840193481   0.3137610474   0.3137610487   0.3201456642   0.3286851696   0.3286851705   0.4295007886   0.4295007887   0.4310030189   0.4310030191   0.5228045799   0.5703173081
    N   atom  l  m             1 (o)          2 (o)          3 (o)          4 (o)          5 (o)          6 (o)          7 (o)          8 (o)          9 (o)         10 (o)         11 (o)         12 (o)         13 (o)         14 (o)         15 (o)         16 (v)         17 (v)         18 (v)         19 (v)         20 (v)         21 (v)         22 (v)         23 (v)         24 (v)         25 (v)         26 (v)         27 (v)         28 (v)         29 (v)         30 (v)      
    1      1  0  0      0.3878051971   0.0000007821  -0.5116751173  -0.0000002642  -0.3839295354  -0.0054324164  -0.2212288306   0.0000000000   0.0000000432  -0.0821573428   0.0000000000  -0.0000000248  -0.0105258296   0.0000000000   0.0000000000   0.0000000000   0.0000000000   0.0000000000  -0.1274530724   0.1028799486   0.0000000109   0.3104298203  -0.4079694616   0.0000002630   0.2327827326  -0.0000012498   0.1392177053   0.0000001300  -0.1461430536   0.0000000000
    2      1  1 -1      0.0660567498  -0.0000000138   0.0090036809   0.0000000988   0.1435463470  -0.3403857733   0.1972594550  -0.0000000000   0.0000002345  -0.4459984296   0.0000000000  -0.0000007153  -0.3032144220   0.0000000000   0.0000000000   0.0000000000   0.0000000000   0.0000000000   0.2155010418  -0.3657330966  -0.0000000388  -0.0272033860   0.0326917374  -0.0000000211   0.0240202659  -0.0000001290   0.4687430457   0.0000004377  -0.3563921248   0.0000000000
    3      1  1  0      0.0000000000   0.0000000000   0.0000000000   0.0000000000   0.0000000000   0.0000000000   0.0000000000   0.0000000000   0.0000000000   0.0000000000   0.4082482904   0.0000000000   0.0000000000   0.0000147087  -0.5773502690  -0.0000016486   0.5773502692  -0.4082482905   0.0000000000   0.0000000000   0.0000000000   0.0000000000   0.0000000000   0.0000000000   0.0000000000   0.0000000000   0.0000000000   0.0000000000   0.0000000000   0.0000000000
    4      1  1  1     -0.0000000000   0.1902823251   0.0000002908   0.3122726785  -0.0000002149  -0.0000000000  -0.0000000000  -0.4082482922  -0.1289106791  -0.0000000678   0.0000000000   0.3829607192  -0.0000009035   0.0000000000   0.0000000000   0.0000000000   0.0000000000   0.0000000000  -0.0000000000   0.0000000126  -0.1186166277   0.0000000000  -0.0000001586  -0.2459959237   0.0000027713   0.5161764244   0.0000001580  -0.1692518851   0.0000000000  -0.4082482906
    5      2  0  0      0.3878051971  -0.0000007821   0.5116751173  -0.0000002642  -0.3839295354  -0.0054324164   0.2212288306   0.0000000000  -0.0000000432   0.0821573428   0.0000000000  -0.0000000248  -0.0105258296   0.0000000000   0.0000000000   0.0000000000   0.0000000000   0.0000000000  -0.1274530724  -0.1028799486  -0.0000000109  -0.3104298203  -0.4079694616   0.0000002630  -0.2327827326   0.0000012498   0.1392177053   0.0000001300   0.1461430536  -0.0000000000
    6      2  1 -1     -0.0660567498  -0.0000000138   0.0090036809  -0.0000000988  -0.1435463470   0.3403857733   0.1972594550   0.0000000000   0.0000002345  -0.4459984296   0.0000000000   0.0000007153   0.3032144220   0.0000000000   0.0000000000   0.0000000000   0.0000000000   0.0000000000  -0.2155010418  -0.3657330966  -0.0000000388  -0.0272033860  -0.0326917374   0.0000000211   0.0240202659  -0.0000001290  -0.4687430457  -0.0000004377  -0.3563921248   0.0000000000
    7      2  1  0      0.0000000000   0.0000000000   0.0000000000   0.0000000000   0.0000000000   0.0000000000   0.0000000000   0.0000000000   0.0000000000   0.0000000000   0.4082482904   0.0000000000   0.0000000000  -0.0000147087   0.5773502690  -0.0000016486   0.5773502692   0.4082482905   0.0000000000   0.0000000000   0.0000000000   0.0000000000   0.0000000000   0.0000000000   0.0000000000   0.0000000000   0.0000000000   0.0000000000   0.0000000000   0.0000000000
    8      2  1  1      0.0000000000   0.1902823251   0.0000002908  -0.3122726785   0.0000002149  -0.0000000000   0.0000000000  -0.4082482922  -0.1289106791  -0.0000000678   0.0000000000  -0.3829607192   0.0000009035   0.0000000000   0.0000000000   0.0000000000   0.0000000000   0.0000000000  -0.0000000000   0.0000000126  -0.1186166277   0.0000000000   0.0000001586   0.2459959237   0.0000027713   0.5161764244  -0.0000001580   0.1692518851   0.0000000000   0.4082482906
    9      3  0  0      0.3878051973   0.4431240411  -0.2558368815   0.3324928629   0.1919645385  -0.0054324184   0.2212288296  -0.0000000011  -0.0711503256  -0.0410787103   0.0000000000   0.0091156485   0.0052628933   0.0000000000   0.0000000000   0.0000000000   0.0000000000   0.0000000000  -0.1274530655   0.0514399357  -0.0890966157  -0.3104298354   0.2039849612   0.3533117883   0.1163902858  -0.2015963861  -0.0696089644   0.1205660019   0.1461430524   0.0000000000
   10      3  1 -1      0.0330283749   0.0784957339   0.1449627843  -0.1973752919   0.1983180574  -0.1701928875  -0.0986297284   0.3535533873  -0.2489429455  -0.0148167243   0.0000000000  -0.0345303034   0.3630242260   0.0000000000   0.0000000000   0.0000000000   0.0000000000   0.0000000000   0.1077505169  -0.1803957532   0.1070045490   0.0136017320  -0.1926698188   0.0923635461   0.3931385297   0.2131077570   0.0097528951   0.2762599188   0.1781960620  -0.3535533904
   11      3  1  0      0.0000000000   0.0000000000   0.0000000000   0.0000000000   0.0000000000   0.0000000000   0.0000000000   0.0000000000   0.0000000000   0.0000000000   0.4082482905   0.0000000000   0.0000000000  -0.4999926455  -0.2886878726  -0.4999991757  -0.2886765623   0.4082482904   0.0000000000   0.0000000000   0.0000000000   0.0000000000   0.0000000000   0.0000000000   0.0000000000   0.0000000000   0.0000000000   0.0000000000   0.0000000000   0.0000000000
   12      3  1  1     -0.0572068233   0.0543232223   0.0784960385   0.0295917275   0.1973754091   0.2947827259   0.1708317021   0.2041241492   0.3022710168   0.2489431067   0.0000000000  -0.3231509147   0.0345319220   0.0000000000   0.0000000000   0.0000000000   0.0000000000   0.0000000000  -0.1866293747   0.1070045979  -0.3039539655  -0.0235588668  -0.0923633624   0.0860178434   0.2131106563   0.1470581616   0.2762601995  -0.3092440557  -0.3086446350  -0.2041241455
   13      4  0  0      0.3878051973   0.4431232590   0.2558382361  -0.3324925986   0.1919649962  -0.0054324184  -0.2212288296  -0.0000000011  -0.0711503688   0.0410786354   0.0000000000  -0.0091156236   0.0052629363   0.0000000000   0.0000000000   0.0000000000   0.0000000000   0.0000000000  -0.1274530655  -0.0514399168  -0.0890966266   0.3104298354   0.2039845056  -0.3533120514  -0.1163924505  -0.2015951363  -0.0696087392  -0.1205661319  -0.1461430524  -0.0000000000
   14      4  1 -1     -0.0330283749  -0.0784961770   0.1449625443  -0.1973755649  -0.1983177858   0.1701928875  -0.0986297284  -0.3535533873   0.2489429611  -0.0148164625   0.0000000000  -0.0345320162  -0.3630240631   0.0000000000   0.0000000000   0.0000000000   0.0000000000   0.0000000000  -0.1077505169  -0.1803957305  -0.1070045873   0.0136017320   0.1926699379   0.0923632977   0.3931362414  -0.2131119784  -0.0097534110   0.2762599006   0.1781960620  -0.3535533904
   15      4  1  0      0.0000000000   0.0000000000   0.0000000000   0.0000000000   0.0000000000   0.0000000000   0.0000000000   0.0000000000   0.0000000000   0.0000000000   0.4082482905   0.0000000000   0.0000000000  -0.5000073542   0.2886623964   0.5000008243  -0.2886737069  -0.4082482904   0.0000000000   0.0000000000   0.0000000000   0.0000000000   0.0000000000   0.0000000000   0.0000000000   0.0000000000   0.0000000000   0.0000000000   0.0000000000   0.0000000000
   16      4  1  1     -0.0572068233   0.0543234623  -0.0784958724  -0.0295914558   0.1973754498   0.2947827259  -0.1708317021   0.2041241492   0.3022712786  -0.2489427888   0.0000000000   0.3231510776   0.0345303973   0.0000000000   0.0000000000   0.0000000000   0.0000000000   0.0000000000  -0.1866293747  -0.1070045334  -0.3039539882   0.0235588668  -0.0923634734  -0.0860177243  -0.2131090772   0.1470604500   0.2762596220   0.3092445715   0.3086446350   0.2041241455
   17      5  0  0      0.3878051973  -0.4431240411   0.2558368815   0.3324928629   0.1919645385  -0.0054324184  -0.2212288296   0.0000000011   0.0711503256   0.0410787103   0.0000000000   0.0091156485   0.0052628933   0.0000000000   0.0000000000   0.0000000000   0.0000000000   0.0000000000  -0.1274530655  -0.0514399357   0.0890966157   0.3104298354   0.2039849612   0.3533117883  -0.1163902858   0.2015963861  -0.0696089644   0.1205660019  -0.1461430524   0.0000000000
   18      5  1 -1     -0.0330283749   0.0784957339   0.1449627843   0.1973752919  -0.1983180574   0.1701928875  -0.0986297284   0.3535533873  -0.2489429455  -0.0148167243   0.0000000000   0.0345303034  -0.3630242260   0.0000000000   0.0000000000   0.0000000000   0.0000000000   0.0000000000  -0.1077505169  -0.1803957532   0.1070045490   0.0136017320   0.1926698188  -0.0923635461   0.3931385297   0.2131077570  -0.0097528951  -0.2762599188   0.1781960620   0.3535533904
   19      5  1  0      0.0000000000   0.0000000000   0.0000000000   0.0000000000   0.0000000000   0.0000000000   0.0000000000   0.0000000000   0.0000000000   0.0000000000   0.4082482905   0.0000000000   0.0000000000   0.4999926455   0.2886878726  -0.4999991757  -0.2886765623  -0.4082482904   0.0000000000   0.0000000000   0.0000000000   0.0000000000   0.0000000000   0.0000000000   0.0000000000   0.0000000000   0.0000000000   0.0000000000   0.0000000000   0.0000000000
   20      5  1  1      0.0572068233   0.0543232223   0.0784960385  -0.0295917275  -0.1973754091  -0.2947827259   0.1708317021   0.2041241492   0.3022710168   0.2489431067   0.0000000000   0.3231509147  -0.0345319220   0.0000000000   0.0000000000   0.0000000000   0.0000000000   0.0000000000   0.1866293747   0.1070045979  -0.3039539655  -0.0235588668   0.0923633624  -0.0860178434   0.2131106563   0.1470581616  -0.2762601995   0.3092440557  -0.3086446350   0.2041241455
   21      6  0  0      0.3878051973  -0.4431232590  -0.2558382361  -0.3324925986   0.1919649962  -0.0054324184   0.2212288296   0.0000000011   0.0711503688  -0.0410786354   0.0000000000  -0.0091156236   0.0052629363   0.0000000000   0.0000000000   0.0000000000   0.0000000000   0.0000000000  -0.1274530655   0.0514399168   0.0890966266  -0.3104298354   0.2039845056  -0.3533120514   0.1163924505   0.2015951363  -0.0696087392  -0.1205661319   0.1461430524  -0.0000000000
   22      6  1 -1      0.0330283749  -0.0784961770   0.1449625443   0.1973755649   0.1983177858  -0.1701928875  -0.0986297284  -0.3535533873   0.2489429611  -0.0148164625   0.0000000000   0.0345320162   0.3630240631   0.0000000000   0.0000000000   0.0000000000   0.0000000000   0.0000000000   0.1077505169  -0.1803957305  -0.1070045873   0.0136017320  -0.1926699379  -0.0923632977   0.3931362414  -0.2131119784   0.0097534110  -0.2762599006   0.1781960620   0.3535533904
   23      6  1  0      0.0000000000   0.0000000000   0.0000000000   0.0000000000   0.0000000000   0.0000000000   0.0000000000   0.0000000000   0.0000000000   0.0000000000   0.4082482905   0.0000000000   0.0000000000   0.5000073542  -0.2886623964   0.5000008243  -0.2886737069   0.4082482904   0.0000000000   0.0000000000   0.0000000000   0.0000000000   0.0000000000   0.0000000000   0.0000000000   0.0000000000   0.0000000000   0.0000000000   0.0000000000   0.0000000000
   24      6  1  1      0.0572068233   0.0543234623  -0.0784958724   0.0295914558  -0.1973754498  -0.2947827259  -0.1708317021   0.2041241492   0.3022712786  -0.2489427888   0.0000000000  -0.3231510776  -0.0345303973   0.0000000000   0.0000000000   0.0000000000   0.0000000000   0.0000000000   0.1866293747  -0.1070045334  -0.3039539882   0.0235588668   0.0923634734   0.0860177243  -0.2131090772   0.1470604500  -0.2762596220  -0.3092445715   0.3086446350  -0.2041241455
   25      7  0  0      0.1091343274   0.0000002869  -0.1877058280  -0.0000001792  -0.2604067298   0.2253323795  -0.2807368471   0.0000000000  -0.0000001752   0.3332430676   0.0000000000   0.0000007257   0.3076111874   0.0000000000   0.0000000000   0.0000000000   0.0000000000   0.0000000000   0.3224619166  -0.4182325665  -0.0000000444  -0.2637421809   0.3245173398  -0.0000002092  -0.1101383566   0.0000005913   0.2560966972   0.0000002391  -0.1352535674  -0.0000000000
   26      8  0  0      0.1091343274  -0.0000002869   0.1877058280  -0.0000001792  -0.2604067298   0.2253323795   0.2807368471   0.0000000000   0.0000001752  -0.3332430676   0.0000000000   0.0000007257   0.3076111874   0.0000000000   0.0000000000   0.0000000000   0.0000000000   0.0000000000   0.3224619166   0.4182325665   0.0000000444   0.2637421809   0.3245173398  -0.0000002092   0.1101383566  -0.0000005913   0.2560966972   0.0000002391   0.1352535674  -0.0000000000
   27      9  0  0      0.1091343278   0.1625581595  -0.0938526659   0.2255189338   0.1302032109   0.2253323785   0.2807368491   0.0000000040   0.2885968732   0.1666216835   0.0000000000  -0.2663994651  -0.1538049647   0.0000000000   0.0000000000   0.0000000000   0.0000000000   0.0000000000   0.3224619086  -0.2091162801   0.3621999810   0.2637422458  -0.1622588574  -0.2810401580  -0.0550686669   0.0953829113  -0.1280485578   0.2217861289   0.1352535690   0.0000000003
   28     10  0  0      0.1091343278   0.1625578726   0.0938531628  -0.2255187546   0.1302035213   0.2253323785  -0.2807368491   0.0000000040   0.2885970484  -0.1666213800   0.0000000000   0.2663987393  -0.1538062217   0.0000000000   0.0000000000   0.0000000000   0.0000000000   0.0000000000   0.3224619086   0.2091162032   0.3622000254  -0.2637422458  -0.1622584950   0.2810403673   0.0550696912   0.0953823200  -0.1280481437  -0.2217863681  -0.1352535690  -0.0000000003
   29     11  0  0      0.1091343278  -0.1625581595   0.0938526659   0.2255189338   0.1302032109   0.2253323785  -0.2807368491  -0.0000000040  -0.2885968732  -0.1666216835   0.0000000000  -0.2663994651  -0.1538049647   0.0000000000   0.0000000000   0.0000000000   0.0000000000   0.0000000000   0.3224619086   0.2091162801  -0.3621999810  -0.2637422458  -0.1622588574  -0.2810401580   0.0550686669  -0.0953829113  -0.1280485578   0.2217861289  -0.1352535690   0.0000000003
   30     12  0  0      0.1091343278  -0.1625578726  -0.0938531628  -0.2255187546   0.1302035213   0.2253323785   0.2807368491  -0.0000000040  -0.2885970484   0.1666213800   0.0000000000   0.2663987393  -0.1538062217   0.0000000000   0.0000000000   0.0000000000   0.0000000000   0.0000000000   0.3224619086  -0.2091162032  -0.3622000254   0.2637422458  -0.1622584950   0.2810403673  -0.0550696912  -0.0953823200  -0.1280481437  -0.2217863681   0.1352535690  -0.0000000003

charges:
   1( 6)   -0.099562
   2( 6)   -0.099562
   3( 6)   -0.099562
   4( 6)   -0.099562
   5( 6)   -0.099562
   6( 6)   -0.099562
   7( 1)   +0.099562
   8( 1)   +0.099562
   9( 1)   +0.099562
  10( 1)   +0.099562
  11( 1)   +0.099562
  12( 1)   +0.099562

bonds:
   1( 6)    2( 6)   0.116506
   1( 6)    3( 6)   1.408545
   1( 6)    6( 6)   1.408545
   1( 6)    7( 1)   0.947425
   2( 6)    4( 6)   1.408545
   2( 6)    5( 6)   1.408545
   2( 6)    8( 1)   0.947425
   3( 6)    4( 6)   1.408545
   3( 6)    5( 6)   0.116506
   3( 6)    9( 1)   0.947425
   4( 6)    6( 6)   0.116506
   4( 6)   10( 1)   0.947425
   5( 6)    6( 6)   1.408545
   5( 6)   11( 1)   0.947425
   6( 6)   12( 1)   0.947425


TIME: 0.04 sec  (0.00 min)

