 Priroda 11 (2011.08.21)
 copyright (c) D.N. Laikov

 date: Tue Sep  5 03:41:03 2017

 node  0: 'hghscncs'

 Memory: 32m + 32m (32m + 32m)


 molecule input: ''
 2 atoms, 16 electrons

 Atomic Coordinates:
   8     0.00000000   0.00000000   0.61454693
   8     0.00000000   0.00000000  -0.61454693
 #
  formula: O2
  internuclear distances:
  O1    |  O2   : 1.22909
  O2    |  O1   : 1.22909
     largest =    1.22909


 qm file: './qm_m.in'
 N=26 Ne=6,6
 NR=666+1440,110+720,0
 it= 0: E=-149.9940063905 g=0.0191379682 x=0.0092443119 n=1
 it= 1: E=-149.9941832126 g=0.0000151856 x=0.0000073240 n=1
 it= 2: E=-149.9941832127 g=0.0000000000 x=0.0000000000 n=1
 it= 3: E=-149.9941832127 g=0.0000000000 x=0.0000000000 n=0

          e: -1.70474 -0.99634 -0.68124 -0.66456 -0.65114 -0.41086 -0.01947  0.27665
   i at l  m      1        2        3        4        5        6 o      7 v      8  
   1  1 0  0  0.66518 -0.65835  0.00000  0.23987  0.00000  0.00000  0.00000 -0.25802
   2  1 1  0 -0.23987 -0.25802  0.00000  0.66518  0.00000  0.00000  0.00000  0.65835
   3  1 1 +1  0.00000  0.00000  0.70711  0.00000  0.00000 -0.70711  0.00000  0.00000
   4  1 1 -1  0.00000  0.00000  0.00000  0.00000  0.70711  0.00000 -0.70711  0.00000
   5  2 0  0  0.66518  0.65835  0.00000  0.23987  0.00000  0.00000  0.00000  0.25802
   6  2 1  0  0.23987 -0.25802  0.00000 -0.66518  0.00000  0.00000  0.00000  0.65835
   7  2 1 +1  0.00000  0.00000  0.70711  0.00000  0.00000  0.70711  0.00000  0.00000
   8  2 1 -1  0.00000  0.00000  0.00000  0.00000  0.70711  0.00000  0.70711  0.00000
 time: Energy                           :     0.0 100.0%     0.0


eng>$Energy
eng> E=-1.499941832127e+02
eng> D= 0.00000000e+00  0.00000000e+00 -9.43689571e-16
eng>$end


 ============================================================

 Memory used =     7432 KB
  Disk  used =     4565 KB,          4565 KB written,         4548 KB read

 CPU  time =    0.06 sec =  0.00 min = 0.00 hr =     inf%
 REAL time =    0.00 sec =  0.00 min = 0.00 hr
 ratio     =     inf%

 date: Tue Sep  5 03:41:03 2017

 time: Energy                           :     0.0 100.0%     0.0
