
v180213
conv:1.000000e-13
it:64

  N   = 12,  Na  = 7,  Nb  = 5
  Mo  = 8,  Mv  = 18

 it   1     E =   -150.0316424002
 it   2     E =   -150.0336819237    dE =     -0.0020395235    dD =  2.11e-04
 it   3     E =   -150.0340415413    dE =     -0.0003596176    dD =  3.90e-06
 it   4     E =   -150.0341094213    dE =     -0.0000678799    dD =  4.67e-07
 it   5     E =   -150.0341223826    dE =     -0.0000129614    dD =  1.59e-07
 it   6     E =   -150.0341248612    dE =     -0.0000024786    dD =  3.93e-08
 it   7     E =   -150.0341253351    dE =     -0.0000004740    dD =  8.36e-09
 it   8     E =   -150.0341254257    dE =     -0.0000000906    dD =  1.67e-09
 it   9     E =   -150.0341254431    dE =     -0.0000000173    dD =  3.26e-10
 it  10     E =   -150.0341254464    dE =     -0.0000000033    dD =  6.28e-11
 it  11     E =   -150.0341254470    dE =     -0.0000000006    dD =  1.21e-11
 it  12     E =   -150.0341254471    dE =     -0.0000000001    dD =  2.31e-12
 it  13     E =   -150.0341254472    dE =     -0.0000000000    dD =  4.41e-13
 it  14     E =   -150.0341254472    dE =     -0.0000000000    dD =  8.44e-14
converged

 (E0   =      -110.1094918542)
 (E0+1 =      -149.8220540363)
 (E2   =        -0.2120714109)
  E    =      -150.0341254472
 dipole:  +0.000000  +0.000000  -0.000000
 <S^2> :  2.0064 / 2.0000

  alpha:
                 e:    -1.7903260205  -1.0829364660  -0.7211025865  -0.7211025865  -0.6826675399  -0.4504989347  -0.4504989347   0.2480639786
    N   atom  l  m             1 (o)          2 (o)          3 (o)          4 (o)          5 (o)          6 (o)          7 (o)          8 (v)      
    1      1  0  0      0.6698839029  -0.6673756766   0.0000000000   0.0000000000  -0.2263969008   0.0000000000   0.0000000000  -0.2336871975
    2      1  1 -1      0.0000000000   0.0000000000   0.0000000000   0.7071067812   0.0000000000   0.0000000000   0.7071067812   0.0000000000
    3      1  1  0     -0.2263969008  -0.2336871975   0.0000000000   0.0000000000  -0.6698839029   0.0000000000   0.0000000000   0.6673756766
    4      1  1  1      0.0000000000   0.0000000000   0.7071067812   0.0000000000   0.0000000000   0.7071067812   0.0000000000   0.0000000000
    5      2  0  0      0.6698839029   0.6673756766   0.0000000000   0.0000000000  -0.2263969008   0.0000000000   0.0000000000   0.2336871975
    6      2  1 -1      0.0000000000   0.0000000000   0.0000000000   0.7071067812   0.0000000000   0.0000000000  -0.7071067812   0.0000000000
    7      2  1  0      0.2263969008  -0.2336871975   0.0000000000   0.0000000000   0.6698839029   0.0000000000   0.0000000000   0.6673756766
    8      2  1  1      0.0000000000   0.0000000000   0.7071067812   0.0000000000   0.0000000000  -0.7071067812   0.0000000000   0.0000000000

  beta:
                 e:    -1.6252614234  -0.9121844490  -0.6465094261  -0.6126712005  -0.6126712005   0.0211011357   0.0211011357   0.3117005546
    N   atom  l  m             1 (o)          2 (o)          3 (o)          4 (o)          5 (o)          6 (v)          7 (v)          8 (v)      
    1      1  0  0      0.6594239808  -0.6465081833  -0.2552645953   0.0000000000   0.0000000000   0.0000000000   0.0000000000  -0.2864038564
    2      1  1 -1      0.0000000000   0.0000000000   0.0000000000   0.0000000000   0.7071067812   0.0000000000  -0.7071067812   0.0000000000
    3      1  1  0     -0.2552645953  -0.2864038564  -0.6594239808   0.0000000000   0.0000000000   0.0000000000   0.0000000000   0.6465081833
    4      1  1  1      0.0000000000   0.0000000000   0.0000000000   0.7071067812   0.0000000000  -0.7071067812   0.0000000000   0.0000000000
    5      2  0  0      0.6594239808   0.6465081833  -0.2552645953   0.0000000000   0.0000000000   0.0000000000   0.0000000000   0.2864038564
    6      2  1 -1      0.0000000000   0.0000000000   0.0000000000   0.0000000000   0.7071067812   0.0000000000   0.7071067812   0.0000000000
    7      2  1  0      0.2552645953  -0.2864038564   0.6594239808   0.0000000000   0.0000000000   0.0000000000   0.0000000000   0.6465081833
    8      2  1  1      0.0000000000   0.0000000000   0.0000000000   0.7071067812   0.0000000000   0.7071067812   0.0000000000   0.0000000000

charges:
   1( 8)   -0.000000
   2( 8)   +0.000000

bonds:
   1( 8)    2( 8)   2.000000


TIME: 0.00 sec  (0.00 min)

