
  N   = 12,  Na  = 7,  Nb  = 5
  Mo  = 8,  Mv  = 18

 it   0     E = -110.1094918542
 it   1     E = -150.0316424002    dE =  -39.9221505460    dD =   20.2585551015
 it   2     E = -150.0336819237    dE =   -0.0020395235    dD =    0.0002107599
 it   3     E = -150.0340415413    dE =   -0.0003596176    dD =    0.0000038980
 it   4     E = -150.0341094213    dE =   -0.0000678799    dD =    0.0000004674
 it   5     E = -150.0341223826    dE =   -0.0000129614    dD =    0.0000001590
 it   6     E = -150.0341248612    dE =   -0.0000024786    dD =    0.0000000393
 it   7     E = -150.0341253351    dE =   -0.0000004740    dD =    0.0000000084
 it   8     E = -150.0341254257    dE =   -0.0000000906    dD =    0.0000000017
 it   9     E = -150.0341254431    dE =   -0.0000000173    dD =    0.0000000003
 it  10     E = -150.0341254464    dE =   -0.0000000033    dD =    0.0000000001
 it  11     E = -150.0341254470    dE =   -0.0000000006    dD =    0.0000000000
 it  12     E = -150.0341254471    dE =   -0.0000000001    dD =    0.0000000000
 it  13     E = -150.0341254472    dE =   -0.0000000000    dD =    0.0000000000
 it  14     E = -150.0341254472    dE =   -0.0000000000    dD =    0.0000000000

 (E0   =      -110.1094918542)
 (E0+1 =      -149.8220540363)
 (E2   =        -0.2120714109)
  E    =      -150.0341254472
 <S^2> : 2.0064 / 2.0000

  alpha:
                 e:    -1.7903262432  -1.0829366281  -0.7211026342  -0.7211026342  -0.6826674542  -0.4504989944  -0.4504989944   0.2480638084
    N   atom  l  m             1 (o)          2 (o)          3 (o)          4 (o)          5 (o)          6 (o)          7 (o)          8 (v)      
    1      1  0  0      0.6698838956  -0.6673757806   0.0000000000   0.0000000000  -0.2263969224   0.0000000000   0.0000000000  -0.2336869004
    2      1  1 -1      0.0000000000   0.0000000000   0.0000000000   0.7071067812   0.0000000000   0.0000000000   0.7071067812   0.0000000000
    3      1  1  0     -0.2263969224  -0.2336869004   0.0000000000   0.0000000000  -0.6698838956   0.0000000000   0.0000000000   0.6673757806
    4      1  1  1      0.0000000000   0.0000000000   0.7071067812   0.0000000000   0.0000000000  -0.7071067812   0.0000000000   0.0000000000
    5      2  0  0      0.6698838956   0.6673757806   0.0000000000   0.0000000000  -0.2263969224   0.0000000000   0.0000000000   0.2336869004
    6      2  1 -1      0.0000000000   0.0000000000   0.0000000000   0.7071067812   0.0000000000   0.0000000000  -0.7071067812   0.0000000000
    7      2  1  0      0.2263969224  -0.2336869004   0.0000000000   0.0000000000   0.6698838956   0.0000000000   0.0000000000   0.6673757806
    8      2  1  1      0.0000000000   0.0000000000   0.7071067812   0.0000000000   0.0000000000   0.7071067812   0.0000000000   0.0000000000

  beta:
                 e:    -1.6252612462  -0.9121843717  -0.6465095156  -0.6126711465  -0.6126711465   0.0211012027   0.0211012027   0.3117007437
    N   atom  l  m             1 (o)          2 (o)          3 (o)          4 (o)          5 (o)          6 (v)          7 (v)          8 (v)      
    1      1  0  0      0.6594239936  -0.6465080358  -0.2552645621   0.0000000000   0.0000000000   0.0000000000   0.0000000000  -0.2864041893
    2      1  1 -1      0.0000000000   0.0000000000   0.0000000000   0.0000000000   0.7071067812   0.0000000000  -0.7071067812   0.0000000000
    3      1  1  0     -0.2552645621  -0.2864041893  -0.6594239936   0.0000000000   0.0000000000   0.0000000000   0.0000000000   0.6465080358
    4      1  1  1      0.0000000000   0.0000000000   0.0000000000   0.7071067812   0.0000000000  -0.7071067812   0.0000000000   0.0000000000
    5      2  0  0      0.6594239936   0.6465080358  -0.2552645621   0.0000000000   0.0000000000   0.0000000000   0.0000000000   0.2864041893
    6      2  1 -1      0.0000000000   0.0000000000   0.0000000000   0.0000000000   0.7071067812   0.0000000000   0.7071067812   0.0000000000
    7      2  1  0      0.2552645621  -0.2864041893   0.6594239936   0.0000000000   0.0000000000   0.0000000000   0.0000000000   0.6465080358
    8      2  1  1      0.0000000000   0.0000000000   0.0000000000   0.7071067812   0.0000000000   0.7071067812   0.0000000000   0.0000000000

