
  N   = 12,  Na  = 6,  Nb  = 6
  Mo  = 8,  Mv  = 18

 it   0     E = -110.1352894373
 it   1     E = -149.9940063905    dE =  -39.8587169532    dD =  2.18e+01
 it   2     E = -149.9941771009    dE =   -0.0001707104    dD =  2.80e-04
 it   3     E = -149.9941830020    dE =   -0.0000059011    dD =  9.63e-06
 it   4     E = -149.9941832055    dE =   -0.0000002034    dD =  3.32e-07
 it   5     E = -149.9941832125    dE =   -0.0000000070    dD =  1.14e-08
 it   6     E = -149.9941832127    dE =   -0.0000000002    dD =  3.94e-10
 it   7     E = -149.9941832127    dE =   -0.0000000000    dD =  1.36e-11
 it   8     E = -149.9941832127    dE =   -0.0000000000    dD =  4.68e-13
 it   9     E = -149.9941832127    dE =   -0.0000000000    dD =  1.61e-14

 (E0   =      -110.1352894373)
 (E0+1 =      -149.7827472937)
 (E2   =        -0.2114359190)
  E    =      -149.9941832127
 <S^2> : -0.0000 / 0.0000

  alpha:
                 e:    -1.7047409350  -0.9963432449  -0.6812354515  -0.6645572439  -0.6511373284  -0.4108573779  -0.0194660905   0.2766491060
    N   atom  l  m             1 (o)          2 (o)          3 (o)          4 (o)          5 (o)          6 (o)          7 (v)          8 (v)      
    1      1  0  0      0.6651792005  -0.6583497516   0.0000000000  -0.2398679453   0.0000000000   0.0000000000   0.0000000000  -0.2580224886
    2      1  1 -1      0.0000000000   0.0000000000   0.7071067812   0.0000000000   0.0000000000  -0.7071067812   0.0000000000   0.0000000000
    3      1  1  0     -0.2398679453  -0.2580224886   0.0000000000  -0.6651792005   0.0000000000   0.0000000000   0.0000000000   0.6583497516
    4      1  1  1      0.0000000000   0.0000000000   0.0000000000   0.0000000000   0.7071067812   0.0000000000  -0.7071067812   0.0000000000
    5      2  0  0      0.6651792005   0.6583497516   0.0000000000  -0.2398679453   0.0000000000   0.0000000000   0.0000000000   0.2580224886
    6      2  1 -1      0.0000000000   0.0000000000   0.7071067812   0.0000000000   0.0000000000   0.7071067812   0.0000000000   0.0000000000
    7      2  1  0      0.2398679453  -0.2580224886   0.0000000000   0.6651792005   0.0000000000   0.0000000000   0.0000000000   0.6583497516
    8      2  1  1      0.0000000000   0.0000000000   0.0000000000   0.0000000000   0.7071067812   0.0000000000   0.7071067812   0.0000000000

  beta:
                 e:    -1.7047409350  -0.9963432449  -0.6812354515  -0.6645572439  -0.6511373284  -0.4108573779  -0.0194660905   0.2766491060
    N   atom  l  m             1 (o)          2 (o)          3 (o)          4 (o)          5 (o)          6 (o)          7 (v)          8 (v)      
    1      1  0  0      0.6651792005  -0.6583497516   0.0000000000  -0.2398679453   0.0000000000   0.0000000000   0.0000000000  -0.2580224886
    2      1  1 -1      0.0000000000   0.0000000000   0.7071067812   0.0000000000   0.0000000000  -0.7071067812   0.0000000000   0.0000000000
    3      1  1  0     -0.2398679453  -0.2580224886   0.0000000000  -0.6651792005   0.0000000000   0.0000000000   0.0000000000   0.6583497516
    4      1  1  1      0.0000000000   0.0000000000   0.0000000000   0.0000000000   0.7071067812   0.0000000000  -0.7071067812   0.0000000000
    5      2  0  0      0.6651792005   0.6583497516   0.0000000000  -0.2398679453   0.0000000000   0.0000000000   0.0000000000   0.2580224886
    6      2  1 -1      0.0000000000   0.0000000000   0.7071067812   0.0000000000   0.0000000000   0.7071067812   0.0000000000   0.0000000000
    7      2  1  0      0.2398679453  -0.2580224886   0.0000000000   0.6651792005   0.0000000000   0.0000000000   0.0000000000   0.6583497516
    8      2  1  1      0.0000000000   0.0000000000   0.0000000000   0.0000000000   0.7071067812   0.0000000000   0.7071067812   0.0000000000

