
v180612
conv:1.000000e-13
it:64
diis_it:8

  N   = 12,  Na  = 7,  Nb  = 5
  Mo  = 8,  Mv  = 18

 it   1     E =   -150.0316424002
 it   2     E =   -150.0336819237    dE =     -0.0020395235    dD =  2.11e-04
 it   3     E =   -150.0341222974    dE =     -0.0004403737    dD =  1.14e-05
 it   4     E =   -150.0341254472    dE =     -0.0000031497    dD =  2.92e-06
 it   5     E =   -150.0341254472    dE =     -0.0000000000    dD =  1.70e-13
 it   6     E =   -150.0341254472    dE =      0.0000000000    dD =  7.00e-19
converged

 (E0   =      -110.1094918542)
 (E0+1 =      -149.8220540382)
 (E2   =        -0.2120714090)
  E    =      -150.0341254472
 dipole:  +0.000000  +0.000000  -0.000000
 <S^2> :  2.0064 / 2.0000

  alpha:
                 e:    -1.7903264163  -1.0829367540  -0.7211026712  -0.7211026712  -0.6826673877  -0.4504990407  -0.4504990407   0.2480636762
    N   atom  l  m             1 (o)          2 (o)          3 (o)          4 (o)          5 (o)          6 (o)          7 (o)          8 (v)      
    1      1  0  0      0.6698838899  -0.6673758615   0.0000000000   0.0000000000  -0.2263969392   0.0000000000   0.0000000000  -0.2336866695
    2      1  1 -1      0.0000000000   0.0000000000   0.0000000000   0.7071067812   0.0000000000   0.0000000000   0.7071067812   0.0000000000
    3      1  1  0     -0.2263969392  -0.2336866695   0.0000000000   0.0000000000  -0.6698838899   0.0000000000   0.0000000000   0.6673758615
    4      1  1  1      0.0000000000   0.0000000000   0.7071067812   0.0000000000   0.0000000000   0.7071067812   0.0000000000   0.0000000000
    5      2  0  0      0.6698838899   0.6673758615   0.0000000000   0.0000000000  -0.2263969392   0.0000000000   0.0000000000   0.2336866695
    6      2  1 -1      0.0000000000   0.0000000000   0.0000000000   0.7071067812   0.0000000000   0.0000000000  -0.7071067812   0.0000000000
    7      2  1  0      0.2263969392  -0.2336866695   0.0000000000   0.0000000000   0.6698838899   0.0000000000   0.0000000000   0.6673758615
    8      2  1  1      0.0000000000   0.0000000000   0.7071067812   0.0000000000   0.0000000000  -0.7071067812   0.0000000000   0.0000000000

  beta:
                 e:    -1.6252611085  -0.9121843115  -0.6465095852  -0.6126711046  -0.6126711046   0.0211012547   0.0211012547   0.3117008906
    N   atom  l  m             1 (o)          2 (o)          3 (o)          4 (o)          5 (o)          6 (v)          7 (v)          8 (v)      
    1      1  0  0      0.6594240036  -0.6465079212  -0.2552645363   0.0000000000   0.0000000000   0.0000000000   0.0000000000  -0.2864044480
    2      1  1 -1      0.0000000000   0.0000000000   0.0000000000   0.0000000000   0.7071067812   0.0000000000  -0.7071067812   0.0000000000
    3      1  1  0     -0.2552645363  -0.2864044480  -0.6594240036   0.0000000000   0.0000000000   0.0000000000   0.0000000000   0.6465079212
    4      1  1  1      0.0000000000   0.0000000000   0.0000000000   0.7071067812   0.0000000000  -0.7071067812   0.0000000000   0.0000000000
    5      2  0  0      0.6594240036   0.6465079212  -0.2552645363   0.0000000000   0.0000000000   0.0000000000   0.0000000000   0.2864044480
    6      2  1 -1      0.0000000000   0.0000000000   0.0000000000   0.0000000000   0.7071067812   0.0000000000   0.7071067812   0.0000000000
    7      2  1  0      0.2552645363  -0.2864044480   0.6594240036   0.0000000000   0.0000000000   0.0000000000   0.0000000000   0.6465079212
    8      2  1  1      0.0000000000   0.0000000000   0.0000000000   0.7071067812   0.0000000000   0.7071067812   0.0000000000   0.0000000000

charges:
   1( 8)   -0.000000
   2( 8)   +0.000000

bonds:
   1( 8)    2( 8)   2.000000


TIME: 0.00 sec  (0.00 min)

