 Priroda 11 (2011.08.21)
 copyright (c) D.N. Laikov

 date: Tue Sep  5 00:42:50 2017

 node  0: 'hghscncs'

 Memory: 32m + 32m (32m + 32m)


 molecule input: ''
 2 atoms, 16 electrons

 Atomic Coordinates:
   8     0.00000000   0.00000000   0.61352577
   8     0.00000000   0.00000000  -0.61352577
 #
  formula: O2
  internuclear distances:
  O1    |  O2   : 1.22705
  O2    |  O1   : 1.22705
     largest =    1.22705


 qm file: './qm_m.in'
 N=26 Ne=7,5
 NR=666+1440,110+720,0
 it= 0: E=-150.0316424002 g=0.0434836472 x=0.0578067948 n=2
 it= 1: E=-150.0341254218 g=0.0001345934 x=0.0001888329 n=2
 it= 2: E=-150.0341254472 g=0.0000000022 x=0.0000000030 n=2
 it= 3: E=-150.0341254472 g=0.0000000000 x=0.0000000000 n=0

          e: -1.79033 -1.08294 -0.72110 -0.72110 -0.68267 -0.45050 -0.45050  0.24806
   i at l  m      1        2        3        4        5        6        7 o      8 v
   1  1 0  0  0.66988  0.66738  0.00000  0.00000  0.22640  0.00000  0.00000 -0.23369
   2  1 1  0 -0.22640  0.23369  0.00000  0.00000  0.66988  0.00000  0.00000  0.66738
   3  1 1 +1  0.00000  0.00000  0.00000  0.70711  0.00000 -0.70711  0.00000  0.00000
   4  1 1 -1  0.00000  0.00000  0.70711  0.00000  0.00000  0.00000 -0.70711  0.00000
   5  2 0  0  0.66988 -0.66738  0.00000  0.00000  0.22640  0.00000  0.00000  0.23369
   6  2 1  0  0.22640  0.23369  0.00000  0.00000 -0.66988  0.00000  0.00000  0.66738
   7  2 1 +1  0.00000  0.00000  0.00000  0.70711  0.00000  0.70711  0.00000  0.00000
   8  2 1 -1  0.00000  0.00000  0.70711  0.00000  0.00000  0.00000  0.70711  0.00000

          e: -1.62526 -0.91218 -0.64651 -0.61267 -0.61267  0.02110  0.02110  0.31170
   i at l  m      1        2        3        4        5 o      6 v      7        8  
   1  1 0  0  0.65942  0.64651  0.25526  0.00000  0.00000  0.00000  0.00000 -0.28640
   2  1 1  0 -0.25526  0.28640  0.65942  0.00000  0.00000  0.00000  0.00000  0.64651
   3  1 1 +1  0.00000  0.00000  0.00000  0.70711  0.00000  0.00000 -0.70711  0.00000
   4  1 1 -1  0.00000  0.00000  0.00000  0.00000  0.70711 -0.70711  0.00000  0.00000
   5  2 0  0  0.65942 -0.64651  0.25526  0.00000  0.00000  0.00000  0.00000  0.28640
   6  2 1  0  0.25526  0.28640 -0.65942  0.00000  0.00000  0.00000  0.00000  0.64651
   7  2 1 +1  0.00000  0.00000  0.00000  0.70711  0.00000  0.00000  0.70711  0.00000
   8  2 1 -1  0.00000  0.00000  0.00000  0.00000  0.70711  0.70711  0.00000  0.00000
 time: Energy                           :     0.0 100.0%     0.0


eng>$Energy
eng> E=-1.500341254472e+02
eng> D= 0.00000000e+00  0.00000000e+00  6.93889390e-17
eng>$end


 ============================================================

 Memory used =     7432 KB
  Disk  used =     4566 KB,          4566 KB written,         4548 KB read

 CPU  time =    0.06 sec =  0.00 min = 0.00 hr =     inf%
 REAL time =    0.00 sec =  0.00 min = 0.00 hr
 ratio     =     inf%

 date: Tue Sep  5 00:42:50 2017

 time: Energy                           :     0.0 100.0%     0.0
