
v180702
conv:1.000000e-13
it:32,8

  N   = 12,  Na  = 6,  Nb  = 6
  Mo  = 8,  Mv  = 18

 it   1     E =   -149.9940063905
 it   2     E =   -149.9941771009    dE =     -0.0001707104    dD =  2.80e-04
 it   3     E =   -149.9941832127    dE =     -0.0000061118    dD =  1.45e-05
 it   4     E =   -149.9941832127    dE =     -0.0000000000    dD =  1.56e-12
 it   5     E =   -149.9941832127    dE =      0.0000000000    dD =  5.80e-21
converged

 (E0   =      -110.1352894373)
 (E0+1 =      -149.7827472929)
 (E2   =        -0.2114359198)
  E    =      -149.9941832127
 dipole:  +0.000000  +0.000000  -0.000000
 <S^2> :  -0.0000 / 0.0000

  alpha:
                 e:    -1.7047409298  -0.9963432436  -0.6812354507  -0.6645572435  -0.6511373275  -0.4108573772  -0.0194660899   0.2766491080
    N   atom  l  m             1 (o)          2 (o)          3 (o)          4 (o)          5 (o)          6 (o)          7 (v)          8 (v)      
    1      1  0  0      0.6651792007  -0.6583497522   0.0000000000  -0.2398679447   0.0000000000   0.0000000000   0.0000000000  -0.2580224870
    2      1  1 -1      0.0000000000   0.0000000000   0.7071067812   0.0000000000   0.0000000000  -0.7071067812   0.0000000000   0.0000000000
    3      1  1  0     -0.2398679447  -0.2580224870   0.0000000000  -0.6651792007   0.0000000000   0.0000000000   0.0000000000   0.6583497522
    4      1  1  1      0.0000000000   0.0000000000   0.0000000000   0.0000000000   0.7071067812   0.0000000000  -0.7071067812   0.0000000000
    5      2  0  0      0.6651792007   0.6583497522   0.0000000000  -0.2398679447   0.0000000000   0.0000000000   0.0000000000   0.2580224870
    6      2  1 -1      0.0000000000   0.0000000000   0.7071067812   0.0000000000   0.0000000000   0.7071067812   0.0000000000   0.0000000000
    7      2  1  0      0.2398679447  -0.2580224870   0.0000000000   0.6651792007   0.0000000000   0.0000000000   0.0000000000   0.6583497522
    8      2  1  1      0.0000000000   0.0000000000   0.0000000000   0.0000000000   0.7071067812   0.0000000000   0.7071067812   0.0000000000

  beta:
                 e:    -1.7047409298  -0.9963432436  -0.6812354507  -0.6645572435  -0.6511373275  -0.4108573772  -0.0194660899   0.2766491080
    N   atom  l  m             1 (o)          2 (o)          3 (o)          4 (o)          5 (o)          6 (o)          7 (v)          8 (v)      
    1      1  0  0      0.6651792007  -0.6583497522   0.0000000000  -0.2398679447   0.0000000000   0.0000000000   0.0000000000  -0.2580224870
    2      1  1 -1      0.0000000000   0.0000000000   0.7071067812   0.0000000000   0.0000000000  -0.7071067812   0.0000000000   0.0000000000
    3      1  1  0     -0.2398679447  -0.2580224870   0.0000000000  -0.6651792007   0.0000000000   0.0000000000   0.0000000000   0.6583497522
    4      1  1  1      0.0000000000   0.0000000000   0.0000000000   0.0000000000   0.7071067812   0.0000000000  -0.7071067812   0.0000000000
    5      2  0  0      0.6651792007   0.6583497522   0.0000000000  -0.2398679447   0.0000000000   0.0000000000   0.0000000000   0.2580224870
    6      2  1 -1      0.0000000000   0.0000000000   0.7071067812   0.0000000000   0.0000000000   0.7071067812   0.0000000000   0.0000000000
    7      2  1  0      0.2398679447  -0.2580224870   0.0000000000   0.6651792007   0.0000000000   0.0000000000   0.0000000000   0.6583497522
    8      2  1  1      0.0000000000   0.0000000000   0.0000000000   0.0000000000   0.7071067812   0.0000000000   0.7071067812   0.0000000000

charges:
   1( 8)   -0.000000
   2( 8)   +0.000000

bonds:
   1( 8)    2( 8)   2.000000


TIME: 0.00 sec  (0.00 min)

