 Priroda 11 (2011.08.21)
 copyright (c) D.N. Laikov

 date: Tue Sep  5 00:42:50 2017

 node  0: 'hghscncs'

 Memory: 32m + 32m (32m + 32m)


 molecule input: ''
 2 atoms, 9 electrons

 Atomic Coordinates:
   1     0.00000000   0.00000000  -0.48524844
   8     0.00000000   0.00000000   0.48524844
 #
  formula: HO
  internuclear distances:
  H1    |  O1   : 0.97050
  O1    |  H1   : 0.97050
     largest =    0.97050


 qm file: './qm_m.in'
 N=18 Ne=4,3
 NR=120+440,56+364,0
 it= 0: E= -75.5725406569 g=0.1628927747 x=0.1005445719 n=4
 it= 1: E= -75.5974515729 g=0.0870421153 x=0.1000921301 n=4
 it= 2: E= -75.6080586678 g=0.0210963837 x=0.0353163408 n=4
 it= 3: E= -75.6087824138 g=0.0002147315 x=0.0003633350 n=4
 it= 4: E= -75.6087824905 g=0.0000000267 x=0.0000000464 n=4
 it= 5: E= -75.6087824905 g=0.0000000000 x=0.0000000000 n=0

          e: -1.41751 -0.62250 -0.54605 -0.49642  0.28125
   i at l  m      1        2        3        4 o      5 v
   1  1 0  0  0.33150 -0.48368  0.00000  0.00000  0.81004
   2  2 0  0  0.93245  0.29870  0.00000  0.00000 -0.20325
   3  2 1  0 -0.14365  0.82270  0.00000  0.00000  0.55003
   4  2 1 +1  0.00000  0.00000  0.00000  1.00000  0.00000
   5  2 1 -1  0.00000  0.00000  1.00000  0.00000  0.00000

          e: -1.25738 -0.59083 -0.46853  0.00533  0.29103
   i at l  m      1        2        3 o      4 v      5  
   1  1 0  0  0.39969 -0.46951  0.00000  0.00000  0.78728
   2  2 0  0  0.89885  0.36917  0.00000  0.00000 -0.23617
   3  2 1  0 -0.17975  0.80205  0.00000  0.00000  0.56957
   4  2 1 +1  0.00000  0.00000  1.00000  0.00000  0.00000
   5  2 1 -1  0.00000  0.00000  0.00000  1.00000  0.00000
 time: Energy                           :     0.0 100.0%     0.0


eng>$Energy
eng> E=-7.560878249046e+01
eng> D= 0.00000000e+00  0.00000000e+00 -7.16668988e-01
eng>$end


 ============================================================

 Memory used =     7432 KB
  Disk  used =     4565 KB,          4565 KB written,         4548 KB read

 CPU  time =    0.06 sec =  0.00 min = 0.00 hr =     inf%
 REAL time =    0.00 sec =  0.00 min = 0.00 hr
 ratio     =     inf%

 date: Tue Sep  5 00:42:50 2017

 time: Energy                           :     0.0 100.0%     0.0
