
  N   = 7,  Na  = 4,  Nb  = 3
  Mo  = 5,  Mv  = 13

 it   1     E =    -75.5725406569    dE =      0.0000000000    dD =  1.23e+01
 it   2     E =    -75.6042739581    dE =     -0.0317333012    dD =  7.39e-02
 it   3     E =    -75.6081944893    dE =     -0.0039205312    dD =  1.03e-02
 it   4     E =    -75.6086937210    dE =     -0.0004992317    dD =  1.33e-03
 it   5     E =    -75.6087631334    dE =     -0.0000694124    dD =  1.66e-04
 it   6     E =    -75.6087757962    dE =     -0.0000126627    dD =  2.06e-05
 it   7     E =    -75.6087794726    dE =     -0.0000036764    dD =  2.54e-06
 it   8     E =    -75.6087810046    dE =     -0.0000015320    dD =  3.19e-07
 it   9     E =    -75.6087817417    dE =     -0.0000007372    dD =  4.17e-08
 it  10     E =    -75.6087821110    dE =     -0.0000003693    dD =  5.99e-09
 it  11     E =    -75.6087822979    dE =     -0.0000001869    dD =  1.06e-09
 it  12     E =    -75.6087823927    dE =     -0.0000000948    dD =  2.67e-10
 it  13     E =    -75.6087824409    dE =     -0.0000000481    dD =  9.42e-11
 it  14     E =    -75.6087824653    dE =     -0.0000000244    dD =  4.09e-11
 it  15     E =    -75.6087824777    dE =     -0.0000000124    dD =  1.95e-11
 it  16     E =    -75.6087824840    dE =     -0.0000000063    dD =  9.63e-12
 it  17     E =    -75.6087824872    dE =     -0.0000000032    dD =  4.84e-12
 it  18     E =    -75.6087824888    dE =     -0.0000000016    dD =  2.44e-12
 it  19     E =    -75.6087824896    dE =     -0.0000000008    dD =  1.24e-12
 it  20     E =    -75.6087824900    dE =     -0.0000000004    dD =  6.29e-13
 it  21     E =    -75.6087824902    dE =     -0.0000000002    dD =  3.20e-13
 it  22     E =    -75.6087824903    dE =     -0.0000000001    dD =  1.62e-13
 it  23     E =    -75.6087824904    dE =     -0.0000000001    dD =  8.24e-14
converged

 (E0   =       -59.5458258344)
 (E0+1 =       -75.5314193640)
 (E2   =        -0.0773631264)
  E    =       -75.6087824904
 <S^2> : 0.7520 / 0.7500

  alpha:
                 e:    -1.4175114201  -0.6224997941  -0.5460449771  -0.4964184971   0.2812519602
    N   atom  l  m             1 (o)          2 (o)          3 (o)          4 (o)          5 (v)      
    1      1  0  0      0.3315039285  -0.4836837397   0.0000000000   0.0000000000   0.8100340643
    2      2  0  0      0.9324535955   0.2986997456   0.0000000000   0.0000000000  -0.2032455514
    3      2  1 -1      0.0000000000   0.0000000000   0.0000000000   1.0000000000   0.0000000000
    4      2  1  0     -0.1436504006   0.8226958745   0.0000000000   0.0000000000   0.5500327813
    5      2  1  1      0.0000000000   0.0000000000   1.0000000000   0.0000000000   0.0000000000

  beta:
                 e:    -1.2573831845  -0.5908267183  -0.4685256248   0.0053315573   0.2910355506
    N   atom  l  m             1 (o)          2 (o)          3 (o)          4 (v)          5 (v)      
    1      1  0  0      0.3996845398  -0.4695036999   0.0000000000   0.0000000000   0.7872855546
    2      2  0  0      0.8988552523   0.3691640767   0.0000000000   0.0000000000  -0.2361718017
    3      2  1 -1      0.0000000000   0.0000000000   1.0000000000   0.0000000000   0.0000000000
    4      2  1  0     -0.1797540102   0.8020499737   0.0000000000   0.0000000000   0.5695650407
    5      2  1  1      0.0000000000   0.0000000000   0.0000000000   1.0000000000   0.0000000000

charges:
   1( 1)   +0.275974
   2( 8)   -0.275974

bonds:
   1( 1)    2( 8)   0.922518


TIME: 0.00 sec  (0.00 min)

