 Priroda 11 (2011.08.21)
 copyright (c) D.N. Laikov

 date: Mon Feb  5 00:43:05 2018

 node  0: 'hghscncs'

 Memory: 32m + 32m (32m + 32m)


 molecule input: ''
 34 atoms, 134 electrons

 Atomic Coordinates:
   6     4.90577820  -0.02566067   0.11455422
   6     2.13156360   0.00341906   0.12089670
   6     4.22622159   0.96206162   0.81526798
   6     2.83915214   0.97420604   0.81577006
   6     2.81647022  -0.98165358  -0.57747437
   6     4.20284989  -0.99983541  -0.58259939
   1     4.77819321   1.72154397   1.36073830
   1     2.29763002   1.73652948   1.36363228
   1     2.25841695  -1.74064688  -1.11359858
   1     4.73649622  -1.77199978  -1.12849591
   1     5.99250123  -0.03684269   0.11210519
  14     0.28766884   0.02547953   0.09643180
   8    -0.19270019  -1.53921202   0.17895497
   8    -0.17752593   0.91236720   1.39742953
   8    -0.24595413   0.75597505  -1.27146144
   6    -1.35172022  -2.13720768  -0.28765838
   1    -1.34899023  -3.19067660   0.02442463
   1    -1.36551060  -2.13631698  -1.37971602
   6    -1.32886858   1.68791729   1.44904822
   1    -1.33157269   2.42338200   0.64143783
   1    -1.33567885   2.24151236   2.39746590
   6    -1.40267326   0.49318501  -1.98649104
   1    -1.35842428  -0.50394621  -2.42908578
   1    -1.46234701   1.20385265  -2.82257304
   7    -2.36502032  -0.01437590   0.15900310
   6    -2.56863052  -1.42332998   0.25569219
   1    -3.47164636  -1.77105032  -0.26390216
   1    -2.68227687  -1.69455499   1.30411747
   6    -2.53225095   0.79026561   1.32936414
   1    -3.45911936   1.37965287   1.33117193
   1    -2.56218697   0.14663194   2.20657520
   6    -2.61847045   0.61796913  -1.09592054
   1    -3.50044564   0.21613976  -1.61107711
   1    -2.81092870   1.67521910  -0.92402789
 #
  formula: H17C12NO3Si
  internuclear distances:
  C1    |  C3   : 1.38867  C6   : 1.38894  H5   : 1.08678
  C2    |  C4   : 1.38779  C5   : 1.38823  Si1  : 1.84419
  C3    |  C1   : 1.38867  C4   : 1.38712  H1   : 1.08583
  C4    |  C2   : 1.38779  C3   : 1.38712  H2   : 1.08376
  C5    |  C2   : 1.38823  C6   : 1.38651  H3   : 1.08394
  C6    |  C1   : 1.38894  C5   : 1.38651  H4   : 1.08583
  H1    |  C3   : 1.08583
  H2    |  C4   : 1.08376
  H3    |  C5   : 1.08394
  H4    |  C6   : 1.08583
  H5    |  C1   : 1.08678
  Si1   |  C2   : 1.84419  O1   : 1.63885  O2   : 1.64182  O3   : 1.63997
  O1    |  Si1  : 1.63885  C7   : 1.38515
  O2    |  Si1  : 1.64182  C8   : 1.38915
  O3    |  Si1  : 1.63997  C9   : 1.38504
  C7    |  O1   : 1.38515  H6   : 1.09873  H7   : 1.09215  C10  : 1.51186
  H6    |  C7   : 1.09873
  H7    |  C7   : 1.09215
  C8    |  O2   : 1.38915  H8   : 1.09231  H9   : 1.09818  C11  : 1.50607
  H8    |  C8   : 1.09231
  H9    |  C8   : 1.09818
  C9    |  O3   : 1.38504  H10  : 1.09184  H11  : 1.09893  C12  : 1.51223
  H10   |  C9   : 1.09184
  H11   |  C9   : 1.09893
  N1    |  C10  : 1.42687  C11  : 1.43009  C12  : 1.42791
  C10   |  C7   : 1.51186  N1   : 1.42687  H12  : 1.09833  H13  : 1.08889
  H12   |  C10  : 1.09833
  H13   |  C10  : 1.08889
  C11   |  C8   : 1.50607  N1   : 1.43009  H14  : 1.09839  H15  : 1.08842
  H14   |  C11  : 1.09839
  H15   |  C11  : 1.08842
  C12   |  C9   : 1.51223  N1   : 1.42791  H16  : 1.09760  H17  : 1.08829
  H16   |  C12  : 1.09760
  H17   |  C12  : 1.08829
     largest =    9.65139


 qm file: './qm_m.in'
 N=306 Ne=46,46
 NR=95608+127160,952+6188,0
 it= 0: E=-1034.6946398906 g=0.9510701592 x=0.1020909544 n=12
 it= 1: E=-1034.8715519406 g=0.7833229572 x=0.1017407827 n=12
 it= 2: E=-1035.0143187899 g=0.6215647540 x=0.1013915194 n=12
 it= 3: E=-1035.1244817782 g=0.4667777630 x=0.1010416845 n=12
 it= 4: E=-1035.2037922401 g=0.3202494344 x=0.1007165294 n=12
 it= 5: E=-1035.2543096364 g=0.1838605275 x=0.1006495030 n=12
 it= 6: E=-1035.2785970968 g=0.0608066338 x=0.0574820005 n=12
 it= 7: E=-1035.2819652132 g=0.0002509012 x=0.0002116322 n=12
 it= 8: E=-1035.2819652631 g=0.0000000069 x=0.0000000060 n=5
 it= 9: E=-1035.2819652631 g=0.0000000000 x=0.0000000000 n=0

          e: -2.00877 -1.68999 -1.57903 -1.54744 -1.46706 -1.16340 -1.15641 -1.14378 -1.13760 -1.04445 -0.88630 -0.84691 -0.83103 -0.80737 -0.79722 -0.75399 -0.72801 -0.70703 -0.67604 -0.65848 -0.65191 -0.63020 -0.61854 -0.60772 -0.60103 -0.59892 -0.58610 -0.57218 -0.56576 -0.55732 -0.54464 -0.53391 -0.52039 -0.51879 -0.50508 -0.48889 -0.47661 -0.47572 -0.45480 -0.44480 -0.42997 -0.42504 -0.40873 -0.37105 -0.36642 -0.36394  0.10178  0.11787  0.17943  0.22710  0.23421  0.24125  0.25201  0.26323  0.27136  0.27933  0.29749  0.30058  0.30532  0.31323  0.31614  0.31923  0.32105  0.32384  0.32496  0.32603  0.32929  0.33846  0.34081  0.34364  0.35077  0.35192  0.35982  0.36035  0.37093  0.38522  0.39916  0.41945  0.42390  0.43349  0.43760  0.44996  0.45814  0.52458  0.57499
   i at l  m      1        2        3        4        5        6        7        8        9       10       11       12       13       14       15       16       17       18       19       20       21       22       23       24       25       26       27       28       29       30       31       32       33       34       35       36       37       38       39       40       41       42       43       44       45       46 o     47 v     48       49       50       51       52       53       54       55       56       57       58       59       60       61       62       63       64       65       66       67       68       69       70       71       72       73       74       75       76       77       78       79       80       81       82       83       84       85  
   1  1 0  0  0.04081  0.36906 -0.00386  0.00840  0.13048 -0.03547 -0.49241  0.03251 -0.01562 -0.11325  0.00161  0.02168  0.19597  0.08077  0.27957 -0.15188  0.05883 -0.01462  0.02797 -0.04097 -0.00966 -0.09910 -0.01793 -0.06662  0.12952 -0.12425  0.02285  0.00294 -0.01330 -0.00429 -0.01758 -0.03618 -0.01527  0.00179 -0.00179  0.01212 -0.01653 -0.00065  0.00654 -0.00345  0.00140 -0.00224 -0.00026  0.00083  0.00018  0.00153 -0.00007  0.00000 -0.02908  0.00236 -0.00097  0.01066  0.01936 -0.01728 -0.04765 -0.02488 -0.08408 -0.11436 -0.01340 -0.00053 -0.00289  0.01111  0.00577 -0.05110 -0.14051  0.14237 -0.46415  0.00316 -0.00259 -0.00367  0.00322 -0.00197 -0.01377  0.00683 -0.01447 -0.01720 -0.01082  0.08441 -0.24204 -0.10188 -0.00288  0.01741 -0.01086 -0.15477 -0.00046
   2  1 1  0  0.00002  0.00016  0.00175  0.00056 -0.00001 -0.09302  0.00996  0.05660  0.00330  0.00173  0.00105  0.01624 -0.01122  0.16856 -0.04893 -0.01373 -0.00474 -0.00261 -0.00164 -0.02993  0.04764  0.02157 -0.00753 -0.02500  0.00501 -0.00351 -0.04659  0.17473  0.15274 -0.08671  0.23312 -0.18312  0.10582 -0.03432  0.01066  0.00751  0.01897  0.22756  0.01123 -0.03864  0.11121  0.02425  0.02224 -0.41991 -0.01853  0.15845  0.45872 -0.00286 -0.00564  0.08949 -0.17033  0.03385 -0.01067 -0.04925  0.15968 -0.24829  0.00569 -0.00086  0.00000  0.01290 -0.02221 -0.01027 -0.02021 -0.03303  0.05368  0.06625  0.00640 -0.12454  0.02017 -0.03612  0.02679 -0.01449  0.02307  0.00858 -0.01451  0.06457 -0.02000 -0.04205 -0.02854  0.00991  0.27568 -0.09720 -0.07744 -0.00201 -0.23176
   3  1 1 +1 -0.00688 -0.06234  0.00063 -0.00128 -0.01871 -0.00206 -0.00891  0.00178 -0.00030 -0.01402  0.00101  0.00834  0.07847  0.03447  0.10253 -0.00444  0.01424 -0.20195  0.27295 -0.15861 -0.06306 -0.17621 -0.03579  0.11028 -0.00783 -0.03404 -0.01179 -0.02220  0.10796  0.03509  0.16925  0.36703  0.16804  0.00141  0.00869 -0.09784  0.14836  0.01642 -0.07809 -0.11427 -0.04323  0.01538 -0.00746  0.00349  0.00032  0.00381 -0.00229  0.00002  0.00760  0.00354  0.00141  0.00423  0.01260 -0.01314 -0.04660 -0.02903 -0.19089 -0.28194 -0.03781  0.00855 -0.00956 -0.01467  0.00202  0.02943  0.13446 -0.06584 -0.15853  0.00973 -0.01838  0.01416 -0.02000  0.02621  0.06630 -0.04429  0.04828  0.03461  0.01916 -0.13249  0.35256 -0.25543  0.02161 -0.03540  0.02018  0.37142 -0.00379
   4  1 1 -1  0.00004  0.00061  0.00243 -0.00022 -0.00001 -0.13053  0.01429  0.07938  0.00514  0.00256  0.00175  0.02301 -0.01671  0.23652 -0.06841 -0.01795 -0.00731 -0.00229  0.00221 -0.00940  0.08243 -0.00485 -0.00020  0.01026  0.00095  0.00118  0.00899  0.27449  0.13482 -0.15653 -0.18233  0.10929 -0.06865  0.05445 -0.01365 -0.03531 -0.05814  0.30685  0.00520  0.02803 -0.07651 -0.02991 -0.02594  0.29891  0.01365 -0.11268 -0.32692  0.00244  0.00441 -0.06401  0.11567 -0.03552  0.00817  0.04215 -0.11994  0.17284  0.01332 -0.00091 -0.00614  0.01875  0.01983 -0.01984  0.00076 -0.03782  0.08543  0.09087  0.00506 -0.17396  0.02664 -0.05322  0.03439 -0.01839  0.03220  0.01166 -0.02182  0.08543 -0.03839 -0.05771 -0.04212  0.01609  0.38698 -0.13795 -0.10661 -0.00576 -0.32523
   5  2 0  0  0.08188  0.38310 -0.00428  0.00890  0.01223  0.03707  0.49840 -0.02821  0.00876  0.07220 -0.00152  0.01600  0.14771  0.07408  0.27988 -0.19067  0.04041  0.03250  0.03365 -0.01621 -0.01004  0.05111  0.01295  0.10853 -0.17910  0.16867 -0.03570 -0.00418  0.01706  0.00310 -0.00120 -0.02749 -0.02289 -0.00266 -0.00059  0.01521 -0.01503 -0.00172 -0.01213 -0.06619 -0.04020  0.01196 -0.01644  0.01441  0.00307  0.03734  0.00041  0.00010 -0.30580 -0.01887 -0.00684  0.05261  0.08306 -0.07160 -0.15989 -0.08749  0.00610  0.13771  0.02705  0.02235 -0.00949 -0.06192 -0.01818  0.06360  0.15738 -0.10595 -0.18686  0.01162  0.01749 -0.01728  0.02765 -0.01916 -0.08771  0.05789 -0.06124 -0.03859 -0.01602  0.03986 -0.05498  0.25626 -0.00381 -0.00821  0.00633  0.16496  0.00037
   6  2 1  0  0.00014 -0.00015  0.00756 -0.00668 -0.00185 -0.10379  0.00856  0.04734  0.01350 -0.00330  0.01283 -0.01956  0.01151 -0.17865  0.04437  0.00760 -0.00118 -0.00306 -0.02516 -0.07445 -0.02082  0.05528 -0.00525 -0.05384  0.01534 -0.01069 -0.09936  0.16377  0.17788 -0.08165  0.25130 -0.16792  0.08730 -0.00290  0.02064  0.02057  0.02161 -0.22056 -0.00526  0.00938 -0.05200 -0.03200 -0.02734  0.43468  0.01733 -0.16939  0.42882 -0.00327 -0.00550  0.03476 -0.06923 -0.05821  0.02814  0.05803 -0.16907  0.26825  0.04515 -0.02102 -0.06355  0.05134  0.09286 -0.03033  0.04327  0.00296 -0.00005  0.00135  0.00214  0.10652 -0.01935  0.01574 -0.01512  0.01277  0.00649 -0.00010 -0.01448  0.04559 -0.11565 -0.05709 -0.03812  0.00634  0.13530 -0.24183 -0.08058 -0.00295  0.24055
   7  2 1 +1 -0.00345  0.06822 -0.00039  0.00065  0.05060 -0.00347 -0.00289 -0.00205  0.00342  0.06237 -0.00107 -0.01714 -0.13838 -0.04061 -0.08608 -0.12495  0.04795  0.20589 -0.14195  0.00995  0.00572 -0.09902 -0.02005  0.01797  0.02592 -0.03874 -0.01312 -0.01736  0.08865  0.02868  0.14390  0.30183  0.11531 -0.00685  0.00948 -0.01554 -0.03736 -0.01002  0.12179  0.42443  0.18696 -0.04741  0.05868 -0.04264 -0.00891 -0.10824 -0.00499 -0.00001  0.36030  0.03897  0.01037 -0.03589 -0.04128  0.04491  0.09876  0.04045  0.00302 -0.06031 -0.01448  0.00059 -0.00608 -0.01468 -0.00271  0.03408  0.15847 -0.09780 -0.14496  0.01540 -0.01666  0.01526 -0.02105  0.01707  0.03857 -0.02516  0.01996 -0.00012 -0.01361  0.09229 -0.27400  0.30635 -0.01244  0.02770 -0.02132  0.29975  0.00248
   8  2 1 -1 -0.00010 -0.00090  0.01092  0.00616 -0.00022 -0.14568  0.01470  0.06707 -0.00389  0.00138 -0.00972 -0.03302  0.01844 -0.24607  0.07317  0.02319  0.00800  0.00450  0.01810  0.04698  0.03512 -0.04214 -0.00206  0.03763 -0.00510  0.00358  0.02871  0.28835  0.11003 -0.16376 -0.20326  0.09209 -0.03012  0.07574  0.00726  0.01727  0.03949 -0.30848 -0.00622 -0.01729  0.03951 -0.01265  0.01097 -0.31015 -0.01571  0.12232 -0.30564  0.00018  0.00132 -0.03441 -0.00158 -0.09296  0.03441  0.01869  0.05233 -0.24496  0.05643 -0.01565 -0.07137  0.06964 -0.04350 -0.02820 -0.05436 -0.02837 -0.02711 -0.00141  0.01262  0.14393 -0.01476  0.03635 -0.00009 -0.00257  0.00456  0.00812 -0.01331  0.12524  0.01152 -0.08721 -0.05158  0.00627  0.18517 -0.26612 -0.22788 -0.00246  0.33901
   9  3 0  0  0.04486  0.37015  0.00477  0.00811  0.11398 -0.39333 -0.20721  0.23949  0.00679 -0.02592  0.00314  0.02969 -0.09377  0.28350 -0.22874  0.09142 -0.05236  0.00772 -0.04300  0.04462  0.04674  0.11625  0.02127  0.03187 -0.10299  0.10901 -0.01770  0.00429 -0.01644 -0.06954 -0.01516 -0.04335 -0.03034 -0.02316 -0.00600 -0.00044 -0.00128  0.00408 -0.01363 -0.02524 -0.01675  0.01814  0.00197  0.00354  0.00099  0.00885  0.00020  0.00000 -0.02919 -0.00784 -0.01900 -0.04294  0.03755  0.00803 -0.06331 -0.04577 -0.02934 -0.08560 -0.07188  0.07180  0.01019 -0.06141 -0.02337  0.05438  0.16234 -0.17703  0.27621  0.31336 -0.04109  0.09629 -0.05979  0.03135 -0.04521 -0.01936  0.02714 -0.08277  0.02397  0.03837 -0.01065 -0.14026 -0.21400  0.01304  0.01640  0.14900 -0.00171
  10  3 1  0 -0.00298 -0.03131  0.00140 -0.00017 -0.01232 -0.02358  0.04711  0.01195  0.00257  0.01115  0.00116 -0.00339 -0.04203 -0.00582 -0.09015  0.09193 -0.03104 -0.09408  0.09662 -0.05535 -0.02626  0.03584 -0.00324  0.05598 -0.09233  0.08129 -0.05233 -0.10557  0.01121  0.21256  0.27052 -0.09717  0.13466 -0.03248  0.02280  0.02041  0.07696 -0.17841  0.00936 -0.03005  0.07453  0.02537  0.02160 -0.19009 -0.41789  0.09889 -0.20798  0.40488 -0.01075 -0.07408  0.13523 -0.04622  0.03107  0.04885 -0.20686  0.22271 -0.03507 -0.09104 -0.05265  0.06291  0.03800 -0.05340 -0.00570 -0.04606  0.10736  0.08480 -0.03787  0.06218 -0.00328  0.02238 -0.01896  0.00680 -0.02567 -0.00352  0.00056 -0.05228 -0.00725  0.07066 -0.18429 -0.00143  0.18577  0.05898  0.00772 -0.19012 -0.11778
  11  3 1 +1 -0.00579 -0.03261 -0.00249 -0.00034 -0.00017  0.05875 -0.14401 -0.02818 -0.00697 -0.04759  0.00177  0.02545  0.10419  0.21685  0.08788 -0.04592  0.00389 -0.11069  0.12051 -0.07914  0.09203  0.01564 -0.00222  0.05952 -0.10590  0.09747 -0.03127  0.30227  0.17595  0.19480 -0.08664 -0.14421 -0.03502  0.08743  0.01442  0.07771 -0.13305  0.02534  0.11974  0.22906  0.09661 -0.05980  0.00735 -0.00997 -0.00037 -0.03003  0.00118 -0.00224  0.02981  0.01219  0.01526  0.03913 -0.01607 -0.01544  0.00215  0.00146 -0.10903 -0.16611 -0.01333  0.01441 -0.00099 -0.01982 -0.00880 -0.03299  0.15575  0.05000  0.11643 -0.04689  0.00409  0.00793 -0.01946  0.01322  0.01890 -0.03048  0.04423 -0.06605  0.05059 -0.03181  0.29680  0.30118  0.04360  0.26256  0.17703 -0.18188  0.34685
  12  3 1 -1 -0.00424 -0.04366  0.00121 -0.00177 -0.01722 -0.03309  0.06741  0.01808  0.00391  0.01623 -0.00040 -0.00291 -0.06000 -0.01016 -0.12580  0.12971 -0.04604 -0.13186  0.14415 -0.03147 -0.02025  0.00341  0.00758  0.12876 -0.14411  0.11484  0.01591 -0.12030 -0.06331  0.26040 -0.13343  0.22428 -0.01297  0.05041  0.00473 -0.01509  0.02843 -0.26256 -0.02664  0.02233 -0.05497 -0.01719 -0.01271  0.13482  0.29786 -0.07222  0.14843 -0.28876 -0.02285  0.05211 -0.11231  0.00827  0.01960 -0.03730  0.04943 -0.22304 -0.04962 -0.12643 -0.06604  0.08753 -0.00725 -0.06824 -0.04391 -0.07496  0.13755  0.12310 -0.04764  0.08565 -0.00271  0.03412 -0.02055  0.00600 -0.03674 -0.00248  0.00069 -0.06188  0.00821  0.09781 -0.26166 -0.00464  0.25785  0.08631  0.00335 -0.26433 -0.16814
  13  4 0  0  0.06036  0.37706  0.01630  0.00547  0.06369 -0.37218  0.28479  0.19384  0.02253  0.08542 -0.00217 -0.04051 -0.10543 -0.34079 -0.04241  0.06159  0.00400  0.00695  0.01817 -0.01289 -0.08861 -0.10756 -0.01852 -0.03621  0.11889 -0.12092  0.01583 -0.01974  0.01291 -0.06739  0.03031  0.06213  0.03519  0.01694  0.00464  0.00385  0.00745 -0.00208  0.01409  0.02425  0.02304 -0.03195 -0.00527 -0.00573 -0.00122 -0.01275  0.00089  0.00116  0.04356  0.01205  0.03333  0.08328 -0.05524 -0.02218  0.05478  0.04811 -0.11133 -0.15205  0.03204 -0.03804  0.00213  0.04942  0.01203 -0.13088 -0.10551  0.30759  0.11597 -0.28311  0.03891 -0.06105  0.02460 -0.01876  0.03408 -0.01219  0.02112 -0.02948  0.03596 -0.01102  0.17833  0.04266 -0.05916  0.16758  0.11369 -0.14576 -0.00487
  14  4 1  0 -0.00377 -0.03081  0.00669 -0.00246 -0.00857 -0.03317 -0.04034  0.01362  0.00351 -0.01241  0.00595 -0.00664 -0.02694 -0.03562 -0.08305  0.10807 -0.02627 -0.11594  0.07718 -0.07445 -0.03073  0.00140 -0.01337 -0.07515  0.09113 -0.08150 -0.02606 -0.10129 -0.03313  0.19463  0.19989 -0.24443  0.05140 -0.02812  0.00702  0.02289 -0.01571  0.19031  0.02153 -0.05853 -0.01821  0.00451 -0.01291  0.23112 -0.39038 -0.04951 -0.26606 -0.40695 -0.05817  0.03588 -0.10094 -0.00498  0.03295 -0.04448  0.07842 -0.30808  0.00154 -0.04243 -0.03931  0.06110 -0.02817 -0.03702 -0.04576 -0.07488  0.03557  0.13288  0.00336 -0.04220  0.01781 -0.01556  0.02403 -0.02084 -0.02144  0.02727 -0.03352  0.04283 -0.00913 -0.00017 -0.08934  0.19707 -0.08277 -0.13343 -0.09337  0.17830  0.11919
  15  4 1 +1 -0.00382  0.02936 -0.00741  0.00260  0.03567 -0.07042 -0.13454  0.05849 -0.00199 -0.00545  0.00101  0.01749 -0.11112  0.15288 -0.20251  0.04826 -0.02669  0.11129 -0.13853  0.09647 -0.02872  0.07621  0.01806 -0.01092 -0.00623  0.01387  0.01560 -0.29806 -0.17421 -0.18447  0.08904  0.15037  0.02490 -0.10572 -0.01911 -0.09369  0.12832  0.03730 -0.12211 -0.22206 -0.10117  0.07681 -0.00160  0.01055  0.00534  0.03024  0.00084  0.00168 -0.00324  0.00362 -0.00289 -0.01018  0.01186 -0.00181 -0.00322 -0.00389  0.01171  0.04791  0.02562 -0.02762 -0.01431  0.00119  0.00777  0.05748  0.07633 -0.10301 -0.25519 -0.08591  0.00444 -0.03101  0.01890  0.00021  0.04369 -0.00210 -0.00020  0.06739 -0.00970 -0.09597  0.21186  0.32905  0.33120  0.06474  0.04792 -0.17133  0.35543
  16  4 1 -1 -0.00570 -0.04377  0.00567 -0.00200 -0.01098 -0.04384 -0.05467  0.02324 -0.00022 -0.01496 -0.00443 -0.00516 -0.03709 -0.05130 -0.11075  0.15283 -0.04047 -0.16259  0.13330 -0.01404 -0.01122 -0.07889 -0.00606 -0.03192  0.09799 -0.11342  0.09029 -0.10065 -0.13664  0.23355 -0.24812 -0.00648 -0.09758  0.04545 -0.01363  0.00683 -0.06987  0.25845 -0.01280 -0.06270 -0.01935 -0.00509 -0.01200 -0.15500  0.28270  0.06050  0.18999  0.29318 -0.08262 -0.02711  0.03258 -0.05583  0.06599  0.02945 -0.21506  0.13024  0.00112 -0.05733 -0.06515  0.08564  0.04475 -0.06058 -0.01196 -0.08987  0.06439  0.17821 -0.00289 -0.05500  0.02235 -0.02525  0.02246 -0.02339 -0.02941  0.03379 -0.04640  0.03542 -0.05217  0.00500 -0.12448  0.27364 -0.11323 -0.20250 -0.11636  0.24972  0.16557
  17  5 0  0  0.06064  0.37686 -0.02118  0.00347  0.06585  0.40515  0.20417 -0.22928 -0.00315  0.07935 -0.00072  0.00970 -0.14060  0.25817 -0.21834  0.00730 -0.01666 -0.00495  0.02496 -0.05702  0.06666 -0.09441 -0.02282 -0.04324  0.11745 -0.12436  0.02251  0.01139  0.01524  0.07866  0.02647  0.06696  0.02286 -0.01353 -0.00353 -0.00020 -0.00601  0.00459  0.00606  0.02952  0.01637  0.01743  0.01809 -0.00391 -0.00055 -0.01239  0.00079 -0.00121  0.04368 -0.00343 -0.03412 -0.10079  0.02488  0.04609 -0.01883 -0.01038 -0.04281 -0.17731 -0.07842  0.00674  0.01436  0.06229  0.02100 -0.02692 -0.37453  0.02823  0.10907  0.24992 -0.04245  0.06606 -0.03129  0.01422  0.01015 -0.01433  0.01493  0.06654 -0.01126 -0.10113  0.12308  0.05028  0.05670 -0.17864 -0.11056 -0.14856  0.00531
  18  5 1  0  0.00423  0.03090  0.00118 -0.00146  0.00639 -0.02498  0.04570  0.01445  0.00468  0.00965  0.00119  0.00564  0.03200  0.00128  0.08469 -0.11746  0.02248  0.10808 -0.10149 -0.00215 -0.01395  0.07801  0.00589 -0.00368 -0.08538  0.06588 -0.05832 -0.11574  0.02893  0.21024  0.27316 -0.08653  0.12013 -0.03535  0.01331 -0.02207  0.00467  0.18660 -0.01098  0.05171  0.01882 -0.00975 -0.00996  0.16811  0.41025 -0.11487 -0.26070  0.41408  0.05912  0.03184 -0.09716 -0.03869 -0.01725 -0.00308  0.18897 -0.25651  0.06776  0.02052 -0.03834  0.05882 -0.03156 -0.03674 -0.04398 -0.05618  0.11093  0.07383  0.02766 -0.03594  0.00543 -0.00187  0.00255  0.00340  0.04362 -0.01894  0.01862  0.06705  0.00791 -0.06282  0.04794 -0.19836 -0.06432 -0.14036 -0.09381 -0.17551  0.12295
  19  5 1 +1 -0.00370  0.03051  0.00488  0.00346  0.03521  0.04915 -0.14781 -0.03931 -0.00846 -0.01048 -0.00230 -0.03522 -0.07887 -0.24031 -0.09761  0.05953 -0.02427  0.11369 -0.13979  0.06986  0.08608  0.09018  0.00765 -0.02096 -0.00623  0.00706 -0.00696  0.29718  0.17734  0.19742 -0.02301  0.06987  0.12255  0.11183  0.02707 -0.07384  0.16831 -0.00486 -0.10160 -0.23088 -0.08731 -0.01684 -0.04314  0.00806 -0.00106  0.02958  0.00068 -0.00158 -0.00122  0.00645  0.00701  0.01181  0.00246 -0.00111 -0.00367 -0.00805  0.04204  0.04163 -0.01766  0.04325 -0.00018 -0.05119 -0.01870 -0.00752  0.14543 -0.00755 -0.23924  0.10988 -0.01643  0.04024 -0.03410  0.02455 -0.00341 -0.02336  0.03164 -0.03817  0.02276 -0.05750  0.24083  0.30382 -0.33929 -0.09097 -0.04055 -0.17792 -0.34901
  20  5 1 -1  0.00542  0.04283  0.00581  0.00529  0.01057 -0.03748  0.06628  0.01621 -0.00217  0.01634 -0.00359  0.00132  0.04437  0.00782  0.12689 -0.15504  0.03798  0.16018 -0.11270  0.07844  0.02482  0.03259  0.01432  0.08458 -0.11955  0.11491  0.03071 -0.11919 -0.08141  0.25198 -0.13721  0.22048 -0.00844  0.03468 -0.00425 -0.04492 -0.00705  0.26186  0.02600  0.07417  0.02515  0.00123  0.01134 -0.12948 -0.29227  0.05656  0.18490 -0.29180  0.08297 -0.03314  0.03519 -0.10047 -0.01251  0.09232 -0.06864  0.19783  0.10836  0.02296 -0.06275  0.08455  0.04381 -0.06149 -0.00928 -0.06350  0.17805  0.10453  0.03147 -0.05033  0.00241 -0.00975 -0.00136  0.01007  0.06242 -0.02530  0.01944  0.08479 -0.03219 -0.08919  0.06624 -0.28149 -0.09139 -0.20738 -0.10940 -0.24701  0.17388
  21  6 0  0  0.04503  0.37023 -0.01210  0.00732  0.11502  0.35713 -0.28760 -0.20865 -0.02109 -0.03798 -0.00306 -0.04304 -0.04670 -0.35756 -0.05423  0.12941 -0.04077  0.01393 -0.04594  0.06346 -0.01306  0.11370  0.02272  0.03258 -0.10475  0.10753 -0.01300  0.00307 -0.01274  0.05903 -0.03588 -0.05830 -0.01018  0.02135  0.00506  0.00531  0.00763 -0.00400 -0.00797 -0.02814 -0.01327 -0.00762 -0.01128  0.00275  0.00024  0.00892  0.00025 -0.00003 -0.02891  0.00016  0.01756  0.06049 -0.00871 -0.03789 -0.01083 -0.00074 -0.11006 -0.05903  0.05674 -0.05197 -0.01735  0.00288  0.00819  0.08278  0.23508 -0.14441  0.25644 -0.30550  0.03834 -0.08967  0.05655 -0.02535  0.05084  0.01617 -0.02422  0.08032 -0.02568 -0.02071 -0.04749 -0.12608  0.22162 -0.01673 -0.01169  0.14868  0.00105
  22  6 1  0  0.00312  0.03135 -0.00018  0.00114  0.01209 -0.02920 -0.04104  0.01914 -0.00048 -0.01047 -0.00032  0.00720  0.03981  0.03696  0.07890 -0.09677  0.03025  0.09277 -0.10694  0.01521  0.00684  0.00955 -0.00575 -0.10895  0.09651 -0.09028 -0.00875 -0.09122 -0.04236  0.19359  0.19017 -0.25250  0.07571 -0.03050  0.01857  0.04569  0.02837 -0.18215 -0.00773 -0.02784  0.07778  0.01381  0.01294 -0.24287  0.39993  0.05795 -0.21303 -0.40254  0.01852 -0.07543  0.13562 -0.05874  0.00288  0.07436 -0.14188  0.25962  0.09909  0.07057 -0.03384  0.05619  0.04376 -0.03945 -0.00408 -0.06334  0.05288  0.11366  0.05969  0.05708 -0.00240  0.02262 -0.02103  0.00896 -0.00814 -0.01335  0.01852 -0.02766  0.00786 -0.05924  0.18562  0.00997  0.19377  0.02738  0.03052  0.18868 -0.11625
  23  6 1 +1 -0.00574 -0.03165  0.00283 -0.00003 -0.00009 -0.07908 -0.13111  0.04790 -0.00240 -0.04696  0.00061  0.00005  0.12509 -0.12895  0.19621 -0.01180  0.02089 -0.09650  0.10971 -0.01753 -0.13143 -0.00584  0.01011  0.07266 -0.10602  0.10341 -0.01334 -0.30699 -0.17790 -0.19452  0.01731 -0.07276 -0.11620 -0.09492 -0.02118  0.06934 -0.15273 -0.05960  0.10063  0.23580  0.08811  0.00262  0.03781 -0.00803 -0.00374 -0.02962  0.00113  0.00222  0.02998  0.00500 -0.01496 -0.04330  0.01864  0.01317 -0.02579 -0.01985 -0.09376 -0.16811 -0.03329 -0.01165 -0.00539  0.02141  0.01348  0.06095 -0.01324 -0.14932  0.10161  0.05057 -0.01887  0.01122 -0.00305  0.01009  0.05305 -0.01325  0.01089  0.11463 -0.02255 -0.15300  0.23179  0.30559 -0.04550 -0.28035 -0.16859 -0.17888 -0.34891
  24  6 1 -1  0.00431  0.04426  0.00052  0.00127  0.01714 -0.04083 -0.05644  0.02535 -0.00126 -0.01403  0.00014  0.00842  0.05430  0.05415  0.11179 -0.13191  0.04399  0.13377 -0.13946  0.06303  0.03392 -0.03137  0.00034 -0.09459  0.13621 -0.11508  0.06914 -0.09125 -0.15133  0.23712 -0.24403  0.00876 -0.09897  0.05628 -0.00049  0.02810 -0.01566 -0.26353  0.01109  0.01185 -0.05604 -0.01472 -0.00890  0.17358 -0.28441 -0.03903  0.15133  0.28649  0.01756  0.05023 -0.11018 -0.01148 -0.01534 -0.00366  0.14447 -0.16802  0.13205  0.10407 -0.04044  0.07787 -0.00073 -0.04885 -0.04182 -0.10059  0.05953  0.16193  0.08932  0.07903 -0.00009  0.03587 -0.02595  0.00919 -0.01232 -0.01853  0.02884 -0.03423  0.03112 -0.08170  0.25871  0.01161  0.27411  0.04489  0.03592  0.26730 -0.16035
  25  7 0  0  0.01239  0.10393  0.00150  0.00228  0.03235 -0.14255 -0.07524  0.08811  0.00260 -0.01328  0.00202  0.01796 -0.04716  0.18691 -0.15642  0.11411 -0.05546 -0.12460  0.12230 -0.03945  0.03969  0.08770  0.01412  0.13456 -0.22002  0.20041 -0.03656  0.01603  0.03176  0.28829 -0.01177  0.00144  0.01691  0.04345  0.01693  0.03918 -0.00980 -0.26562  0.03981  0.10825  0.04134 -0.02038  0.00831 -0.00517 -0.00169 -0.01408 -0.00011 -0.00045  0.04790  0.00125  0.02220  0.03816 -0.05890  0.00336  0.12811  0.08439  0.12973  0.28171  0.13358 -0.15089 -0.02044  0.12671  0.05328  0.04286 -0.33838 -0.00534 -0.21214 -0.28558  0.03066 -0.10248  0.07054 -0.03422  0.05496  0.02913 -0.03686  0.13416 -0.03577 -0.08687  0.09822 -0.03013 -0.09364 -0.16081 -0.07358  0.14515  0.00035
  26  8 0  0  0.02171  0.10763  0.01996 -0.00206  0.00442 -0.14211  0.10408  0.06134  0.01091  0.02480 -0.00296 -0.02705 -0.03498 -0.23265 -0.03146  0.11366 -0.01012 -0.15635  0.14216 -0.07516 -0.03438 -0.12543 -0.02519 -0.07854  0.16458 -0.16643  0.04719  0.01338 -0.01534  0.26049 -0.08087 -0.13475 -0.03254  0.05920  0.00206  0.04601 -0.10516  0.26115  0.07103  0.08369  0.04677 -0.04397 -0.00488 -0.00369 -0.00224 -0.01332 -0.00176 -0.00315  0.05028 -0.00061  0.01097  0.00328 -0.02895  0.01060  0.07792  0.03113  0.09693  0.21313  0.06192 -0.07513 -0.02689  0.02199  0.02462  0.22101  0.06654 -0.46291 -0.20113  0.23330 -0.05133  0.05929 -0.03784  0.04297  0.01687 -0.02483  0.03201  0.00237  0.00957 -0.03296  0.07368 -0.11975  0.24222  0.07264  0.03638 -0.13692  0.00415
  27  9 0  0  0.02185  0.10717 -0.01776 -0.00349  0.00691  0.15308  0.07493 -0.07841  0.00280  0.02599  0.00179  0.01208 -0.06613  0.18953 -0.14460  0.09470 -0.01569 -0.15624  0.14378 -0.08610 -0.01738 -0.13505 -0.02464 -0.07281  0.17123 -0.16253  0.01817 -0.00353 -0.03597 -0.27877 -0.00998 -0.08895 -0.08244 -0.05455 -0.01283  0.06735 -0.07379 -0.27463  0.04488  0.08739  0.03770  0.01047  0.02660 -0.00260  0.00103 -0.01289 -0.00226  0.00357  0.05044 -0.00235 -0.00762 -0.03804 -0.02237  0.03644  0.05166  0.00933  0.17639  0.19253 -0.01642  0.10260  0.00294 -0.13090 -0.05214 -0.04890  0.52102  0.06708 -0.15860 -0.18720  0.03060 -0.04054  0.01312  0.00723  0.05351 -0.02137  0.02157  0.02667 -0.00072 -0.03492  0.07231 -0.13102 -0.22752 -0.07603 -0.03345 -0.13468 -0.00267
  28 10 0  0  0.01243  0.10396 -0.00355  0.00202  0.03270  0.12955 -0.10456 -0.07684 -0.00770 -0.01817 -0.00119 -0.02394 -0.01887 -0.23214 -0.03792  0.14643 -0.04376 -0.11712  0.11836 -0.00868 -0.07332  0.07625  0.01936  0.14196 -0.21835  0.20561 -0.04905 -0.03114  0.02730 -0.27269  0.05240  0.03689 -0.03063 -0.05215 -0.01501 -0.00477 -0.07515  0.25491  0.04266  0.11112  0.03901  0.00051  0.01257 -0.00462 -0.00049 -0.01361 -0.00030  0.00043  0.04840 -0.00599 -0.02029 -0.07730 -0.01267  0.06478  0.05675  0.02260  0.27611  0.23408 -0.07355  0.12462  0.03612 -0.06198 -0.04165 -0.18697 -0.11179  0.33731 -0.15147  0.27251 -0.02035  0.09077 -0.06266  0.02235 -0.06714 -0.02223  0.03620 -0.12557  0.04427  0.00197  0.14699 -0.02915  0.10276  0.13515  0.08971  0.14524 -0.00034
  29 11 0  0  0.01132  0.10381 -0.00110  0.00241  0.03781 -0.01291 -0.18058  0.01210 -0.00582 -0.04939  0.00117  0.01397  0.13157  0.05527  0.18980 -0.07629  0.03831 -0.14098  0.20498 -0.13608 -0.05175 -0.18927 -0.03790  0.04718  0.07105 -0.10154  0.00438 -0.01950  0.08190  0.02913  0.13990  0.30855  0.14726  0.00214  0.00729 -0.08886  0.14268  0.01291 -0.08154 -0.13469 -0.05022  0.01708 -0.00976  0.00289  0.00054  0.00869  0.00003  0.00001  0.02290 -0.00751  0.00020 -0.01494 -0.03112  0.02920  0.08792  0.05120  0.25441  0.36643  0.04702 -0.00699  0.01113  0.00373 -0.00660  0.01248 -0.01275 -0.04788  0.48304 -0.01241  0.01836 -0.01046  0.01553 -0.02150 -0.04707  0.03328 -0.03099 -0.01637 -0.00876  0.04926 -0.12140  0.23702 -0.01035  0.01377 -0.00866 -0.14063  0.00010
  30 12 0  0  0.18361  0.11064 -0.00569  0.02094 -0.28860  0.02203  0.14755  0.01501 -0.03099 -0.26510 -0.00975  0.03229  0.24624  0.06360  0.13369  0.22327 -0.18236 -0.02492 -0.00501  0.07180  0.02666  0.12322  0.02311 -0.04187  0.00265  0.01485  0.00892  0.00884 -0.03996 -0.01547 -0.03833 -0.02809  0.01776  0.00695  0.00093  0.16242  0.05874  0.01875 -0.07550 -0.15618 -0.05311  0.01608 -0.00901  0.01241  0.00228  0.01901 -0.00323  0.00008  0.62720  0.18070  0.04586  0.09677  0.21341 -0.06339 -0.10089 -0.03267  0.03065 -0.01073 -0.00418 -0.01231  0.00557 -0.00608 -0.00991  0.00095 -0.00986  0.00179  0.00325 -0.01442 -0.02830  0.02612 -0.03616 -0.02458  0.06206 -0.04114  0.06261  0.02360 -0.00261 -0.00163 -0.04559  0.02524 -0.00518  0.01868 -0.00725  0.01948 -0.00117
  31 12 1  0 -0.00611  0.00633  0.09878 -0.12887 -0.00771 -0.05548  0.00152 -0.06406  0.09325 -0.03372  0.12572 -0.03861  0.03027 -0.05756 -0.02795 -0.08010 -0.08112 -0.04302 -0.06374 -0.16738  0.06698  0.13745  0.04375  0.02220  0.00821 -0.09567 -0.14461 -0.01427  0.05889  0.02342  0.00301  0.03760 -0.00951 -0.09177 -0.00548 -0.03067 -0.16365 -0.02698 -0.04253 -0.07166  0.05832  0.00276 -0.01185  0.06868  0.00133 -0.00096  0.15579  0.00058  0.03583 -0.23215  0.26221 -0.38037  0.09609  0.14675 -0.15397 -0.21148  0.09979 -0.01984 -0.07310  0.03483 -0.17836 -0.00572 -0.10377 -0.00787 -0.06808 -0.07528 -0.00520 -0.08932  0.02286 -0.01187  0.08170 -0.03965  0.05998  0.03337 -0.03818  0.28165  0.28792 -0.04070 -0.01441 -0.00090 -0.05352  0.31952 -0.13101  0.01279 -0.04533
  32 12 1 +1 -0.06799  0.07342  0.00013 -0.00526  0.05134  0.00609  0.12638 -0.01513  0.01244  0.06641  0.01239  0.01815  0.12887  0.02623  0.07515 -0.03757  0.13575 -0.20051  0.04924  0.03143  0.00601  0.12635  0.02286 -0.00158 -0.05902  0.06864  0.01307  0.02093 -0.07006 -0.02014 -0.09826 -0.20761 -0.07113  0.00139 -0.00619 -0.22138  0.08067 -0.00609 -0.07603 -0.22929 -0.09371  0.02508 -0.02608 -0.00110 -0.00028  0.00546 -0.00196 -0.00018  0.15314 -0.07473 -0.02485 -0.19820 -0.35398  0.21591  0.45591  0.21952  0.01098 -0.21155 -0.05017 -0.01354 -0.00120  0.06717  0.03967 -0.02510  0.06514 -0.01791 -0.03168  0.02198 -0.03122  0.02955 -0.04320  0.09627  0.16094 -0.10277  0.10243  0.05146  0.00568  0.02684 -0.15580  0.11368 -0.01018  0.03702 -0.02719  0.08434 -0.00037
  33 12 1 -1  0.00070 -0.00160  0.13906  0.09535 -0.00071 -0.07675  0.00058 -0.07681 -0.07756  0.00429 -0.10036 -0.11702  0.04343 -0.06069 -0.02166 -0.04795 -0.04154 -0.01954  0.04466  0.08876  0.21047 -0.06799 -0.07102 -0.00258 -0.12731 -0.09245  0.02237  0.05938 -0.06581  0.00792  0.01743  0.00869 -0.00436 -0.05830 -0.05613 -0.01218 -0.07153 -0.01650 -0.16776  0.03291 -0.00351 -0.02544  0.05678 -0.04780 -0.00882  0.00852 -0.11535  0.00410 -0.01275  0.12376 -0.43365 -0.32697  0.12464  0.12875 -0.12240 -0.01461  0.12940 -0.05759 -0.13724  0.07414  0.15280 -0.00364  0.07451  0.07878 -0.05997 -0.07146 -0.00970 -0.10494 -0.00465 -0.08554  0.04297 -0.00579  0.08117  0.04624 -0.08064  0.16721 -0.29565 -0.02924 -0.01231 -0.00317 -0.05104  0.09091  0.38400 -0.00482 -0.07010
  34 13 0  0  0.22025  0.05898 -0.46643 -0.37687 -0.41446  0.15196 -0.04629  0.30408  0.22885 -0.15479  0.07031  0.16280 -0.02254 -0.07334 -0.09916 -0.07618  0.09412 -0.03904 -0.07050 -0.00354 -0.04536 -0.01023 -0.04332 -0.00222 -0.05858 -0.06348  0.01195  0.01989  0.02551  0.02043  0.01082  0.02547 -0.01797  0.01283 -0.04595 -0.10817 -0.03713 -0.01019 -0.04040  0.06859 -0.00339 -0.05553  0.03444 -0.04483 -0.01400 -0.00924 -0.04430 -0.00496 -0.18010  0.05009 -0.16052 -0.12584  0.04288  0.02273  0.02324  0.05707  0.00463  0.00729 -0.04712  0.02376  0.01178 -0.00915  0.05832 -0.00306 -0.02806 -0.03465 -0.00150 -0.05655  0.00496  0.00459 -0.01646  0.02453  0.07125 -0.04871  0.06884 -0.02377 -0.00627  0.01285 -0.00371  0.00449 -0.00508  0.03571 -0.00764  0.00227 -0.00851
  35 13 1  0 -0.01746 -0.00520  0.04522  0.01094  0.03346 -0.00191  0.01035  0.00713 -0.02562 -0.04152  0.04707  0.09636  0.06932 -0.05602 -0.08151 -0.12305 -0.09447  0.03365  0.06238 -0.04664 -0.02013  0.32146 -0.11521  0.09177  0.06567 -0.15738  0.10011 -0.10342  0.28090  0.04852  0.06136  0.09284 -0.11714 -0.00037 -0.26897 -0.10139 -0.39994 -0.05471  0.02792 -0.14842 -0.14010  0.03018  0.52721 -0.03001 -0.00164  0.05243 -0.02550 -0.00095  0.04585 -0.01242  0.00997  0.14216 -0.03946  0.00287  0.05656  0.02081 -0.00733 -0.02774  0.09468 -0.01505  0.02085  0.01865  0.00335 -0.02382  0.04394  0.02980  0.00056  0.06652 -0.03106 -0.01242  0.01711 -0.04548 -0.02992  0.09316 -0.02785 -0.05271 -0.08255 -0.01870 -0.00123 -0.00568  0.00925 -0.08633  0.07000 -0.00487  0.00836
  36 13 1 +1 -0.05138  0.02073  0.07415  0.05976  0.01611  0.05365  0.05117  0.03053  0.03671 -0.07525  0.04624  0.14192  0.11129  0.08037 -0.00428  0.11764  0.02835 -0.18914 -0.17925  0.03329 -0.35694  0.18436  0.08110 -0.24730 -0.03858 -0.09506 -0.01715 -0.06981  0.11743 -0.02515 -0.05572  0.00985  0.07483  0.18795  0.03953 -0.29828  0.07267 -0.01236 -0.19521  0.27032 -0.03326 -0.31279 -0.12671 -0.08206 -0.02848 -0.00577  0.00655 -0.00153  0.02881 -0.11697  0.05890  0.05234 -0.10126  0.03783 -0.09023 -0.12147  0.04629 -0.03145  0.03230 -0.00110  0.08362  0.01453 -0.09298  0.07132  0.00996  0.03728 -0.00129  0.06130 -0.00881 -0.05999  0.01523 -0.04533 -0.12149  0.10826 -0.19731  0.10390 -0.10669 -0.04722  0.02160 -0.01732 -0.00685 -0.04773  0.17679 -0.01876 -0.00913
  37 13 1 -1  0.01325  0.00593  0.00562  0.00665 -0.02683  0.02791  0.03481  0.05008  0.02650 -0.15078  0.08684  0.19654  0.05057  0.01947  0.09846  0.23192 -0.19177  0.09993 -0.11103 -0.05931 -0.15930  0.03509  0.24718  0.01863  0.22989  0.12733  0.12775 -0.02137  0.20702  0.04173 -0.07886  0.12373  0.05633 -0.11809  0.14966  0.24160  0.03272  0.01006  0.21187 -0.05649  0.15986  0.39570 -0.01946  0.00482  0.01235 -0.07329 -0.02297  0.00514 -0.15967 -0.08018 -0.07255 -0.12729 -0.16924  0.11110  0.10484  0.02149  0.02158 -0.06435 -0.05451  0.02533  0.01402  0.02391  0.03026  0.01473  0.02267 -0.00688 -0.01279  0.03839  0.00568 -0.05814  0.09450  0.03637 -0.03640  0.06181 -0.10692  0.11141 -0.15514 -0.00166 -0.00543  0.00985 -0.01685 -0.00628  0.18530  0.00154 -0.02065
  38 14 0  0  0.21159  0.07228  0.54740 -0.17871 -0.44103 -0.17752 -0.05881 -0.35004  0.10749 -0.17422  0.11575 -0.13917  0.01301  0.01043 -0.11263 -0.04101  0.14276 -0.00523 -0.05604 -0.06255  0.03436 -0.01058 -0.00699  0.00085  0.04216  0.05397  0.03619 -0.00790 -0.03293 -0.01473  0.04191  0.03592 -0.03903  0.02767  0.02582 -0.09316  0.04164 -0.00569  0.08430  0.07612 -0.03554  0.03495 -0.01247 -0.03367  0.00677 -0.00622 -0.02827  0.00456 -0.17287  0.05012 -0.02563  0.16662 -0.10823 -0.02782  0.04958  0.06852  0.03541 -0.03018  0.03673 -0.02611  0.01827  0.01147  0.04351  0.00787  0.03855  0.05637  0.00491  0.06132 -0.02979  0.03513  0.00397  0.03371  0.01628 -0.00523  0.02772  0.05948  0.00371 -0.03935 -0.02212  0.00553 -0.00009 -0.00051 -0.03640  0.00192  0.01008
  39 14 1  0 -0.02242 -0.00877 -0.03175 -0.00046  0.04912  0.01637 -0.01832  0.03872 -0.01422  0.09900  0.02281  0.06757 -0.07535 -0.01558 -0.03086 -0.04819  0.29751  0.07576  0.14692 -0.07228 -0.18095  0.14641  0.02302  0.00789  0.18506  0.17889  0.14419  0.11324 -0.06861  0.03121  0.16431  0.00212 -0.19847  0.12247  0.06332 -0.19194  0.01834 -0.02362  0.43597  0.01809 -0.38722  0.13898 -0.17138 -0.03167  0.03262  0.16530 -0.01399  0.00659  0.17323  0.04459 -0.06985 -0.05231  0.16664  0.01234 -0.13879 -0.06516  0.04474  0.01914 -0.08764  0.00115  0.02559 -0.00924 -0.01997  0.00053 -0.03563 -0.03308  0.00299 -0.04007  0.00943 -0.00345 -0.00776 -0.08925  0.01417  0.02879  0.00687  0.13312 -0.04285  0.00246  0.00527 -0.01243 -0.02224  0.07696  0.06605 -0.00285 -0.02219
  40 14 1 +1 -0.04838  0.01998 -0.08915  0.03101  0.01934 -0.05189  0.05818 -0.03769  0.01788 -0.08134  0.04808 -0.08780  0.15750 -0.07320  0.01138  0.09658  0.02028 -0.20518 -0.12355 -0.12980  0.37598  0.15131 -0.00042 -0.19065  0.11126  0.04743 -0.09666  0.06670 -0.12457  0.03507  0.02753  0.08474 -0.09554 -0.19858 -0.02791 -0.24831  0.21289  0.00997 -0.01341  0.29183 -0.07879  0.32430  0.15910 -0.03391  0.00501 -0.04780  0.01504 -0.00116  0.01346 -0.12067  0.04139 -0.09219  0.05953 -0.04403  0.02580 -0.03311 -0.18055  0.10666  0.00757  0.02029  0.00853 -0.03323 -0.07272 -0.04781 -0.02907 -0.04138 -0.00308 -0.04558  0.04938 -0.07469 -0.02146 -0.07268 -0.07471 -0.01765 -0.05886 -0.25374 -0.02920  0.10370  0.07916 -0.01368  0.02830 -0.12633  0.02459 -0.01877  0.01044
  41 14 1 -1  0.00507  0.00092  0.04246 -0.00176 -0.01238  0.00899 -0.02888  0.02620  0.01309  0.11991 -0.14493  0.14622 -0.13050 -0.03106  0.01472 -0.08368  0.14255 -0.11132  0.01460  0.13941 -0.07645 -0.23516  0.01504 -0.16312 -0.11681  0.16861  0.30791 -0.03801  0.22964  0.03127 -0.08819 -0.18573 -0.02368 -0.08820 -0.03823 -0.09076  0.17697  0.00937 -0.26836  0.12584  0.00974  0.37623  0.30118  0.06501 -0.00891 -0.05101  0.03574 -0.00152  0.06292  0.06020  0.06930  0.08707  0.06404 -0.06942 -0.13061 -0.04457  0.07802 -0.00364  0.04460 -0.01068 -0.00463 -0.02542 -0.01090 -0.00909 -0.00224  0.03436  0.01321  0.05071 -0.06806  0.00159  0.06190 -0.01197  0.08762 -0.01710 -0.00477  0.20709  0.10331 -0.07321 -0.03138 -0.00209 -0.02717  0.13605 -0.07040  0.00439 -0.01039
  42 15 0  0  0.22981  0.02293 -0.11043  0.63755 -0.33566  0.03253 -0.03020  0.09849 -0.40729 -0.10750 -0.15305 -0.00741  0.03064 -0.03945 -0.13587 -0.06400  0.15183  0.02016  0.02141  0.02973  0.00030  0.01620  0.04345  0.05617  0.01910 -0.05659 -0.00714 -0.00247  0.03141  0.01334  0.03176  0.01041 -0.00332 -0.04003  0.04203 -0.11120 -0.05893 -0.01504  0.04681  0.01275  0.07129  0.01014 -0.03547  0.03411  0.00092 -0.02779  0.06044 -0.00035 -0.16415 -0.10109  0.18517 -0.04281  0.00368  0.04425  0.05345 -0.05227  0.00306  0.00824 -0.00255  0.02877 -0.03787  0.03520 -0.05203  0.01437 -0.00897  0.01240  0.00546 -0.00195 -0.02146  0.00296 -0.02030  0.03370  0.08822 -0.05031  0.07380  0.03492  0.00881 -0.01036 -0.02437  0.00767 -0.00339  0.00626  0.01777  0.00388 -0.00230
  43 15 1  0  0.00832  0.00539  0.01942 -0.02249 -0.01785  0.01384  0.03138  0.03083 -0.06023 -0.12272 -0.22369  0.00324  0.13096  0.01365  0.01541  0.16123 -0.18012  0.17017  0.11377  0.18103  0.04616 -0.05484 -0.10778 -0.21927 -0.15835 -0.07393  0.22173  0.07562 -0.03139  0.02771  0.28043  0.11052 -0.08668  0.06004 -0.02105  0.19628 -0.13815 -0.00331 -0.12127  0.21505 -0.41552  0.05798 -0.13277 -0.04874 -0.01318  0.03248  0.03151 -0.00305 -0.11414 -0.10602 -0.00992 -0.09000 -0.18117  0.04384  0.10840  0.07532 -0.01573 -0.05227 -0.00548 -0.00275 -0.03749  0.03573  0.00917 -0.03697  0.03069 -0.02703 -0.01780  0.01498  0.03786 -0.02364  0.07227  0.00353 -0.12891  0.07099 -0.05502  0.01053  0.19938  0.01767  0.01591  0.00620  0.00013  0.07829 -0.18237  0.00947  0.00645
  44 15 1 +1 -0.05454  0.02040  0.01472 -0.09171  0.00532  0.01258  0.04474  0.01138 -0.07287 -0.06668 -0.09604  0.00898  0.16113  0.03323 -0.00534  0.14742  0.11527 -0.02842  0.10442  0.44282  0.08398  0.08751 -0.03109  0.16831  0.10653 -0.07281  0.21951  0.06928 -0.11865 -0.02079  0.05364 -0.00880  0.17987  0.01274 -0.01551 -0.27847  0.04340 -0.01876  0.25016 -0.07090  0.35895 -0.07665  0.10645  0.09403  0.01165 -0.10487  0.01396  0.00271  0.01105 -0.02887 -0.16082 -0.04437 -0.09039 -0.02851 -0.12434  0.02462 -0.00198  0.00242  0.01428 -0.06509 -0.06323 -0.10260  0.04765 -0.05831 -0.00698 -0.03883 -0.00621 -0.01209  0.06322  0.03889  0.06056 -0.06857 -0.15190  0.10336 -0.17830  0.00462  0.14731  0.00197  0.06053 -0.02934 -0.00270  0.08901 -0.15875 -0.01310  0.00181
  45 15 1 -1 -0.02209 -0.00358  0.03291 -0.04456  0.03442  0.00035 -0.00552  0.01053  0.03570  0.02833 -0.02726  0.03921  0.02815 -0.06480 -0.10236 -0.20851 -0.05169 -0.10664  0.00147  0.00321  0.04280  0.04460  0.27636  0.00879 -0.19956 -0.24034  0.14227  0.03437  0.04754  0.03172  0.00193  0.03474 -0.00973 -0.25617  0.21692 -0.21326 -0.36786 -0.05733 -0.10006 -0.05095  0.12381  0.27059 -0.45386  0.01927 -0.01545  0.10354 -0.03514 -0.00553  0.11646  0.06201 -0.05646  0.14062  0.02509 -0.12432 -0.00507  0.05275  0.01624 -0.01351  0.03064 -0.04650  0.01380 -0.01145  0.01512 -0.01381  0.01856  0.00996  0.00153  0.00929 -0.02869  0.00987  0.00981 -0.05255 -0.10646 -0.03802  0.00496 -0.10274 -0.03147 -0.00769  0.01407 -0.01067  0.01387 -0.05648 -0.03457 -0.00657  0.01368
  46 16 0  0  0.23278 -0.01214 -0.32163 -0.24060 -0.12518 -0.12377 -0.08162 -0.17260 -0.12175  0.31130 -0.19045 -0.35498 -0.00608  0.04681  0.05233 -0.01746 -0.03382 -0.00226  0.05569  0.01185  0.01845  0.06240  0.09512  0.00276  0.04030  0.01588  0.02674 -0.03111  0.04550  0.00198 -0.00918 -0.00867 -0.01383 -0.03903  0.01722  0.03150  0.01063  0.00496  0.00805 -0.03742 -0.01986 -0.00201 -0.00990 -0.01947 -0.00292 -0.07556  0.02275  0.00284  0.06453 -0.02706  0.08961 -0.01000 -0.07880  0.01126 -0.01188 -0.03605  0.04065 -0.05657  0.04237 -0.27239  0.05226  0.19054 -0.31895  0.00709  0.10370  0.08540 -0.00339  0.14781  0.15948  0.02166  0.10837  0.02088 -0.02745  0.09994 -0.20156  0.04839 -0.11646 -0.04240  0.00140 -0.00759 -0.00466 -0.03717  0.10659 -0.00561 -0.00315
  47 16 1  0  0.01089 -0.00052 -0.02209 -0.04410 -0.00802  0.00582 -0.00019  0.02287 -0.02774 -0.03706  0.03782  0.12282  0.04316 -0.08798 -0.14225 -0.23721 -0.08246  0.04462  0.15058 -0.05288  0.14753  0.13678 -0.29918  0.14522  0.05194 -0.02622  0.13704 -0.08867  0.06368 -0.03530 -0.03779 -0.07740 -0.06772 -0.00893 -0.13012  0.09652  0.20421  0.01567 -0.02635  0.03184  0.05291  0.04053 -0.20129 -0.00830 -0.00274 -0.06529  0.01443  0.00159  0.07734  0.02084  0.12977  0.06999 -0.22979 -0.09667 -0.02605 -0.04776 -0.07000  0.06938 -0.24316  0.08528  0.07478 -0.09155 -0.06353  0.21634 -0.04961  0.05574  0.00287 -0.04312  0.03366 -0.04380 -0.12024  0.17560 -0.25284 -0.28352 -0.23615  0.19762 -0.00552  0.04797  0.02022 -0.00162 -0.00206 -0.02743  0.08531 -0.00443 -0.00260
  48 16 1 +1 -0.00936  0.02052 -0.04743 -0.03408 -0.09598  0.07708 -0.01300  0.14174  0.12124 -0.06167  0.01244 -0.07675 -0.09675 -0.03140 -0.03076 -0.10016  0.15916 -0.03169  0.06595  0.08399  0.13709 -0.14438 -0.11905 -0.07249 -0.15570 -0.00540 -0.18018  0.07533 -0.21378 -0.02065  0.02570 -0.00224  0.05786  0.07717  0.06645  0.09815 -0.04146  0.01264  0.06889 -0.09284  0.02784  0.12324  0.04349  0.10264  0.02326  0.14214  0.05334  0.00506  0.16492 -0.20453  0.22345  0.16617 -0.13994  0.06818  0.06163 -0.09199 -0.01092 -0.05019  0.06775  0.16380 -0.14046 -0.06757  0.19771 -0.08629  0.02860 -0.00590 -0.00248  0.13717 -0.12855 -0.10905  0.22208 -0.07334 -0.16510  0.26041 -0.12745  0.15284 -0.17239 -0.00973  0.01808 -0.00847 -0.00411 -0.08371  0.23521 -0.01093 -0.00900
  49 16 1 -1  0.04456 -0.00525 -0.04384 -0.02278 -0.01450  0.00362  0.00359  0.01877  0.01963 -0.08172  0.05963  0.14345 -0.08347 -0.03197  0.06430  0.09275 -0.03212  0.16187  0.01033 -0.09426  0.20253 -0.27307  0.13990  0.22529  0.07777  0.13468  0.08384  0.06049 -0.09230  0.02412  0.06119 -0.10576 -0.06782 -0.19713  0.00282 -0.12976 -0.05931 -0.01090 -0.07002 -0.03821 -0.10018 -0.15108  0.00514 -0.03043 -0.00629 -0.09222  0.02123  0.00390  0.06484 -0.15560  0.00253  0.07637 -0.12540  0.15576 -0.04078 -0.09229  0.10154 -0.11607  0.24444  0.05530  0.25562 -0.02310 -0.14701  0.16474 -0.00803  0.03720 -0.01063 -0.04705 -0.16159 -0.03874 -0.33476 -0.21377 -0.06560  0.12282 -0.08776 -0.02261  0.14367 -0.12355 -0.04162  0.00392  0.00032 -0.05119  0.07872 -0.00208  0.00078
  50 17 0  0  0.06054 -0.00337 -0.08676 -0.06913 -0.03172 -0.04784 -0.02939 -0.07424 -0.06098  0.15235 -0.10701 -0.21211  0.05671  0.02773 -0.03778 -0.10571 -0.02229 -0.09863  0.05271  0.05965 -0.11173  0.27336 -0.12638 -0.14562 -0.01958 -0.09835 -0.01525 -0.09320  0.12295 -0.03130 -0.07554  0.07018  0.04198  0.15401 -0.01689  0.19732  0.14274  0.02069  0.08289  0.02460  0.12963  0.21081 -0.10374  0.02936  0.00779  0.03485 -0.01068  0.00086 -0.03171 -0.15338 -0.14003  0.04687  0.01111  0.17151 -0.02142 -0.03994  0.07859 -0.07815  0.23194  0.21077  0.16100 -0.12003  0.11615  0.08016 -0.06781 -0.04194 -0.00636 -0.12783 -0.23834 -0.03787 -0.30162 -0.20521  0.03144  0.07754  0.11398 -0.08304  0.16027 -0.05915 -0.03137  0.00861  0.00289 -0.00102 -0.02447  0.00343  0.00107
  51 18 0  0  0.07839 -0.00573 -0.09868 -0.04509 -0.03547 -0.05276 -0.03096 -0.08706 -0.02381  0.15360 -0.08017 -0.22535 -0.03211  0.08691  0.13377  0.18242  0.04024 -0.02848 -0.08709  0.06113 -0.10885 -0.06976  0.24904 -0.11278 -0.00054  0.04012 -0.10166  0.05192 -0.00877  0.03634  0.03377  0.07135  0.05912 -0.02092  0.11689 -0.10005 -0.27105 -0.02294  0.02278 -0.07329 -0.09297 -0.03041  0.25799 -0.00741  0.00048  0.03394 -0.00746 -0.00080  0.00848  0.05776  0.06746  0.04661 -0.15754 -0.10384 -0.00806 -0.02156 -0.07507  0.08931 -0.26090  0.24354  0.04756 -0.19506  0.18630  0.16563 -0.11211 -0.02078  0.00401 -0.13168 -0.07999 -0.07897 -0.16510  0.11539 -0.18862 -0.29229 -0.03925  0.11317  0.07231  0.04465  0.00651  0.00522  0.00061  0.00771  0.00195  0.00147 -0.00150
  52 19 0  0  0.22830 -0.00457  0.38203 -0.10963 -0.14141  0.11329 -0.08686  0.17857 -0.03210  0.33408 -0.22182  0.29243 -0.14725 -0.00152  0.12802  0.01018 -0.03018 -0.02323  0.03616  0.04763 -0.00953  0.05748 -0.01055  0.02889  0.00981 -0.03645 -0.09452  0.00957 -0.01670 -0.00234 -0.01605 -0.01083  0.01027  0.01467  0.01775  0.02189 -0.00354 -0.00067 -0.00306 -0.04086 -0.00768 -0.00508  0.00540 -0.02006 -0.00718 -0.07757  0.01945 -0.00350  0.05518 -0.03265  0.05544 -0.11488 -0.00871 -0.00426  0.02282 -0.00936 -0.03050 -0.01046 -0.00471  0.13573 -0.01634 -0.00049 -0.23023 -0.32856 -0.08878 -0.26182 -0.01709 -0.13224  0.00395 -0.10605 -0.11726  0.07529 -0.08529  0.00133 -0.07196 -0.19414 -0.08557  0.09424  0.05275 -0.00765  0.01796 -0.07112  0.02322 -0.00590  0.00343
  53 19 1  0 -0.02376  0.00398 -0.00677 -0.01734  0.00081 -0.00234 -0.00693  0.00047 -0.02068  0.05584  0.07646  0.04930 -0.00508 -0.00759 -0.00508  0.05423  0.29751  0.11372  0.17747 -0.11125 -0.04418  0.25257  0.05874 -0.07983  0.12290  0.08509  0.10522  0.15247 -0.18416  0.02387  0.08052  0.11347 -0.06703 -0.04523  0.04349  0.14492 -0.05812  0.01200 -0.27634  0.01435  0.14976 -0.03279  0.02282  0.01570 -0.00342  0.01111 -0.00529  0.00191  0.02331  0.11735  0.02764 -0.13158 -0.04422 -0.03341 -0.10302 -0.06401  0.11331 -0.08458  0.30182  0.09923 -0.06131  0.00737  0.09776  0.13175 -0.00731  0.07135  0.01613 -0.00606 -0.08730 -0.08946  0.15691  0.38738  0.05804 -0.06773 -0.16561 -0.24222  0.06787 -0.14028 -0.03714 -0.00094  0.00463 -0.03693  0.00883 -0.00284  0.00367
  54 19 1 +1 -0.01084  0.02209  0.04914 -0.01320 -0.09984 -0.08694 -0.01419 -0.16449  0.05276 -0.08958 -0.02304  0.03803 -0.10112 -0.00009 -0.04665 -0.11064  0.12373 -0.03223  0.04470  0.11926 -0.10612 -0.14350  0.03125 -0.15036 -0.04408  0.17514  0.20534 -0.06382  0.19333  0.01197 -0.02688 -0.03640  0.01502 -0.08915 -0.10624  0.09271 -0.02848 -0.00976  0.00759 -0.10693  0.05023 -0.13327 -0.01662  0.08780  0.00554  0.14356  0.04071 -0.00619  0.14622 -0.20273  0.04962 -0.26932  0.10408  0.14708  0.04832 -0.09901 -0.12615  0.05688 -0.11831 -0.05058 -0.11812  0.05799  0.11068  0.23000  0.00092  0.05610 -0.01079 -0.14678  0.21497  0.10303 -0.07635 -0.02228 -0.20339  0.09863  0.06419 -0.34573 -0.02812  0.10132  0.06274 -0.00612  0.03489 -0.17787  0.07769 -0.01148  0.00972
  55 19 1 -1 -0.03890  0.00250 -0.06304  0.02771  0.02093  0.00320  0.00227  0.02266  0.01086  0.07070 -0.13894  0.16271 -0.01405 -0.04766  0.06616  0.02368 -0.00194 -0.20714 -0.09070  0.00452  0.30312  0.08975  0.01279 -0.23917  0.09191  0.12853 -0.05181 -0.05553  0.03754  0.00847  0.03191  0.15417 -0.02374 -0.18143 -0.09665  0.03258  0.00641 -0.00631  0.13008  0.00438  0.02687 -0.14309 -0.05127  0.02228  0.01237  0.11617 -0.01686  0.00404 -0.09167  0.11214  0.00803  0.22636 -0.04958  0.05405 -0.08542 -0.00930  0.26717 -0.14227 -0.04761 -0.01238 -0.11511  0.14516  0.08246 -0.03656  0.02056 -0.02515 -0.00213 -0.10772  0.07109  0.24720 -0.18399  0.27098 -0.18711  0.18429  0.17658  0.14916 -0.06645 -0.15570 -0.05978 -0.00298 -0.01920  0.07855 -0.03112  0.00414 -0.00189
  56 20 0  0  0.07785 -0.00431  0.10655 -0.00885 -0.03697  0.04610 -0.02757  0.08077  0.00621  0.13546 -0.19200  0.16769 -0.04886 -0.02363  0.07544 -0.02096 -0.18444 -0.16669 -0.11861  0.07954  0.17519 -0.06802 -0.01722 -0.07295 -0.01329  0.00338 -0.14699 -0.11302  0.11343 -0.01120 -0.03599  0.01592  0.05209 -0.06321 -0.10804 -0.07859  0.01633 -0.01740  0.34349 -0.04089 -0.14527 -0.08481 -0.10572 -0.02017  0.01067  0.05005 -0.00839  0.00154  0.01653  0.06167 -0.00204 -0.16231 -0.01804 -0.04905 -0.02894 -0.03506 -0.06985  0.03653  0.24701 -0.02361  0.04918 -0.06459  0.18323  0.31538  0.05268  0.24360  0.02368  0.14907 -0.09896 -0.10242  0.26751  0.02005  0.18510 -0.15187 -0.13479 -0.07912  0.12099 -0.05192 -0.02355  0.00743  0.00042 -0.01218 -0.00541  0.00161  0.00202
  57 21 0  0  0.05909 -0.00116  0.10394 -0.03275 -0.03651  0.04372 -0.03134  0.07795 -0.01982  0.16884 -0.09572  0.19851 -0.06699 -0.02066  0.07994  0.05159  0.15020 -0.01115  0.09944 -0.05085  0.08681  0.24239  0.03883 -0.13995  0.12880  0.08439 -0.00514  0.09865 -0.13930  0.02235  0.06469  0.16038 -0.05232 -0.12162 -0.00180  0.17609 -0.05835  0.01030 -0.21700 -0.01519  0.18472 -0.14052  0.00090  0.02401 -0.00356  0.02922 -0.00830 -0.00096 -0.03614 -0.15370 -0.08439  0.12002  0.05851  0.00004  0.12126  0.07422 -0.19136  0.13495 -0.20390 -0.16105  0.10950 -0.06690  0.05369  0.13891  0.05995  0.14308  0.00228  0.14204  0.03072  0.03033  0.04197 -0.41672  0.09475 -0.03434  0.08224  0.21217  0.03333  0.07339  0.00711  0.00799 -0.00694  0.03131 -0.01097  0.00432 -0.00142
  58 22 0  0  0.24105 -0.03130 -0.09711  0.39943 -0.07788 -0.04344 -0.07130 -0.07981  0.26433  0.23657  0.38752  0.02475 -0.12340  0.00858  0.11219 -0.02937 -0.10159 -0.07594 -0.02252  0.00557  0.01340  0.02892 -0.06995 -0.04389 -0.05000 -0.00613  0.06790  0.01206 -0.01676 -0.00172  0.02340  0.00864 -0.04802  0.02611 -0.01791  0.03043  0.01034  0.00303 -0.01287 -0.02911 -0.01641  0.00189 -0.01185 -0.03943 -0.00545 -0.06591 -0.02328  0.00130  0.05916  0.04767 -0.09514 -0.04894 -0.04185  0.05097 -0.02150 -0.00812  0.06025 -0.06964  0.01200 -0.27324  0.11353 -0.14182  0.27632 -0.18849  0.04341 -0.06577 -0.01104  0.05741  0.17327 -0.16472 -0.03606 -0.01409 -0.18326  0.02948 -0.13471 -0.01037  0.13340 -0.01171  0.02408 -0.01342  0.00017  0.04358 -0.10193 -0.00242  0.00277
  59 22 1  0  0.04744 -0.00764 -0.01140  0.05987 -0.00931  0.00508  0.00405  0.01505 -0.02614 -0.07407 -0.18550 -0.01208  0.00270 -0.01440 -0.04486 -0.00590 -0.04036  0.18474  0.03625 -0.33684 -0.06779 -0.07904 -0.05217 -0.24151 -0.12278  0.08788 -0.13577 -0.03917  0.04870  0.00924 -0.04313  0.00567 -0.23404  0.04251  0.02794 -0.10208  0.02742 -0.00376  0.02427 -0.14059  0.10914 -0.00804  0.01895 -0.06052 -0.00838 -0.11028 -0.03116  0.00093  0.08343 -0.02364 -0.18788 -0.03266 -0.20096 -0.07801 -0.08140  0.06287  0.01876 -0.03408  0.04931 -0.10516 -0.24078 -0.32209  0.01958 -0.02586 -0.04932 -0.02316  0.00028 -0.08869 -0.03312  0.37235 -0.00898 -0.13788  0.02803  0.00770 -0.28329 -0.06524 -0.11596 -0.02135  0.03038 -0.00741 -0.00577  0.06717 -0.09920 -0.00078  0.00152
  60 22 1 +1 -0.00832  0.01624 -0.01408  0.07056 -0.08716  0.01556 -0.00797  0.04205 -0.20582 -0.03578  0.01783 -0.03640 -0.11733 -0.00912 -0.00813 -0.08508  0.12211 -0.10961 -0.13874 -0.15884 -0.04837 -0.00292  0.02330  0.15950  0.15401  0.09550 -0.19411 -0.05657  0.05307 -0.00619 -0.14986 -0.06308  0.13484 -0.02576 -0.08314  0.09798 -0.01190  0.01028 -0.12781  0.05255 -0.10951  0.03288  0.00372  0.01433  0.00866  0.16318 -0.06052  0.00173  0.13891  0.03783 -0.35540 -0.02405 -0.10088 -0.10399 -0.00819  0.19087  0.00014 -0.05305 -0.04612  0.15787  0.00943  0.17923 -0.09884  0.08055  0.03023 -0.02598 -0.02731 -0.02095 -0.05805 -0.03901  0.24752 -0.08630 -0.34494  0.17116 -0.08059 -0.02105  0.19029  0.04207  0.07341 -0.02108  0.00154  0.10007 -0.21991 -0.00489  0.00433
  61 22 1 -1 -0.00682  0.00092  0.01954  0.03123 -0.00296  0.01540 -0.00275  0.02913  0.00122 -0.00082 -0.03123  0.03863  0.06575 -0.06401 -0.15928 -0.26752 -0.07870 -0.08965  0.03159 -0.08048  0.00635  0.04649  0.39290 -0.00994 -0.10877 -0.12235  0.09065  0.04108 -0.09954 -0.02904  0.00215 -0.00479  0.00192 -0.01745  0.14962  0.15147  0.17591  0.02780  0.08621  0.00349 -0.09526 -0.11914  0.17394 -0.01176  0.00185 -0.01283 -0.01922 -0.00089  0.05275  0.13547 -0.06710  0.07244 -0.08283  0.17896 -0.04084  0.01141 -0.27915  0.18064  0.01296  0.16262  0.06069 -0.03288  0.02804 -0.00433 -0.01837  0.01370  0.00353  0.04106  0.18691  0.06027 -0.11420  0.18182  0.20071  0.32815 -0.17446  0.08243  0.14628  0.10992  0.04502 -0.00714  0.00442  0.01468 -0.05109 -0.00211  0.00242
  62 23 0  0  0.07991 -0.00994 -0.04920  0.09940 -0.02536 -0.02845 -0.02810 -0.05521  0.10186  0.12432  0.21168 -0.02634 -0.09358  0.05589  0.17191  0.17936  0.01536 -0.03684 -0.06024  0.16804  0.01247 -0.01538 -0.26675  0.05401  0.09584  0.06740  0.00336 -0.00349  0.05080  0.02451  0.03257  0.01474  0.06965  0.00428 -0.14654 -0.09518 -0.23837 -0.03007 -0.12484  0.03351  0.01505  0.16011 -0.22570  0.00896 -0.00447  0.04703 -0.00611 -0.00121  0.01144  0.08449 -0.03270  0.06964 -0.10339  0.12007 -0.04481  0.02763 -0.26489  0.18380  0.02835  0.24961 -0.12889 -0.02119 -0.17322  0.09259 -0.05448  0.04648  0.01155 -0.02632  0.02042  0.28241 -0.05057  0.08992  0.29912  0.21614 -0.11337  0.03922 -0.03371  0.05723  0.01527  0.00312 -0.00067  0.00857  0.00447  0.00116 -0.00114
  63 24 0  0  0.06286 -0.00897 -0.02360  0.11098 -0.01798 -0.01396 -0.02661 -0.02876  0.11893  0.11819  0.22994  0.03385 -0.02132 -0.01325  0.01048 -0.11649 -0.07756 -0.16738 -0.00584  0.16908  0.05444  0.08431  0.20045  0.10860 -0.01398 -0.12503  0.19057  0.06004 -0.10769 -0.02585  0.05919  0.00263  0.13748 -0.01254  0.06067  0.21642  0.12005  0.02655  0.04251  0.10909 -0.19972 -0.09782  0.13343  0.01485  0.00642  0.04331  0.01955  0.00045 -0.02810 -0.18059 -0.03093 -0.04328 -0.07611 -0.21493 -0.01488  0.04807  0.13483 -0.08108  0.01365  0.03420 -0.27321 -0.08019 -0.19500  0.10870 -0.04989  0.01867  0.00489 -0.11631 -0.23155  0.30868  0.08151 -0.16251  0.03161 -0.17204  0.00832 -0.06187 -0.19091 -0.04719 -0.01744  0.00755 -0.00492  0.00722  0.02148  0.00245 -0.00165
  64 25 0  0  0.49034 -0.15047  0.02848 -0.05588  0.38918  0.01556  0.09249  0.01942 -0.03715 -0.39453 -0.04707 -0.07878 -0.29894  0.01817  0.12305 -0.08097  0.04443 -0.11631  0.03206  0.05298  0.00393  0.11472  0.02123 -0.03055  0.01637 -0.02200  0.02621  0.01244 -0.02042 -0.00349  0.00517  0.01522  0.00444  0.00260  0.00602 -0.01047  0.03787  0.00283 -0.01093  0.03577  0.03216 -0.00714  0.01487  0.04383  0.00792  0.10358 -0.00381 -0.00027 -0.08347  0.34226  0.17299 -0.10558 -0.02605  0.09067  0.09992  0.03485  0.01032 -0.05313  0.01087 -0.03745  0.02365 -0.14171 -0.08734  0.03793 -0.02370 -0.01294 -0.00514 -0.01789 -0.03815  0.01618  0.01851 -0.11062 -0.06628  0.05316  0.00315 -0.00453 -0.00099  0.01083  0.00681 -0.00331  0.00121 -0.00508  0.00317  0.00064  0.00004
  65 25 1  0 -0.00643  0.00336  0.05694 -0.07407 -0.00326  0.06086  0.00481  0.11387 -0.19130  0.01689  0.25142 -0.08024  0.03575 -0.00874 -0.05455 -0.11792 -0.12785 -0.07057  0.06988  0.28891 -0.05080 -0.10226  0.12337 -0.07470  0.12184  0.11186 -0.20504  0.02155  0.08205  0.07072  0.14909  0.07329 -0.37926  0.00940 -0.05107 -0.00793  0.04319  0.00079 -0.07658 -0.02684  0.08920 -0.00928 -0.03082 -0.00873 -0.00266 -0.02116 -0.00634  0.00082  0.00775  0.04793 -0.02949 -0.08420 -0.16416 -0.14052 -0.13620 -0.03536  0.09020 -0.02908  0.06598 -0.07915  0.02183  0.05570  0.02575 -0.06880  0.02153 -0.01062  0.00201 -0.03241 -0.11457  0.11957  0.04032  0.00946  0.02910  0.02772  0.12255  0.10866  0.22722  0.35854  0.07186  0.00467  0.03848 -0.21639  0.18472 -0.00428  0.00373
  66 25 1 +1 -0.00514  0.01808 -0.00368  0.00678 -0.09576  0.00161 -0.01742  0.00627 -0.00704  0.00063 -0.00368 -0.02405 -0.10757  0.02180  0.11163  0.02005 -0.31632  0.18915  0.14556 -0.07132 -0.02563  0.02141  0.02272 -0.00706  0.02666 -0.01813  0.01726  0.02355 -0.04997 -0.00491 -0.02860 -0.04809  0.01143 -0.00192 -0.00064 -0.19709  0.12591  0.00203 -0.02506  0.16624  0.14608 -0.02281  0.09012  0.29147  0.05492  0.70127 -0.00397  0.00007 -0.02680 -0.08752 -0.05518  0.01771 -0.02397 -0.00990  0.01820  0.01897  0.03424 -0.02121  0.00032 -0.02926  0.00176  0.09780  0.02417 -0.08124  0.02903 -0.01648 -0.00152  0.01952  0.02938 -0.00441 -0.10019  0.04587  0.12035 -0.12250 -0.14633  0.01132  0.03215  0.02996 -0.01290  0.01369  0.00079 -0.00645  0.00680  0.00857  0.00007
  67 25 1 -1  0.00245 -0.00072  0.08329  0.05217  0.00088  0.09901 -0.00227  0.16210  0.13872  0.01098 -0.12421 -0.24567  0.07116  0.02062 -0.05595 -0.08135 -0.11752 -0.09680 -0.13728 -0.01111 -0.24926  0.00577 -0.23076  0.07240  0.09252  0.10965  0.12048  0.18064 -0.07853  0.07622 -0.00245  0.02824 -0.04056 -0.38439  0.06173  0.01363  0.01343 -0.00148  0.00435 -0.01179 -0.02319 -0.10631  0.03050  0.00086  0.00134  0.00056  0.00361  0.00124  0.00478 -0.00438  0.00483  0.06624 -0.04158  0.23105 -0.08972 -0.10210  0.04213 -0.01989  0.08245 -0.06476 -0.00734  0.03702  0.01702  0.05514  0.02287  0.05495  0.00833  0.01024 -0.17285 -0.09918 -0.01932  0.05245 -0.00900 -0.04747  0.00864  0.00981 -0.27604  0.33068  0.14607 -0.01129  0.00948  0.10832 -0.26481  0.00198  0.00689
  68 26 0  0  0.30377 -0.07988 -0.15432 -0.16296  0.16932 -0.18856  0.00945 -0.31154 -0.32634  0.06742  0.07620  0.33553  0.11463 -0.03601 -0.07109  0.00021 -0.06998 -0.00219 -0.06918 -0.05132 -0.00276 -0.07875 -0.01192  0.05004 -0.00140  0.01959  0.02264  0.01958 -0.05868 -0.01200  0.02315 -0.03624 -0.01187  0.06083 -0.00059 -0.06222  0.01546 -0.00096 -0.05668  0.03352 -0.00419 -0.03847 -0.03501 -0.01313 -0.00533 -0.02402  0.00397 -0.00055  0.02764 -0.11114 -0.05169  0.04849  0.01696  0.05105 -0.06138 -0.03616 -0.04568  0.07426 -0.07791  0.02304 -0.27684  0.14886  0.28365 -0.08852  0.06056  0.03266  0.01268  0.04050 -0.27756 -0.17120 -0.05809  0.02240  0.05809  0.05836 -0.01485 -0.01170 -0.14447  0.10794  0.04940 -0.00384  0.00139  0.04845 -0.09137  0.00128  0.00090
  69 26 1  0 -0.01139  0.00285  0.02724 -0.01181 -0.00121  0.03072  0.00741  0.05487 -0.05131 -0.03160  0.13224  0.05423  0.05873 -0.04466 -0.11257 -0.16834 -0.10508 -0.00674  0.13991  0.11639  0.02472 -0.01136 -0.19843 -0.20305  0.09168  0.20415 -0.11148 -0.02353 -0.04408 -0.03518 -0.07975  0.01916  0.19866  0.03101  0.37108 -0.01052 -0.14388 -0.00208  0.00934 -0.02595 -0.04328  0.04028  0.09906  0.00189  0.00199  0.00628 -0.00183  0.00098  0.00184  0.08279  0.06740 -0.08322 -0.29031 -0.17269 -0.14453 -0.09610  0.05656  0.02646 -0.25097 -0.09697  0.16480  0.12727 -0.05752  0.07681  0.00521  0.00624 -0.00444 -0.00756  0.00982 -0.10155 -0.10027 -0.11262  0.20164  0.15228  0.02899 -0.23873 -0.07370 -0.19427 -0.04329 -0.00132 -0.01225  0.08645 -0.11750  0.00234  0.00209
  70 26 1 +1  0.02709  0.00181 -0.04747 -0.03716 -0.03847 -0.00670 -0.01335 -0.00046 -0.00620  0.01465 -0.03700 -0.12916 -0.09948  0.01041  0.08619 -0.02396 -0.15896  0.13436  0.20813 -0.04011  0.16939  0.11528  0.13094  0.07269  0.21369  0.10282  0.14530 -0.17418  0.18129 -0.03980 -0.06123 -0.10604  0.01837 -0.01586  0.06383 -0.16273  0.06224 -0.00705 -0.13219  0.10684 -0.06713 -0.17318 -0.11208 -0.06534 -0.01760 -0.09953  0.00851 -0.00041  0.03850 -0.10950  0.04936  0.08743 -0.09511  0.00331 -0.03462 -0.08628  0.02479 -0.01147 -0.00833  0.23289  0.08628 -0.22099  0.24385 -0.08656 -0.10171 -0.12675 -0.00457 -0.01720  0.10131  0.01393  0.36206 -0.00663  0.06883  0.09683  0.28596 -0.06281 -0.14989  0.06039  0.03179 -0.00067 -0.00178  0.05127 -0.06922  0.00094 -0.00161
  71 26 1 -1  0.05334 -0.02291  0.03323  0.01327  0.07875  0.03108  0.03401  0.04991  0.02805 -0.18512  0.05716  0.03419 -0.18329 -0.00428  0.08573  0.01413  0.14962 -0.00583  0.09994  0.07945  0.19106 -0.00274  0.18053 -0.08637 -0.07531 -0.06921 -0.13555 -0.10546  0.02650 -0.04703  0.02936  0.01533  0.02908  0.30154 -0.02410  0.03838 -0.08648  0.00001  0.01422 -0.04659  0.00775  0.14894  0.03377 -0.01103 -0.00164 -0.04489 -0.00095  0.00117  0.05659 -0.31018 -0.19932  0.15048 -0.04655  0.17945 -0.17387 -0.11977  0.05605  0.00079  0.05747 -0.11865  0.15775  0.13285 -0.12203  0.10146  0.01620  0.06374  0.00620 -0.00449  0.09301 -0.01114 -0.02576  0.20288  0.05775 -0.24171 -0.00490 -0.01233 -0.19152  0.23373  0.09359  0.00101  0.00504  0.10420 -0.24186  0.00620  0.00618
  72 27 0  0  0.08642 -0.02404 -0.04575 -0.04096  0.05552 -0.07730  0.00045 -0.13410 -0.10073  0.06253  0.00058  0.18633  0.12950 -0.00596 -0.06250  0.07402  0.06084 -0.06622 -0.23112 -0.05273 -0.16713 -0.11188 -0.05935  0.08884 -0.15908 -0.13335 -0.02340  0.17000 -0.13810  0.05533  0.08614  0.04824 -0.13351 -0.06497 -0.21717  0.08520  0.05967  0.00642  0.06640 -0.03178  0.08751  0.06789  0.02463  0.09253  0.02018  0.17906  0.00921  0.00182  0.04063 -0.05740  0.08107  0.04706 -0.25171 -0.06078 -0.08933 -0.12317  0.09531 -0.05606 -0.03716  0.08633  0.37276 -0.16323 -0.06955  0.05200 -0.10219 -0.09301 -0.01242 -0.03933  0.27142  0.08436  0.23880 -0.02196  0.08722  0.02218  0.18623 -0.11149 -0.07624 -0.04074 -0.00419  0.00097 -0.00462  0.04610 -0.06372  0.00143  0.00020
  73 28 0  0  0.09268 -0.02422 -0.03914 -0.06082  0.05013 -0.05466  0.00165 -0.08884 -0.15177  0.04605  0.11823  0.17109  0.13767 -0.04305 -0.12909 -0.10282 -0.11421  0.00345  0.04630  0.04318 -0.03509 -0.05917 -0.20858 -0.14630  0.05914  0.18089 -0.06369  0.02551 -0.08583 -0.02360 -0.07872 -0.00054  0.20333 -0.03305  0.33432 -0.05117 -0.12688 -0.00423 -0.00151 -0.00303 -0.05911 -0.01647  0.09697  0.00407  0.00122  0.02331 -0.00427 -0.00072 -0.02232 -0.06445 -0.07290  0.06575  0.25592  0.16567  0.14307  0.08394  0.00160 -0.08258  0.30144  0.06612  0.08556 -0.19216 -0.13631  0.01013 -0.04829 -0.02385 -0.00406 -0.01902  0.22100  0.19303  0.13546  0.09205 -0.16134 -0.18296  0.02417  0.16101  0.07717  0.10751  0.01770  0.00299  0.00716 -0.05269  0.06844 -0.00040 -0.00069
  74 29 0  0  0.30144 -0.07549  0.22069 -0.09833  0.15783  0.21285  0.00477  0.37624 -0.16387  0.14657  0.22843 -0.23379  0.17565  0.01254 -0.04409  0.09115  0.01545  0.05341 -0.04241 -0.05153  0.00449 -0.06090 -0.00302  0.03506 -0.05592 -0.04359  0.04940 -0.00654  0.03582  0.00970 -0.00222 -0.03798 -0.06485 -0.02452  0.00068 -0.05231  0.06933  0.00337 -0.01284  0.03277 -0.00642  0.05152  0.02691 -0.00674 -0.00120 -0.02940  0.00372  0.00025  0.02524 -0.12828 -0.04686  0.05563  0.05963 -0.03812  0.01490  0.01888  0.05263 -0.03404  0.01494  0.15491 -0.17758  0.16965  0.19074  0.18452  0.03530  0.08692 -0.00175  0.04199  0.36741  0.03941 -0.11078 -0.06348 -0.02758 -0.02249 -0.00289 -0.03056 -0.03978 -0.19175 -0.05769  0.00087 -0.01400  0.04048 -0.00512  0.00113 -0.00096
  75 29 1  0 -0.05023  0.02016  0.00653 -0.01103 -0.06374  0.00063 -0.02291  0.00661 -0.04302  0.12997  0.11577  0.06917  0.10662 -0.00825 -0.02484  0.13002  0.13241  0.21768  0.14728 -0.14580  0.07464  0.03688  0.07944 -0.11623 -0.14784 -0.09654  0.01656 -0.03925 -0.02441 -0.04174 -0.15370 -0.05167  0.31866 -0.03292 -0.16511 -0.01153 -0.01251 -0.00273  0.04554  0.04809 -0.05086  0.05209 -0.00067  0.01180  0.00219  0.03400 -0.00127  0.00002 -0.03970  0.31344  0.14382 -0.23974 -0.19551 -0.05861 -0.08942 -0.06034  0.00215 -0.01559  0.25052 -0.00750 -0.01450  0.06040  0.04634  0.02755  0.04497  0.05750  0.00263  0.03320  0.04855  0.05111 -0.13970 -0.20073 -0.11842  0.01712  0.18053  0.16398 -0.15201  0.32078  0.11274 -0.01113  0.01558 -0.01200 -0.06010 -0.00285  0.00345
  76 29 1 +1  0.02519  0.00372  0.05679 -0.01834 -0.04392  0.00580 -0.01536  0.00251 -0.00393  0.01515 -0.05574  0.07057 -0.13131  0.02269  0.08594 -0.03483 -0.17888  0.11723  0.16500  0.07975 -0.20779  0.09254  0.00354  0.13879  0.01014 -0.17873 -0.26895  0.15809 -0.17075  0.03942 -0.05680 -0.06683  0.01725 -0.05409 -0.01735 -0.13931  0.09029  0.00862 -0.06547  0.11381 -0.07004  0.20725  0.06758 -0.04958 -0.00742 -0.12717  0.00825  0.00006  0.02940 -0.10723 -0.00003 -0.10981  0.05573 -0.01419  0.02019 -0.04915 -0.13765  0.09635 -0.00266 -0.21443  0.09277 -0.02657  0.14948  0.17328  0.06327  0.16911  0.00962 -0.06644 -0.10226  0.25652 -0.02702  0.23776 -0.22688  0.20741  0.21536  0.04337 -0.06577 -0.17952 -0.05229  0.00205 -0.01162  0.03629 -0.02484  0.00085  0.00204
  77 29 1 -1 -0.02512  0.01273  0.03642  0.01346 -0.04872  0.03316 -0.02702  0.05736  0.04981  0.15018 -0.15504  0.06283  0.04866 -0.00172  0.03817  0.08718 -0.03624 -0.02819 -0.16312 -0.17608  0.11327  0.02929 -0.08489  0.22836  0.01417 -0.08539  0.08707 -0.04661 -0.07051 -0.06408  0.04912 -0.04949 -0.00265  0.32058  0.26975 -0.05362 -0.02518  0.00941 -0.09780  0.05633  0.01015  0.14385  0.09166  0.01768  0.00189  0.02042  0.00232  0.00105 -0.03259  0.17333  0.07307  0.07643 -0.03084  0.27533 -0.07210 -0.07372  0.20900 -0.11284 -0.20516 -0.15564 -0.12126 -0.00055  0.07716  0.24634 -0.00045  0.06262 -0.00351 -0.09097  0.00050  0.12476  0.11094 -0.05447 -0.00126  0.07107  0.04769 -0.13427  0.20186  0.22602  0.06030 -0.00294  0.03437 -0.17409  0.10394 -0.00613  0.00558
  78 30 0  0  0.08499 -0.02272  0.06242 -0.02333  0.05270  0.08187 -0.00026  0.14854 -0.03821  0.09425  0.06809 -0.11273  0.17188 -0.00832 -0.05871  0.09428  0.08993 -0.05043 -0.18923 -0.14847  0.18744 -0.08478 -0.03267  0.03128 -0.01409  0.07239  0.24954 -0.14434  0.11211 -0.05620  0.07072  0.00595 -0.05362  0.20952  0.14818  0.05109 -0.05015 -0.00034 -0.01184 -0.04020  0.08262 -0.08155  0.00839  0.08947  0.01387  0.20302  0.00567 -0.00160  0.03674 -0.07581  0.00276 -0.20544  0.01334 -0.11084  0.03997 -0.02179 -0.25735  0.15981  0.07964 -0.19073  0.24746 -0.12264 -0.05971 -0.10905  0.02255  0.03361  0.00919 -0.04123 -0.31616  0.10245  0.00835  0.21501 -0.13988  0.11778  0.12419  0.08598 -0.09216 -0.07654 -0.01889  0.00135 -0.00996  0.05220 -0.04293  0.00160  0.00002
  79 31 0  0  0.09238 -0.02256  0.06482 -0.04313  0.04393  0.06488 -0.00091  0.11898 -0.09835  0.07410  0.21301 -0.07260  0.13126 -0.00345 -0.06236  0.07083  0.08854  0.16740  0.14424 -0.03923 -0.00267 -0.02653  0.07308 -0.18854 -0.12740 -0.02289 -0.00911 -0.00535  0.03050  0.00638 -0.15201 -0.03174  0.24109 -0.23079 -0.26202 -0.01692  0.02848 -0.00782  0.11374  0.02383 -0.07469 -0.01892 -0.04201 -0.00703  0.00126  0.00369 -0.00292  0.00078 -0.02736 -0.02813 -0.02632  0.21314  0.07434  0.23600  0.01888 -0.00727  0.07335 -0.02206 -0.31942 -0.19869  0.06131 -0.14992 -0.10783 -0.02211 -0.04738 -0.05942 -0.00165 -0.09449 -0.29213  0.00892  0.19255  0.14215  0.08362  0.05780 -0.07537 -0.12847  0.18285  0.01037 -0.00933  0.00441  0.01107 -0.07381  0.06511 -0.00062  0.00084
  80 32 0  0  0.31478 -0.08995 -0.02226  0.18330  0.19244 -0.02435  0.00415 -0.07123  0.49335  0.00651 -0.22169  0.02244  0.22388 -0.01790 -0.14189  0.01649  0.04494  0.14196  0.10352 -0.02687 -0.02322 -0.00072 -0.00782 -0.02852  0.02309  0.03269 -0.04857 -0.00705 -0.00091 -0.00346 -0.05057 -0.01569  0.03095 -0.02420  0.01640 -0.05759  0.00946 -0.00264  0.03091 -0.03245  0.05921 -0.01721  0.02726 -0.00192 -0.00062 -0.03902  0.00083  0.00028  0.02196 -0.08505 -0.05242 -0.01102 -0.03129 -0.11459 -0.05993 -0.01874 -0.02243  0.05504 -0.02885  0.18785  0.14713  0.41717  0.03206 -0.06853  0.05941 -0.03189 -0.01061 -0.05110 -0.10455  0.18540  0.14300 -0.02126 -0.02057 -0.06860  0.02991  0.03169  0.16914  0.05314 -0.00750  0.00455  0.01073 -0.08199  0.09149 -0.00061  0.00007
  81 32 1  0  0.04549 -0.01865  0.02764 -0.04761  0.06709  0.02916  0.03101  0.05249 -0.07702 -0.15211 -0.16423 -0.08387 -0.10966  0.00620  0.02313 -0.06109  0.03907 -0.12476 -0.14839 -0.15699 -0.06287  0.06511 -0.08133  0.08566  0.06995  0.07787  0.13222  0.06270 -0.11787 -0.02381 -0.08396 -0.02510  0.33252 -0.05920 -0.10211  0.07251 -0.13588 -0.00724 -0.03371  0.03684 -0.14447  0.03997 -0.04532 -0.02985 -0.00467 -0.02052  0.00240  0.00031  0.05554 -0.22532 -0.14484 -0.01828 -0.21819 -0.13663 -0.22556 -0.08394 -0.01602  0.07040  0.07600 -0.21181 -0.09874 -0.08857  0.14329 -0.22995  0.01014 -0.02897  0.01435  0.03886  0.13869  0.03754 -0.12674  0.09190  0.15720 -0.10087  0.11047  0.07290  0.19755  0.00613 -0.06441  0.02018  0.01440 -0.18179  0.25637  0.00134 -0.00047
  82 32 1 +1  0.03140 -0.00176 -0.01116  0.06125 -0.03014 -0.00159 -0.01123  0.00012  0.00655  0.00696  0.06854 -0.02093 -0.15314  0.01297  0.12025 -0.02925 -0.23414  0.02608  0.01445 -0.18892 -0.02506  0.02738 -0.07659 -0.24721 -0.19070  0.01480  0.24341  0.09111 -0.16620 -0.02390  0.04702  0.02693 -0.03977  0.07823 -0.02297 -0.16414  0.02554 -0.01220  0.15300 -0.12983  0.18746 -0.03811  0.05323 -0.01179 -0.00334 -0.12713 -0.00657  0.00024  0.03264 -0.04417 -0.16074  0.02052 -0.07484 -0.05657 -0.07588  0.08293 -0.05215  0.03919 -0.01004  0.13398 -0.17857  0.06386 -0.32230  0.17747 -0.03235  0.06158  0.00575  0.04928 -0.03728 -0.28133  0.10281  0.08334 -0.09025  0.08502  0.36954  0.05237  0.10352  0.00230 -0.02148  0.00778  0.00478 -0.05031  0.06871  0.00010 -0.00067
  83 32 1 -1 -0.02680  0.01051  0.02645  0.01498 -0.03302  0.03536 -0.01037  0.06073  0.02522  0.05446 -0.03145 -0.03241  0.13990 -0.03316 -0.13751 -0.16607 -0.18798 -0.05155  0.00080  0.02352 -0.03458 -0.08991  0.22386 -0.02658  0.17011  0.21613 -0.01503  0.06788 -0.14773 -0.01515  0.08199  0.00764  0.05496  0.24334 -0.29626 -0.02242 -0.06989 -0.00815 -0.09061  0.01546  0.06222  0.07932 -0.04183  0.01368 -0.00013  0.01088 -0.00246 -0.00006 -0.01804  0.19506  0.01828  0.02897 -0.10837  0.38816 -0.10752 -0.07721 -0.17710  0.11793  0.04928 -0.02958 -0.08719  0.02962 -0.03612 -0.11084  0.00818 -0.03158  0.00040 -0.00089 -0.01459  0.02177  0.09124 -0.16630 -0.16768 -0.26041  0.07456 -0.07143 -0.07566 -0.29117 -0.08836  0.00098 -0.01765  0.04633 -0.00039  0.00045 -0.00045
  84 33 0  0  0.08915 -0.02673 -0.01345  0.04857  0.06235 -0.02402 -0.00080 -0.05379  0.18497  0.03359 -0.07099  0.05830  0.18115 -0.00759 -0.09967  0.09351  0.18278  0.11017  0.08299  0.15410  0.02461 -0.02345  0.00461  0.12820  0.04930 -0.10277 -0.24332 -0.10383  0.20984  0.03623 -0.04982 -0.01688 -0.12834 -0.14985  0.17526  0.06804  0.07916  0.01469 -0.05614  0.07772 -0.07565 -0.02966  0.02203  0.05034  0.01161  0.18621 -0.01633  0.00027  0.03777  0.02400 -0.17191  0.02734 -0.17983  0.12506 -0.14925  0.02711 -0.08579  0.05357  0.05688 -0.13432 -0.30801 -0.25788 -0.19910  0.03993 -0.05104  0.04249  0.01623  0.08356  0.08363 -0.28870 -0.04770  0.04147 -0.03951 -0.00370  0.25601  0.01621  0.01350 -0.09881 -0.04813  0.00705 -0.00313 -0.02210  0.05470  0.00085 -0.00035
  85 34 0  0  0.09977 -0.02793  0.01375  0.05803  0.05637  0.01680 -0.00376  0.01891  0.18604  0.04027 -0.14092 -0.00930  0.19917 -0.03097 -0.15809 -0.09848 -0.09315  0.00012  0.00809  0.00681 -0.01617 -0.07830  0.17354  0.01832  0.18900  0.20200 -0.05655  0.03238 -0.11037 -0.02120  0.02996 -0.01174  0.12998  0.21754 -0.28816 -0.03584 -0.10026 -0.01158 -0.08410  0.02464  0.04351  0.09333 -0.06382  0.01734  0.00106  0.02851  0.00613 -0.00028 -0.02039 -0.08803  0.04460 -0.02357  0.15603 -0.27501  0.17639  0.11188  0.18054 -0.15783 -0.02980 -0.04568 -0.04843 -0.27182 -0.07400  0.18212 -0.05394  0.04951  0.00476  0.03253  0.06829 -0.19066 -0.14961  0.13086  0.09134  0.25335 -0.01760  0.03378 -0.06443  0.15741  0.06311 -0.00429  0.00415  0.02666 -0.06167  0.00023  0.00015
 time: Energy                           :     3.5  87.9%     4.0


eng>$Energy
eng> E=-1.035281965263e+03
eng> D=-1.16739968e+00 -5.71726726e-02 -2.21224697e-01
eng>$end


 ============================================================

 Memory used =    14988 KB
  Disk  used =     4706 KB,          4707 KB written,         4562 KB read

 CPU  time =    3.70 sec =  0.06 min = 0.00 hr =   92.45%
 REAL time =    4.00 sec =  0.07 min = 0.00 hr
 ratio     =   92.45%

 date: Mon Feb  5 00:43:09 2018

 time: Energy                           :     3.5  87.9%     4.0
